<?xml version="1.0" encoding="utf-8"?>
<TestRun id="9f26efb0-dc1c-4a13-a6e8-b7424a413739" name="shasnayak@DESKTOP-V5VHPHF 2021-05-06 14:00:27" runUser="NORTHAMERICA\shasnayak" xmlns="http://microsoft.com/schemas/VisualStudio/TeamTest/2010">
  <Times creation="2021-05-06T14:00:27.2596473-04:00" queuing="2021-05-06T14:00:27.2596473-04:00" start="2021-05-06T14:00:23.8711656-04:00" finish="2021-05-06T14:00:27.4975661-04:00" />
  <TestSettings name="default" id="8bd9c221-24ff-4b6f-acab-759d885b821e">
    <Deployment runDeploymentRoot="shasnayak_DESKTOP-V5VHPHF_2021-05-06_14_00_27" />
  </TestSettings>
  <Results>
    <UnitTestResult executionId="5c987988-b5ef-4aa0-b592-74393b857ab3" testId="78762670-2c94-67a9-0c6e-4ed292b4fdb4" testName="RadioButtonGroupTest" computerName="DESKTOP-V5VHPHF" duration="00:00:00.0166760" startTime="2021-05-06T14:00:27.3155766-04:00" endTime="2021-05-06T14:00:27.3323380-04:00" testType="13cdc9d9-ddb5-4fa4-a97d-d965ccfc6d4b" outcome="Passed" testListId="8c84fa94-04c1-424b-9868-57a2d4851a1d" relativeResultsDirectory="5c987988-b5ef-4aa0-b592-74393b857ab3" />
    <UnitTestResult executionId="ac23e994-0536-482f-b2a2-0445920d8827" testId="0c459719-3116-f70f-a29e-c199a8cb984a" testName="TestMethod1" computerName="DESKTOP-V5VHPHF" duration="00:00:00.0004169" startTime="2021-05-06T14:00:27.3323642-04:00" endTime="2021-05-06T14:00:27.3329021-04:00" testType="13cdc9d9-ddb5-4fa4-a97d-d965ccfc6d4b" outcome="Passed" testListId="8c84fa94-04c1-424b-9868-57a2d4851a1d" relativeResultsDirectory="ac23e994-0536-482f-b2a2-0445920d8827" />
    <UnitTestResult executionId="9d0a8e5d-a828-4e9c-891d-5cf2d41ba524" testId="1b8f4d38-47a2-7e17-b223-507aaa9dfb49" testName="CycleTest6" computerName="DESKTOP-V5VHPHF" duration="00:00:00.0023944" startTime="2021-05-06T14:00:27.2647057-04:00" endTime="2021-05-06T14:00:27.2671576-04:00" testType="13cdc9d9-ddb5-4fa4-a97d-d965ccfc6d4b" outcome="Passed" testListId="8c84fa94-04c1-424b-9868-57a2d4851a1d" relativeResultsDirectory="9d0a8e5d-a828-4e9c-891d-5cf2d41ba524" />
    <UnitTestResult executionId="0cec19e0-5c0d-4cd6-a80a-0e0b5c9a14f8" testId="6481eed6-f411-648a-8a3e-535b7b9dc59c" testName="CycleTest5" computerName="DESKTOP-V5VHPHF" duration="00:00:00.0028818" startTime="2021-05-06T14:00:27.2617306-04:00" endTime="2021-05-06T14:00:27.2646868-04:00" testType="13cdc9d9-ddb5-4fa4-a97d-d965ccfc6d4b" outcome="Passed" testListId="8c84fa94-04c1-424b-9868-57a2d4851a1d" relativeResultsDirectory="0cec19e0-5c0d-4cd6-a80a-0e0b5c9a14f8" />
    <UnitTestResult executionId="446f894e-5aed-4ce5-ae7c-31fe417f48a0" testId="d98a00ba-ffde-22a2-cdd2-3f1ef3a8357e" testName="BasicTest4" computerName="DESKTOP-V5VHPHF" duration="00:00:00.0023734" startTime="2021-05-06T14:00:26.9837301-04:00" endTime="2021-05-06T14:00:26.9861726-04:00" testType="13cdc9d9-ddb5-4fa4-a97d-d965ccfc6d4b" outcome="Passed" testListId="8c84fa94-04c1-424b-9868-57a2d4851a1d" relativeResultsDirectory="446f894e-5aed-4ce5-ae7c-31fe417f48a0" />
    <UnitTestResult executionId="6fcd9991-3f9d-4115-97ef-3c5f731b99dc" testId="b6df29a7-aa56-5492-ea6b-effbc0f5aba9" testName="CycleTest2b" computerName="DESKTOP-V5VHPHF" duration="00:00:00.0028279" startTime="2021-05-06T14:00:27.2398728-04:00" endTime="2021-05-06T14:00:27.2427709-04:00" testType="13cdc9d9-ddb5-4fa4-a97d-d965ccfc6d4b" outcome="Passed" testListId="8c84fa94-04c1-424b-9868-57a2d4851a1d" relativeResultsDirectory="6fcd9991-3f9d-4115-97ef-3c5f731b99dc" />
    <UnitTestResult executionId="d13dae4f-c430-424b-bef1-3519d1fc1131" testId="63828883-6f0f-e7bd-8e69-8c1fbccbf9da" testName="CycleTest1" computerName="DESKTOP-V5VHPHF" duration="00:00:00.0227010" startTime="2021-05-06T14:00:27.0437623-04:00" endTime="2021-05-06T14:00:27.0665689-04:00" testType="13cdc9d9-ddb5-4fa4-a97d-d965ccfc6d4b" outcome="Passed" testListId="8c84fa94-04c1-424b-9868-57a2d4851a1d" relativeResultsDirectory="d13dae4f-c430-424b-bef1-3519d1fc1131" />
    <UnitTestResult executionId="eae46b84-f77b-4f07-b470-820e8d7c3d29" testId="70002cf1-a892-48b6-48d2-599a1180c0c2" testName="BasicTest6" computerName="DESKTOP-V5VHPHF" duration="00:00:00.0075040" startTime="2021-05-06T14:00:26.9937395-04:00" endTime="2021-05-06T14:00:27.0014418-04:00" testType="13cdc9d9-ddb5-4fa4-a97d-d965ccfc6d4b" outcome="Passed" testListId="8c84fa94-04c1-424b-9868-57a2d4851a1d" relativeResultsDirectory="eae46b84-f77b-4f07-b470-820e8d7c3d29" />
    <UnitTestResult executionId="90529fcb-7dc7-4e85-963a-2e9ae007afe4" testId="01060f11-0640-099a-b784-4d324e2c79c1" testName="CycleTest2" computerName="DESKTOP-V5VHPHF" duration="00:00:00.0046727" startTime="2021-05-06T14:00:27.2351083-04:00" endTime="2021-05-06T14:00:27.2398531-04:00" testType="13cdc9d9-ddb5-4fa4-a97d-d965ccfc6d4b" outcome="Passed" testListId="8c84fa94-04c1-424b-9868-57a2d4851a1d" relativeResultsDirectory="90529fcb-7dc7-4e85-963a-2e9ae007afe4" />
    <UnitTestResult executionId="e349fc43-b522-47c0-b2c8-84366dafc5b1" testId="280b85a9-43dd-29fc-cb5b-689ce33d5624" testName="CycleTest2c" computerName="DESKTOP-V5VHPHF" duration="00:00:00.0051467" startTime="2021-05-06T14:00:27.2427981-04:00" endTime="2021-05-06T14:00:27.2480236-04:00" testType="13cdc9d9-ddb5-4fa4-a97d-d965ccfc6d4b" outcome="Passed" testListId="8c84fa94-04c1-424b-9868-57a2d4851a1d" relativeResultsDirectory="e349fc43-b522-47c0-b2c8-84366dafc5b1" />
    <UnitTestResult executionId="6489b1ae-120a-47a8-9149-c54ad048719f" testId="e2bbd5a0-6cef-3e95-382d-c77ef14a4d76" testName="CycleTest1c" computerName="DESKTOP-V5VHPHF" duration="00:00:00.0086300" startTime="2021-05-06T14:00:27.2263567-04:00" endTime="2021-05-06T14:00:27.2350826-04:00" testType="13cdc9d9-ddb5-4fa4-a97d-d965ccfc6d4b" outcome="Passed" testListId="8c84fa94-04c1-424b-9868-57a2d4851a1d" relativeResultsDirectory="6489b1ae-120a-47a8-9149-c54ad048719f" />
    <UnitTestResult executionId="740a905e-291c-4203-b6ee-6aa853984d48" testId="293e0511-720c-a40a-a3cd-6dd0e79b0196" testName="LeakTest1" computerName="DESKTOP-V5VHPHF" duration="00:00:00.0059029" startTime="2021-05-06T14:00:27.2964492-04:00" endTime="2021-05-06T14:00:27.3024168-04:00" testType="13cdc9d9-ddb5-4fa4-a97d-d965ccfc6d4b" outcome="Passed" testListId="8c84fa94-04c1-424b-9868-57a2d4851a1d" relativeResultsDirectory="740a905e-291c-4203-b6ee-6aa853984d48" />
    <UnitTestResult executionId="cd33e2fe-34bd-488a-90eb-9443598bd134" testId="beea72fa-8aa4-7f67-0a88-f428ce23b125" testName="BasicTest3" computerName="DESKTOP-V5VHPHF" duration="00:00:00.0070045" startTime="2021-05-06T14:00:26.9765848-04:00" endTime="2021-05-06T14:00:26.9837056-04:00" testType="13cdc9d9-ddb5-4fa4-a97d-d965ccfc6d4b" outcome="Passed" testListId="8c84fa94-04c1-424b-9868-57a2d4851a1d" relativeResultsDirectory="cd33e2fe-34bd-488a-90eb-9443598bd134" />
    <UnitTestResult executionId="47dc2c5e-d4e5-425c-9b15-f4fde4dfd8da" testId="cb135378-477d-17b4-3f2c-0d1d1f7f0020" testName="BasicTest2" computerName="DESKTOP-V5VHPHF" duration="00:00:00.0026595" startTime="2021-05-06T14:00:26.9737566-04:00" endTime="2021-05-06T14:00:26.9765278-04:00" testType="13cdc9d9-ddb5-4fa4-a97d-d965ccfc6d4b" outcome="Passed" testListId="8c84fa94-04c1-424b-9868-57a2d4851a1d" relativeResultsDirectory="47dc2c5e-d4e5-425c-9b15-f4fde4dfd8da" />
    <UnitTestResult executionId="a16f6acb-e498-4ed9-9f67-52d6e50b0cf5" testId="3144b7c2-df4f-5e4c-123b-1280ac265a53" testName="CycleTest4" computerName="DESKTOP-V5VHPHF" duration="00:00:00.0057229" startTime="2021-05-06T14:00:27.2559111-04:00" endTime="2021-05-06T14:00:27.2616992-04:00" testType="13cdc9d9-ddb5-4fa4-a97d-d965ccfc6d4b" outcome="Passed" testListId="8c84fa94-04c1-424b-9868-57a2d4851a1d" relativeResultsDirectory="a16f6acb-e498-4ed9-9f67-52d6e50b0cf5" />
    <UnitTestResult executionId="161cd886-ea24-4371-8404-aa130ceda1a7" testId="c9e0bc76-662e-e2fb-fd82-cb81d0e933a2" testName="BasicTest1" computerName="DESKTOP-V5VHPHF" duration="00:00:00.0258493" startTime="2021-05-06T14:00:26.9247080-04:00" endTime="2021-05-06T14:00:26.9685609-04:00" testType="13cdc9d9-ddb5-4fa4-a97d-d965ccfc6d4b" outcome="Passed" testListId="8c84fa94-04c1-424b-9868-57a2d4851a1d" relativeResultsDirectory="161cd886-ea24-4371-8404-aa130ceda1a7" />
    <UnitTestResult executionId="5c3ff85a-41c3-4e19-be71-dec648d87f35" testId="b1c081c2-1128-677a-a63b-0478999ff7da" testName="LeakTest1b" computerName="DESKTOP-V5VHPHF" duration="00:00:00.0130149" startTime="2021-05-06T14:00:27.3024473-04:00" endTime="2021-05-06T14:00:27.3155454-04:00" testType="13cdc9d9-ddb5-4fa4-a97d-d965ccfc6d4b" outcome="Passed" testListId="8c84fa94-04c1-424b-9868-57a2d4851a1d" relativeResultsDirectory="5c3ff85a-41c3-4e19-be71-dec648d87f35" />
    <UnitTestResult executionId="f8d2875a-35d0-416e-b2c3-25c2db327fe3" testId="669518db-e1d4-7f69-ae1a-533fff12561e" testName="CycleTest8" computerName="DESKTOP-V5VHPHF" duration="00:00:00.0125005" startTime="2021-05-06T14:00:27.2810008-04:00" endTime="2021-05-06T14:00:27.2935709-04:00" testType="13cdc9d9-ddb5-4fa4-a97d-d965ccfc6d4b" outcome="Passed" testListId="8c84fa94-04c1-424b-9868-57a2d4851a1d" relativeResultsDirectory="f8d2875a-35d0-416e-b2c3-25c2db327fe3" />
    <UnitTestResult executionId="ddbb950b-961d-4444-ac5c-de394fb8d0c5" testId="4810d3e4-1bb8-e24e-f2b4-581d3e96a918" testName="BasicTest5" computerName="DESKTOP-V5VHPHF" duration="00:00:00.0073592" startTime="2021-05-06T14:00:26.9861993-04:00" endTime="2021-05-06T14:00:26.9936525-04:00" testType="13cdc9d9-ddb5-4fa4-a97d-d965ccfc6d4b" outcome="Passed" testListId="8c84fa94-04c1-424b-9868-57a2d4851a1d" relativeResultsDirectory="ddbb950b-961d-4444-ac5c-de394fb8d0c5" />
    <UnitTestResult executionId="209130ad-ec45-43c9-991e-7c238f68089d" testId="b7be17e1-c288-1bca-a2dc-16c77b7516cd" testName="CycleTest3" computerName="DESKTOP-V5VHPHF" duration="00:00:00.0046797" startTime="2021-05-06T14:00:27.2480551-04:00" endTime="2021-05-06T14:00:27.2528123-04:00" testType="13cdc9d9-ddb5-4fa4-a97d-d965ccfc6d4b" outcome="Passed" testListId="8c84fa94-04c1-424b-9868-57a2d4851a1d" relativeResultsDirectory="209130ad-ec45-43c9-991e-7c238f68089d" />
    <UnitTestResult executionId="3a0414bb-e717-46a0-8ff2-13278b0a0540" testId="844560d8-5bef-208c-7357-1dabef262007" testName="BasicTest6b" computerName="DESKTOP-V5VHPHF" duration="00:00:00.0421465" startTime="2021-05-06T14:00:27.0014793-04:00" endTime="2021-05-06T14:00:27.0437294-04:00" testType="13cdc9d9-ddb5-4fa4-a97d-d965ccfc6d4b" outcome="Passed" testListId="8c84fa94-04c1-424b-9868-57a2d4851a1d" relativeResultsDirectory="3a0414bb-e717-46a0-8ff2-13278b0a0540" />
    <UnitTestResult executionId="2271e5e5-bc8e-42b8-8bc3-c22229c200f9" testId="c15043ba-994e-159d-7671-1b7b92f08fe1" testName="CycleTest6c" computerName="DESKTOP-V5VHPHF" duration="00:00:00.0027808" startTime="2021-05-06T14:00:27.2736661-04:00" endTime="2021-05-06T14:00:27.2765137-04:00" testType="13cdc9d9-ddb5-4fa4-a97d-d965ccfc6d4b" outcome="Passed" testListId="8c84fa94-04c1-424b-9868-57a2d4851a1d" relativeResultsDirectory="2271e5e5-bc8e-42b8-8bc3-c22229c200f9" />
    <UnitTestResult executionId="f42d85bb-2025-4d8c-adc6-4115dcc84970" testId="e5b139bb-8009-dab1-b719-0dd1d754f3a6" testName="CycleTest6b" computerName="DESKTOP-V5VHPHF" duration="00:00:00.0036395" startTime="2021-05-06T14:00:27.2699284-04:00" endTime="2021-05-06T14:00:27.2736409-04:00" testType="13cdc9d9-ddb5-4fa4-a97d-d965ccfc6d4b" outcome="Passed" testListId="8c84fa94-04c1-424b-9868-57a2d4851a1d" relativeResultsDirectory="f42d85bb-2025-4d8c-adc6-4115dcc84970" />
    <UnitTestResult executionId="3bd1d50b-da89-4ceb-8fce-63c45e02b5d2" testId="82c19561-9f7e-cd7d-bb1a-49a8c0cf7a9c" testName="CycleTest3b" computerName="DESKTOP-V5VHPHF" duration="00:00:00.0029956" startTime="2021-05-06T14:00:27.2528314-04:00" endTime="2021-05-06T14:00:27.2558903-04:00" testType="13cdc9d9-ddb5-4fa4-a97d-d965ccfc6d4b" outcome="Passed" testListId="8c84fa94-04c1-424b-9868-57a2d4851a1d" relativeResultsDirectory="3bd1d50b-da89-4ceb-8fce-63c45e02b5d2" />
    <UnitTestResult executionId="a9cac6cd-7ef9-4850-8136-529f6bd49cec" testId="e7829c8a-96a7-e12b-733a-5d08b8433c65" testName="CycleTest1b" computerName="DESKTOP-V5VHPHF" duration="00:00:00.0183540" startTime="2021-05-06T14:00:27.0665991-04:00" endTime="2021-05-06T14:00:27.0850386-04:00" testType="13cdc9d9-ddb5-4fa4-a97d-d965ccfc6d4b" outcome="Passed" testListId="8c84fa94-04c1-424b-9868-57a2d4851a1d" relativeResultsDirectory="a9cac6cd-7ef9-4850-8136-529f6bd49cec" />
    <UnitTestResult executionId="efbc954a-dbc4-4b3d-b006-05db826192dc" testId="79e969b0-618e-787e-1894-3e329a7ba677" testName="CycleTest10" computerName="DESKTOP-V5VHPHF" duration="00:00:00.0027675" startTime="2021-05-06T14:00:27.2935944-04:00" endTime="2021-05-06T14:00:27.2964314-04:00" testType="13cdc9d9-ddb5-4fa4-a97d-d965ccfc6d4b" outcome="Passed" testListId="8c84fa94-04c1-424b-9868-57a2d4851a1d" relativeResultsDirectory="efbc954a-dbc4-4b3d-b006-05db826192dc" />
    <UnitTestResult executionId="5a373096-4cd5-4eec-a676-812ab8bacefd" testId="e26ad0f7-a6f0-7b0c-7a97-d939b5eccef5" testName="CycleTest7" computerName="DESKTOP-V5VHPHF" duration="00:00:00.0043712" startTime="2021-05-06T14:00:27.2765347-04:00" endTime="2021-05-06T14:00:27.2809776-04:00" testType="13cdc9d9-ddb5-4fa4-a97d-d965ccfc6d4b" outcome="Passed" testListId="8c84fa94-04c1-424b-9868-57a2d4851a1d" relativeResultsDirectory="5a373096-4cd5-4eec-a676-812ab8bacefd" />
  </Results>
  <TestDefinitions>
    <UnitTest name="LeakTest1" storage="c:\users\shasnayak\cswinrt\src\tests\objectlifetimetests\objectlifetimetests.lifted\objectlifetimetests.lifted\bin\x86\debug\net5.0-windows10.0.19041.0\win10-x86\objectlifetimetests.lifted.build.appxrecipe" id="293e0511-720c-a40a-a3cd-6dd0e79b0196">
      <Execution id="740a905e-291c-4203-b6ee-6aa853984d48" />
      <TestMethod codeBase="C:\Users\shasnayak\CsWinRT\src\Tests\ObjectLifetimeTests\ObjectLifetimeTests.Lifted\ObjectLifetimeTests.Lifted\bin\x86\Debug\net5.0-windows10.0.19041.0\win10-x86\ObjectLifetimeTests.Lifted.build.appxrecipe" adapterTypeName="executor://mstestadapter/v2" className="ObjectLifetimeTests.ObjectLifetimeTestsRunner" name="LeakTest1" />
    </UnitTest>
    <UnitTest name="CycleTest10" storage="c:\users\shasnayak\cswinrt\src\tests\objectlifetimetests\objectlifetimetests.lifted\objectlifetimetests.lifted\bin\x86\debug\net5.0-windows10.0.19041.0\win10-x86\objectlifetimetests.lifted.build.appxrecipe" id="79e969b0-618e-787e-1894-3e329a7ba677">
      <Execution id="efbc954a-dbc4-4b3d-b006-05db826192dc" />
      <TestMethod codeBase="C:\Users\shasnayak\CsWinRT\src\Tests\ObjectLifetimeTests\ObjectLifetimeTests.Lifted\ObjectLifetimeTests.Lifted\bin\x86\Debug\net5.0-windows10.0.19041.0\win10-x86\ObjectLifetimeTests.Lifted.build.appxrecipe" adapterTypeName="executor://mstestadapter/v2" className="ObjectLifetimeTests.ObjectLifetimeTestsRunner" name="CycleTest10" />
    </UnitTest>
    <UnitTest name="CycleTest6c" storage="c:\users\shasnayak\cswinrt\src\tests\objectlifetimetests\objectlifetimetests.lifted\objectlifetimetests.lifted\bin\x86\debug\net5.0-windows10.0.19041.0\win10-x86\objectlifetimetests.lifted.build.appxrecipe" id="c15043ba-994e-159d-7671-1b7b92f08fe1">
      <Execution id="2271e5e5-bc8e-42b8-8bc3-c22229c200f9" />
      <TestMethod codeBase="C:\Users\shasnayak\CsWinRT\src\Tests\ObjectLifetimeTests\ObjectLifetimeTests.Lifted\ObjectLifetimeTests.Lifted\bin\x86\Debug\net5.0-windows10.0.19041.0\win10-x86\ObjectLifetimeTests.Lifted.build.appxrecipe" adapterTypeName="executor://mstestadapter/v2" className="ObjectLifetimeTests.ObjectLifetimeTestsRunner" name="CycleTest6c" />
    </UnitTest>
    <UnitTest name="CycleTest3" storage="c:\users\shasnayak\cswinrt\src\tests\objectlifetimetests\objectlifetimetests.lifted\objectlifetimetests.lifted\bin\x86\debug\net5.0-windows10.0.19041.0\win10-x86\objectlifetimetests.lifted.build.appxrecipe" id="b7be17e1-c288-1bca-a2dc-16c77b7516cd">
      <Execution id="209130ad-ec45-43c9-991e-7c238f68089d" />
      <TestMethod codeBase="C:\Users\shasnayak\CsWinRT\src\Tests\ObjectLifetimeTests\ObjectLifetimeTests.Lifted\ObjectLifetimeTests.Lifted\bin\x86\Debug\net5.0-windows10.0.19041.0\win10-x86\ObjectLifetimeTests.Lifted.build.appxrecipe" adapterTypeName="executor://mstestadapter/v2" className="ObjectLifetimeTests.ObjectLifetimeTestsRunner" name="CycleTest3" />
    </UnitTest>
    <UnitTest name="BasicTest6" storage="c:\users\shasnayak\cswinrt\src\tests\objectlifetimetests\objectlifetimetests.lifted\objectlifetimetests.lifted\bin\x86\debug\net5.0-windows10.0.19041.0\win10-x86\objectlifetimetests.lifted.build.appxrecipe" id="70002cf1-a892-48b6-48d2-599a1180c0c2">
      <Execution id="eae46b84-f77b-4f07-b470-820e8d7c3d29" />
      <TestMethod codeBase="C:\Users\shasnayak\CsWinRT\src\Tests\ObjectLifetimeTests\ObjectLifetimeTests.Lifted\ObjectLifetimeTests.Lifted\bin\x86\Debug\net5.0-windows10.0.19041.0\win10-x86\ObjectLifetimeTests.Lifted.build.appxrecipe" adapterTypeName="executor://mstestadapter/v2" className="ObjectLifetimeTests.ObjectLifetimeTestsRunner" name="BasicTest6" />
    </UnitTest>
    <UnitTest name="CycleTest6b" storage="c:\users\shasnayak\cswinrt\src\tests\objectlifetimetests\objectlifetimetests.lifted\objectlifetimetests.lifted\bin\x86\debug\net5.0-windows10.0.19041.0\win10-x86\objectlifetimetests.lifted.build.appxrecipe" id="e5b139bb-8009-dab1-b719-0dd1d754f3a6">
      <Execution id="f42d85bb-2025-4d8c-adc6-4115dcc84970" />
      <TestMethod codeBase="C:\Users\shasnayak\CsWinRT\src\Tests\ObjectLifetimeTests\ObjectLifetimeTests.Lifted\ObjectLifetimeTests.Lifted\bin\x86\Debug\net5.0-windows10.0.19041.0\win10-x86\ObjectLifetimeTests.Lifted.build.appxrecipe" adapterTypeName="executor://mstestadapter/v2" className="ObjectLifetimeTests.ObjectLifetimeTestsRunner" name="CycleTest6b" />
    </UnitTest>
    <UnitTest name="CycleTest4" storage="c:\users\shasnayak\cswinrt\src\tests\objectlifetimetests\objectlifetimetests.lifted\objectlifetimetests.lifted\bin\x86\debug\net5.0-windows10.0.19041.0\win10-x86\objectlifetimetests.lifted.build.appxrecipe" id="3144b7c2-df4f-5e4c-123b-1280ac265a53">
      <Execution id="a16f6acb-e498-4ed9-9f67-52d6e50b0cf5" />
      <TestMethod codeBase="C:\Users\shasnayak\CsWinRT\src\Tests\ObjectLifetimeTests\ObjectLifetimeTests.Lifted\ObjectLifetimeTests.Lifted\bin\x86\Debug\net5.0-windows10.0.19041.0\win10-x86\ObjectLifetimeTests.Lifted.build.appxrecipe" adapterTypeName="executor://mstestadapter/v2" className="ObjectLifetimeTests.ObjectLifetimeTestsRunner" name="CycleTest4" />
    </UnitTest>
    <UnitTest name="RadioButtonGroupTest" storage="c:\users\shasnayak\cswinrt\src\tests\objectlifetimetests\objectlifetimetests.lifted\objectlifetimetests.lifted\bin\x86\debug\net5.0-windows10.0.19041.0\win10-x86\objectlifetimetests.lifted.build.appxrecipe" id="78762670-2c94-67a9-0c6e-4ed292b4fdb4">
      <Execution id="5c987988-b5ef-4aa0-b592-74393b857ab3" />
      <TestMethod codeBase="C:\Users\shasnayak\CsWinRT\src\Tests\ObjectLifetimeTests\ObjectLifetimeTests.Lifted\ObjectLifetimeTests.Lifted\bin\x86\Debug\net5.0-windows10.0.19041.0\win10-x86\ObjectLifetimeTests.Lifted.build.appxrecipe" adapterTypeName="executor://mstestadapter/v2" className="ObjectLifetimeTests.ObjectLifetimeTestsRunner" name="RadioButtonGroupTest" />
    </UnitTest>
    <UnitTest name="BasicTest4" storage="c:\users\shasnayak\cswinrt\src\tests\objectlifetimetests\objectlifetimetests.lifted\objectlifetimetests.lifted\bin\x86\debug\net5.0-windows10.0.19041.0\win10-x86\objectlifetimetests.lifted.build.appxrecipe" id="d98a00ba-ffde-22a2-cdd2-3f1ef3a8357e">
      <Execution id="446f894e-5aed-4ce5-ae7c-31fe417f48a0" />
      <TestMethod codeBase="C:\Users\shasnayak\CsWinRT\src\Tests\ObjectLifetimeTests\ObjectLifetimeTests.Lifted\ObjectLifetimeTests.Lifted\bin\x86\Debug\net5.0-windows10.0.19041.0\win10-x86\ObjectLifetimeTests.Lifted.build.appxrecipe" adapterTypeName="executor://mstestadapter/v2" className="ObjectLifetimeTests.ObjectLifetimeTestsRunner" name="BasicTest4" />
    </UnitTest>
    <UnitTest name="CycleTest3b" storage="c:\users\shasnayak\cswinrt\src\tests\objectlifetimetests\objectlifetimetests.lifted\objectlifetimetests.lifted\bin\x86\debug\net5.0-windows10.0.19041.0\win10-x86\objectlifetimetests.lifted.build.appxrecipe" id="82c19561-9f7e-cd7d-bb1a-49a8c0cf7a9c">
      <Execution id="3bd1d50b-da89-4ceb-8fce-63c45e02b5d2" />
      <TestMethod codeBase="C:\Users\shasnayak\CsWinRT\src\Tests\ObjectLifetimeTests\ObjectLifetimeTests.Lifted\ObjectLifetimeTests.Lifted\bin\x86\Debug\net5.0-windows10.0.19041.0\win10-x86\ObjectLifetimeTests.Lifted.build.appxrecipe" adapterTypeName="executor://mstestadapter/v2" className="ObjectLifetimeTests.ObjectLifetimeTestsRunner" name="CycleTest3b" />
    </UnitTest>
    <UnitTest name="BasicTest5" storage="c:\users\shasnayak\cswinrt\src\tests\objectlifetimetests\objectlifetimetests.lifted\objectlifetimetests.lifted\bin\x86\debug\net5.0-windows10.0.19041.0\win10-x86\objectlifetimetests.lifted.build.appxrecipe" id="4810d3e4-1bb8-e24e-f2b4-581d3e96a918">
      <Execution id="ddbb950b-961d-4444-ac5c-de394fb8d0c5" />
      <TestMethod codeBase="C:\Users\shasnayak\CsWinRT\src\Tests\ObjectLifetimeTests\ObjectLifetimeTests.Lifted\ObjectLifetimeTests.Lifted\bin\x86\Debug\net5.0-windows10.0.19041.0\win10-x86\ObjectLifetimeTests.Lifted.build.appxrecipe" adapterTypeName="executor://mstestadapter/v2" className="ObjectLifetimeTests.ObjectLifetimeTestsRunner" name="BasicTest5" />
    </UnitTest>
    <UnitTest name="CycleTest1b" storage="c:\users\shasnayak\cswinrt\src\tests\objectlifetimetests\objectlifetimetests.lifted\objectlifetimetests.lifted\bin\x86\debug\net5.0-windows10.0.19041.0\win10-x86\objectlifetimetests.lifted.build.appxrecipe" id="e7829c8a-96a7-e12b-733a-5d08b8433c65">
      <Execution id="a9cac6cd-7ef9-4850-8136-529f6bd49cec" />
      <TestMethod codeBase="C:\Users\shasnayak\CsWinRT\src\Tests\ObjectLifetimeTests\ObjectLifetimeTests.Lifted\ObjectLifetimeTests.Lifted\bin\x86\Debug\net5.0-windows10.0.19041.0\win10-x86\ObjectLifetimeTests.Lifted.build.appxrecipe" adapterTypeName="executor://mstestadapter/v2" className="ObjectLifetimeTests.ObjectLifetimeTestsRunner" name="CycleTest1b" />
    </UnitTest>
    <UnitTest name="CycleTest8" storage="c:\users\shasnayak\cswinrt\src\tests\objectlifetimetests\objectlifetimetests.lifted\objectlifetimetests.lifted\bin\x86\debug\net5.0-windows10.0.19041.0\win10-x86\objectlifetimetests.lifted.build.appxrecipe" id="669518db-e1d4-7f69-ae1a-533fff12561e">
      <Execution id="f8d2875a-35d0-416e-b2c3-25c2db327fe3" />
      <TestMethod codeBase="C:\Users\shasnayak\CsWinRT\src\Tests\ObjectLifetimeTests\ObjectLifetimeTests.Lifted\ObjectLifetimeTests.Lifted\bin\x86\Debug\net5.0-windows10.0.19041.0\win10-x86\ObjectLifetimeTests.Lifted.build.appxrecipe" adapterTypeName="executor://mstestadapter/v2" className="ObjectLifetimeTests.ObjectLifetimeTestsRunner" name="CycleTest8" />
    </UnitTest>
    <UnitTest name="LeakTest1b" storage="c:\users\shasnayak\cswinrt\src\tests\objectlifetimetests\objectlifetimetests.lifted\objectlifetimetests.lifted\bin\x86\debug\net5.0-windows10.0.19041.0\win10-x86\objectlifetimetests.lifted.build.appxrecipe" id="b1c081c2-1128-677a-a63b-0478999ff7da">
      <Execution id="5c3ff85a-41c3-4e19-be71-dec648d87f35" />
      <TestMethod codeBase="C:\Users\shasnayak\CsWinRT\src\Tests\ObjectLifetimeTests\ObjectLifetimeTests.Lifted\ObjectLifetimeTests.Lifted\bin\x86\Debug\net5.0-windows10.0.19041.0\win10-x86\ObjectLifetimeTests.Lifted.build.appxrecipe" adapterTypeName="executor://mstestadapter/v2" className="ObjectLifetimeTests.ObjectLifetimeTestsRunner" name="LeakTest1b" />
    </UnitTest>
    <UnitTest name="CycleTest2b" storage="c:\users\shasnayak\cswinrt\src\tests\objectlifetimetests\objectlifetimetests.lifted\objectlifetimetests.lifted\bin\x86\debug\net5.0-windows10.0.19041.0\win10-x86\objectlifetimetests.lifted.build.appxrecipe" id="b6df29a7-aa56-5492-ea6b-effbc0f5aba9">
      <Execution id="6fcd9991-3f9d-4115-97ef-3c5f731b99dc" />
      <TestMethod codeBase="C:\Users\shasnayak\CsWinRT\src\Tests\ObjectLifetimeTests\ObjectLifetimeTests.Lifted\ObjectLifetimeTests.Lifted\bin\x86\Debug\net5.0-windows10.0.19041.0\win10-x86\ObjectLifetimeTests.Lifted.build.appxrecipe" adapterTypeName="executor://mstestadapter/v2" className="ObjectLifetimeTests.ObjectLifetimeTestsRunner" name="CycleTest2b" />
    </UnitTest>
    <UnitTest name="BasicTest3" storage="c:\users\shasnayak\cswinrt\src\tests\objectlifetimetests\objectlifetimetests.lifted\objectlifetimetests.lifted\bin\x86\debug\net5.0-windows10.0.19041.0\win10-x86\objectlifetimetests.lifted.build.appxrecipe" id="beea72fa-8aa4-7f67-0a88-f428ce23b125">
      <Execution id="cd33e2fe-34bd-488a-90eb-9443598bd134" />
      <TestMethod codeBase="C:\Users\shasnayak\CsWinRT\src\Tests\ObjectLifetimeTests\ObjectLifetimeTests.Lifted\ObjectLifetimeTests.Lifted\bin\x86\Debug\net5.0-windows10.0.19041.0\win10-x86\ObjectLifetimeTests.Lifted.build.appxrecipe" adapterTypeName="executor://mstestadapter/v2" className="ObjectLifetimeTests.ObjectLifetimeTestsRunner" name="BasicTest3" />
    </UnitTest>
    <UnitTest name="CycleTest2c" storage="c:\users\shasnayak\cswinrt\src\tests\objectlifetimetests\objectlifetimetests.lifted\objectlifetimetests.lifted\bin\x86\debug\net5.0-windows10.0.19041.0\win10-x86\objectlifetimetests.lifted.build.appxrecipe" id="280b85a9-43dd-29fc-cb5b-689ce33d5624">
      <Execution id="e349fc43-b522-47c0-b2c8-84366dafc5b1" />
      <TestMethod codeBase="C:\Users\shasnayak\CsWinRT\src\Tests\ObjectLifetimeTests\ObjectLifetimeTests.Lifted\ObjectLifetimeTests.Lifted\bin\x86\Debug\net5.0-windows10.0.19041.0\win10-x86\ObjectLifetimeTests.Lifted.build.appxrecipe" adapterTypeName="executor://mstestadapter/v2" className="ObjectLifetimeTests.ObjectLifetimeTestsRunner" name="CycleTest2c" />
    </UnitTest>
    <UnitTest name="TestMethod1" storage="c:\users\shasnayak\cswinrt\src\tests\objectlifetimetests\objectlifetimetests.lifted\objectlifetimetests.lifted\bin\x86\debug\net5.0-windows10.0.19041.0\win10-x86\objectlifetimetests.lifted.build.appxrecipe" id="0c459719-3116-f70f-a29e-c199a8cb984a">
      <Execution id="ac23e994-0536-482f-b2a2-0445920d8827" />
      <TestMethod codeBase="C:\Users\shasnayak\CsWinRT\src\Tests\ObjectLifetimeTests\ObjectLifetimeTests.Lifted\ObjectLifetimeTests.Lifted\bin\x86\Debug\net5.0-windows10.0.19041.0\win10-x86\ObjectLifetimeTests.Lifted.build.appxrecipe" adapterTypeName="executor://mstestadapter/v2" className="ObjectLifetimeTests.Lifted.UnitTest" name="TestMethod1" />
    </UnitTest>
    <UnitTest name="BasicTest1" storage="c:\users\shasnayak\cswinrt\src\tests\objectlifetimetests\objectlifetimetests.lifted\objectlifetimetests.lifted\bin\x86\debug\net5.0-windows10.0.19041.0\win10-x86\objectlifetimetests.lifted.build.appxrecipe" id="c9e0bc76-662e-e2fb-fd82-cb81d0e933a2">
      <Execution id="161cd886-ea24-4371-8404-aa130ceda1a7" />
      <TestMethod codeBase="C:\Users\shasnayak\CsWinRT\src\Tests\ObjectLifetimeTests\ObjectLifetimeTests.Lifted\ObjectLifetimeTests.Lifted\bin\x86\Debug\net5.0-windows10.0.19041.0\win10-x86\ObjectLifetimeTests.Lifted.build.appxrecipe" adapterTypeName="executor://mstestadapter/v2" className="ObjectLifetimeTests.ObjectLifetimeTestsRunner" name="BasicTest1" />
    </UnitTest>
    <UnitTest name="CycleTest1" storage="c:\users\shasnayak\cswinrt\src\tests\objectlifetimetests\objectlifetimetests.lifted\objectlifetimetests.lifted\bin\x86\debug\net5.0-windows10.0.19041.0\win10-x86\objectlifetimetests.lifted.build.appxrecipe" id="63828883-6f0f-e7bd-8e69-8c1fbccbf9da">
      <Execution id="d13dae4f-c430-424b-bef1-3519d1fc1131" />
      <TestMethod codeBase="C:\Users\shasnayak\CsWinRT\src\Tests\ObjectLifetimeTests\ObjectLifetimeTests.Lifted\ObjectLifetimeTests.Lifted\bin\x86\Debug\net5.0-windows10.0.19041.0\win10-x86\ObjectLifetimeTests.Lifted.build.appxrecipe" adapterTypeName="executor://mstestadapter/v2" className="ObjectLifetimeTests.ObjectLifetimeTestsRunner" name="CycleTest1" />
    </UnitTest>
    <UnitTest name="CycleTest6" storage="c:\users\shasnayak\cswinrt\src\tests\objectlifetimetests\objectlifetimetests.lifted\objectlifetimetests.lifted\bin\x86\debug\net5.0-windows10.0.19041.0\win10-x86\objectlifetimetests.lifted.build.appxrecipe" id="1b8f4d38-47a2-7e17-b223-507aaa9dfb49">
      <Execution id="9d0a8e5d-a828-4e9c-891d-5cf2d41ba524" />
      <TestMethod codeBase="C:\Users\shasnayak\CsWinRT\src\Tests\ObjectLifetimeTests\ObjectLifetimeTests.Lifted\ObjectLifetimeTests.Lifted\bin\x86\Debug\net5.0-windows10.0.19041.0\win10-x86\ObjectLifetimeTests.Lifted.build.appxrecipe" adapterTypeName="executor://mstestadapter/v2" className="ObjectLifetimeTests.ObjectLifetimeTestsRunner" name="CycleTest6" />
    </UnitTest>
    <UnitTest name="CycleTest7" storage="c:\users\shasnayak\cswinrt\src\tests\objectlifetimetests\objectlifetimetests.lifted\objectlifetimetests.lifted\bin\x86\debug\net5.0-windows10.0.19041.0\win10-x86\objectlifetimetests.lifted.build.appxrecipe" id="e26ad0f7-a6f0-7b0c-7a97-d939b5eccef5">
      <Execution id="5a373096-4cd5-4eec-a676-812ab8bacefd" />
      <TestMethod codeBase="C:\Users\shasnayak\CsWinRT\src\Tests\ObjectLifetimeTests\ObjectLifetimeTests.Lifted\ObjectLifetimeTests.Lifted\bin\x86\Debug\net5.0-windows10.0.19041.0\win10-x86\ObjectLifetimeTests.Lifted.build.appxrecipe" adapterTypeName="executor://mstestadapter/v2" className="ObjectLifetimeTests.ObjectLifetimeTestsRunner" name="CycleTest7" />
    </UnitTest>
    <UnitTest name="CycleTest5" storage="c:\users\shasnayak\cswinrt\src\tests\objectlifetimetests\objectlifetimetests.lifted\objectlifetimetests.lifted\bin\x86\debug\net5.0-windows10.0.19041.0\win10-x86\objectlifetimetests.lifted.build.appxrecipe" id="6481eed6-f411-648a-8a3e-535b7b9dc59c">
      <Execution id="0cec19e0-5c0d-4cd6-a80a-0e0b5c9a14f8" />
      <TestMethod codeBase="C:\Users\shasnayak\CsWinRT\src\Tests\ObjectLifetimeTests\ObjectLifetimeTests.Lifted\ObjectLifetimeTests.Lifted\bin\x86\Debug\net5.0-windows10.0.19041.0\win10-x86\ObjectLifetimeTests.Lifted.build.appxrecipe" adapterTypeName="executor://mstestadapter/v2" className="ObjectLifetimeTests.ObjectLifetimeTestsRunner" name="CycleTest5" />
    </UnitTest>
    <UnitTest name="CycleTest1c" storage="c:\users\shasnayak\cswinrt\src\tests\objectlifetimetests\objectlifetimetests.lifted\objectlifetimetests.lifted\bin\x86\debug\net5.0-windows10.0.19041.0\win10-x86\objectlifetimetests.lifted.build.appxrecipe" id="e2bbd5a0-6cef-3e95-382d-c77ef14a4d76">
      <Execution id="6489b1ae-120a-47a8-9149-c54ad048719f" />
      <TestMethod codeBase="C:\Users\shasnayak\CsWinRT\src\Tests\ObjectLifetimeTests\ObjectLifetimeTests.Lifted\ObjectLifetimeTests.Lifted\bin\x86\Debug\net5.0-windows10.0.19041.0\win10-x86\ObjectLifetimeTests.Lifted.build.appxrecipe" adapterTypeName="executor://mstestadapter/v2" className="ObjectLifetimeTests.ObjectLifetimeTestsRunner" name="CycleTest1c" />
    </UnitTest>
    <UnitTest name="CycleTest2" storage="c:\users\shasnayak\cswinrt\src\tests\objectlifetimetests\objectlifetimetests.lifted\objectlifetimetests.lifted\bin\x86\debug\net5.0-windows10.0.19041.0\win10-x86\objectlifetimetests.lifted.build.appxrecipe" id="01060f11-0640-099a-b784-4d324e2c79c1">
      <Execution id="90529fcb-7dc7-4e85-963a-2e9ae007afe4" />
      <TestMethod codeBase="C:\Users\shasnayak\CsWinRT\src\Tests\ObjectLifetimeTests\ObjectLifetimeTests.Lifted\ObjectLifetimeTests.Lifted\bin\x86\Debug\net5.0-windows10.0.19041.0\win10-x86\ObjectLifetimeTests.Lifted.build.appxrecipe" adapterTypeName="executor://mstestadapter/v2" className="ObjectLifetimeTests.ObjectLifetimeTestsRunner" name="CycleTest2" />
    </UnitTest>
    <UnitTest name="BasicTest6b" storage="c:\users\shasnayak\cswinrt\src\tests\objectlifetimetests\objectlifetimetests.lifted\objectlifetimetests.lifted\bin\x86\debug\net5.0-windows10.0.19041.0\win10-x86\objectlifetimetests.lifted.build.appxrecipe" id="844560d8-5bef-208c-7357-1dabef262007">
      <Execution id="3a0414bb-e717-46a0-8ff2-13278b0a0540" />
      <TestMethod codeBase="C:\Users\shasnayak\CsWinRT\src\Tests\ObjectLifetimeTests\ObjectLifetimeTests.Lifted\ObjectLifetimeTests.Lifted\bin\x86\Debug\net5.0-windows10.0.19041.0\win10-x86\ObjectLifetimeTests.Lifted.build.appxrecipe" adapterTypeName="executor://mstestadapter/v2" className="ObjectLifetimeTests.ObjectLifetimeTestsRunner" name="BasicTest6b" />
    </UnitTest>
    <UnitTest name="BasicTest2" storage="c:\users\shasnayak\cswinrt\src\tests\objectlifetimetests\objectlifetimetests.lifted\objectlifetimetests.lifted\bin\x86\debug\net5.0-windows10.0.19041.0\win10-x86\objectlifetimetests.lifted.build.appxrecipe" id="cb135378-477d-17b4-3f2c-0d1d1f7f0020">
      <Execution id="47dc2c5e-d4e5-425c-9b15-f4fde4dfd8da" />
      <TestMethod codeBase="C:\Users\shasnayak\CsWinRT\src\Tests\ObjectLifetimeTests\ObjectLifetimeTests.Lifted\ObjectLifetimeTests.Lifted\bin\x86\Debug\net5.0-windows10.0.19041.0\win10-x86\ObjectLifetimeTests.Lifted.build.appxrecipe" adapterTypeName="executor://mstestadapter/v2" className="ObjectLifetimeTests.ObjectLifetimeTestsRunner" name="BasicTest2" />
    </UnitTest>
  </TestDefinitions>
  <TestEntries>
    <TestEntry testId="78762670-2c94-67a9-0c6e-4ed292b4fdb4" executionId="5c987988-b5ef-4aa0-b592-74393b857ab3" testListId="8c84fa94-04c1-424b-9868-57a2d4851a1d" />
    <TestEntry testId="0c459719-3116-f70f-a29e-c199a8cb984a" executionId="ac23e994-0536-482f-b2a2-0445920d8827" testListId="8c84fa94-04c1-424b-9868-57a2d4851a1d" />
    <TestEntry testId="1b8f4d38-47a2-7e17-b223-507aaa9dfb49" executionId="9d0a8e5d-a828-4e9c-891d-5cf2d41ba524" testListId="8c84fa94-04c1-424b-9868-57a2d4851a1d" />
    <TestEntry testId="6481eed6-f411-648a-8a3e-535b7b9dc59c" executionId="0cec19e0-5c0d-4cd6-a80a-0e0b5c9a14f8" testListId="8c84fa94-04c1-424b-9868-57a2d4851a1d" />
    <TestEntry testId="d98a00ba-ffde-22a2-cdd2-3f1ef3a8357e" executionId="446f894e-5aed-4ce5-ae7c-31fe417f48a0" testListId="8c84fa94-04c1-424b-9868-57a2d4851a1d" />
    <TestEntry testId="b6df29a7-aa56-5492-ea6b-effbc0f5aba9" executionId="6fcd9991-3f9d-4115-97ef-3c5f731b99dc" testListId="8c84fa94-04c1-424b-9868-57a2d4851a1d" />
    <TestEntry testId="63828883-6f0f-e7bd-8e69-8c1fbccbf9da" executionId="d13dae4f-c430-424b-bef1-3519d1fc1131" testListId="8c84fa94-04c1-424b-9868-57a2d4851a1d" />
    <TestEntry testId="70002cf1-a892-48b6-48d2-599a1180c0c2" executionId="eae46b84-f77b-4f07-b470-820e8d7c3d29" testListId="8c84fa94-04c1-424b-9868-57a2d4851a1d" />
    <TestEntry testId="01060f11-0640-099a-b784-4d324e2c79c1" executionId="90529fcb-7dc7-4e85-963a-2e9ae007afe4" testListId="8c84fa94-04c1-424b-9868-57a2d4851a1d" />
    <TestEntry testId="280b85a9-43dd-29fc-cb5b-689ce33d5624" executionId="e349fc43-b522-47c0-b2c8-84366dafc5b1" testListId="8c84fa94-04c1-424b-9868-57a2d4851a1d" />
    <TestEntry testId="e2bbd5a0-6cef-3e95-382d-c77ef14a4d76" executionId="6489b1ae-120a-47a8-9149-c54ad048719f" testListId="8c84fa94-04c1-424b-9868-57a2d4851a1d" />
    <TestEntry testId="293e0511-720c-a40a-a3cd-6dd0e79b0196" executionId="740a905e-291c-4203-b6ee-6aa853984d48" testListId="8c84fa94-04c1-424b-9868-57a2d4851a1d" />
    <TestEntry testId="beea72fa-8aa4-7f67-0a88-f428ce23b125" executionId="cd33e2fe-34bd-488a-90eb-9443598bd134" testListId="8c84fa94-04c1-424b-9868-57a2d4851a1d" />
    <TestEntry testId="cb135378-477d-17b4-3f2c-0d1d1f7f0020" executionId="47dc2c5e-d4e5-425c-9b15-f4fde4dfd8da" testListId="8c84fa94-04c1-424b-9868-57a2d4851a1d" />
    <TestEntry testId="3144b7c2-df4f-5e4c-123b-1280ac265a53" executionId="a16f6acb-e498-4ed9-9f67-52d6e50b0cf5" testListId="8c84fa94-04c1-424b-9868-57a2d4851a1d" />
    <TestEntry testId="c9e0bc76-662e-e2fb-fd82-cb81d0e933a2" executionId="161cd886-ea24-4371-8404-aa130ceda1a7" testListId="8c84fa94-04c1-424b-9868-57a2d4851a1d" />
    <TestEntry testId="b1c081c2-1128-677a-a63b-0478999ff7da" executionId="5c3ff85a-41c3-4e19-be71-dec648d87f35" testListId="8c84fa94-04c1-424b-9868-57a2d4851a1d" />
    <TestEntry testId="669518db-e1d4-7f69-ae1a-533fff12561e" executionId="f8d2875a-35d0-416e-b2c3-25c2db327fe3" testListId="8c84fa94-04c1-424b-9868-57a2d4851a1d" />
    <TestEntry testId="4810d3e4-1bb8-e24e-f2b4-581d3e96a918" executionId="ddbb950b-961d-4444-ac5c-de394fb8d0c5" testListId="8c84fa94-04c1-424b-9868-57a2d4851a1d" />
    <TestEntry testId="b7be17e1-c288-1bca-a2dc-16c77b7516cd" executionId="209130ad-ec45-43c9-991e-7c238f68089d" testListId="8c84fa94-04c1-424b-9868-57a2d4851a1d" />
    <TestEntry testId="844560d8-5bef-208c-7357-1dabef262007" executionId="3a0414bb-e717-46a0-8ff2-13278b0a0540" testListId="8c84fa94-04c1-424b-9868-57a2d4851a1d" />
    <TestEntry testId="c15043ba-994e-159d-7671-1b7b92f08fe1" executionId="2271e5e5-bc8e-42b8-8bc3-c22229c200f9" testListId="8c84fa94-04c1-424b-9868-57a2d4851a1d" />
    <TestEntry testId="e5b139bb-8009-dab1-b719-0dd1d754f3a6" executionId="f42d85bb-2025-4d8c-adc6-4115dcc84970" testListId="8c84fa94-04c1-424b-9868-57a2d4851a1d" />
    <TestEntry testId="82c19561-9f7e-cd7d-bb1a-49a8c0cf7a9c" executionId="3bd1d50b-da89-4ceb-8fce-63c45e02b5d2" testListId="8c84fa94-04c1-424b-9868-57a2d4851a1d" />
    <TestEntry testId="e7829c8a-96a7-e12b-733a-5d08b8433c65" executionId="a9cac6cd-7ef9-4850-8136-529f6bd49cec" testListId="8c84fa94-04c1-424b-9868-57a2d4851a1d" />
    <TestEntry testId="79e969b0-618e-787e-1894-3e329a7ba677" executionId="efbc954a-dbc4-4b3d-b006-05db826192dc" testListId="8c84fa94-04c1-424b-9868-57a2d4851a1d" />
    <TestEntry testId="e26ad0f7-a6f0-7b0c-7a97-d939b5eccef5" executionId="5a373096-4cd5-4eec-a676-812ab8bacefd" testListId="8c84fa94-04c1-424b-9868-57a2d4851a1d" />
  </TestEntries>
  <TestLists>
    <TestList name="Results Not in a List" id="8c84fa94-04c1-424b-9868-57a2d4851a1d" />
    <TestList name="All Loaded Results" id="19431567-8539-422a-85d7-44ee4e166bda" />
  </TestLists>
  <ResultSummary outcome="Completed">
    <Counters total="27" executed="27" passed="27" failed="0" error="0" timeout="0" aborted="0" inconclusive="0" passedButRunAborted="0" notRunnable="0" notExecuted="0" disconnected="0" warning="0" completed="0" inProgress="0" pending="0" />
    <Output>
      <StdOut>	DeviceConfiguration/GetDevice/Name&#xD;
		Caller = Deployer&#xD;
		Name = &#xD;
ConfigurationParser/Constructor: START&#xD;
ConfigurationParser/Constructor/EnumeratePackages: START&#xD;
Reading tools configuration from Visual Studio installation at 'C:\Program Files (x86)\Microsoft Visual Studio\2019\Preview\Common7\IDE\CommonExtensions\Microsoft\TailoredProjectServices'.&#xD;
	GlobalConfigurationFolderPresent = True&#xD;
	NumberOfPackagesFound = 24&#xD;
	ConfigurationParser/Constructor/EnumeratePackages/Package&#xD;
		Id = e0999a8f-0200-4738-ae1e-b45742be6b6b&#xD;
		Name = CoreCLR&#xD;
		Architectures = Arm|Arm64|X86|X64&#xD;
		VisualStudioPackage = True&#xD;
	ConfigurationParser/Constructor/EnumeratePackages/Package&#xD;
		Id = 745b7b79-84d4-4033-8554-e1ed88d1321e&#xD;
		Name = JavaScriptCollectionAgent Package&#xD;
		Architectures = Arm|X86|X64&#xD;
		VisualStudioPackage = False&#xD;
	ConfigurationParser/Constructor/EnumeratePackages/Package&#xD;
		Id = cba47ef1-9f90-4af4-bf90-6c2c09e350b6&#xD;
		Name = NetworkCollectionAgent Package&#xD;
		Architectures = Arm|X86|X64&#xD;
		VisualStudioPackage = False&#xD;
	ConfigurationParser/Constructor/EnumeratePackages/Package&#xD;
		Id = f8ce90e1-19bc-472a-b625-9c081fac46df&#xD;
		Name = VSGraphics Debugging Package DUIC&#xD;
		Architectures = Arm|X86|X64&#xD;
		VisualStudioPackage = False&#xD;
	ConfigurationParser/Constructor/EnumeratePackages/Package&#xD;
		Id = 44eeed0d-971c-4546-bc24-b6a5cbfae959&#xD;
		Name = GPU Collector Agent&#xD;
		Architectures = Arm|X86|X64&#xD;
		VisualStudioPackage = False&#xD;
	ConfigurationParser/Constructor/EnumeratePackages/Package&#xD;
		Id = 8e61b271-9853-41c9-b845-4d32865c306f&#xD;
		Name = App Analysis Collection Agent&#xD;
		Architectures = Arm|Arm64|X86|X64&#xD;
		VisualStudioPackage = True&#xD;
	ConfigurationParser/Constructor/EnumeratePackages/Package&#xD;
		Id = efb65f05-52ca-49fe-9799-0d120b3e8c40&#xD;
		Name = Memory Profiler Collection Agent&#xD;
		Architectures = Arm|Arm64|X86|X64&#xD;
		VisualStudioPackage = True&#xD;
	ConfigurationParser/Constructor/EnumeratePackages/Package&#xD;
		Id = c99f0de0-95fe-4c64-9d17-efa7574c358b&#xD;
		Name = Memory Profiler v2 Collection Agent&#xD;
		Architectures = Arm|Arm64|X86|X64&#xD;
		VisualStudioPackage = True&#xD;
	ConfigurationParser/Constructor/EnumeratePackages/Package&#xD;
		Id = bff8ef71-b423-4e11-8f4b-9ce1061615a2&#xD;
		Name = Native Memory Profiler Win10 Collection Agent&#xD;
		Architectures = Arm|Arm64|X86|X64&#xD;
		VisualStudioPackage = True&#xD;
	ConfigurationParser/Constructor/EnumeratePackages/Package&#xD;
		Id = eb22551a-7f66-465f-b53f-e5aba0c0574e&#xD;
		Name = msvsmon native Package&#xD;
		Architectures = Arm|X86|X64|Arm64&#xD;
		VisualStudioPackage = True&#xD;
	ConfigurationParser/Constructor/EnumeratePackages/Package&#xD;
		Id = 62b807e2-6539-46fb-8d67-a73dc9499940&#xD;
		Name = msvsmon managed Package&#xD;
		Architectures = Arm|X86|X64|Arm64&#xD;
		VisualStudioPackage = True&#xD;
	ConfigurationParser/Constructor/EnumeratePackages/Package&#xD;
		Id = d8b19935-bdbf-4d5b-9619-a6693afd4554&#xD;
		Name = msvsmon script Package&#xD;
		Architectures = Arm|Arm64|X86|X64&#xD;
		VisualStudioPackage = True&#xD;
	ConfigurationParser/Constructor/EnumeratePackages/Package&#xD;
		Id = 322e47a7-c871-4db0-b663-2b836b9a6427&#xD;
		Name = Diagnostics Hub Standard Collector (Post-mortem)&#xD;
		Architectures = Arm|X86|X64&#xD;
		VisualStudioPackage = True&#xD;
	ConfigurationParser/Constructor/EnumeratePackages/Package&#xD;
		Id = f4461251-3ffb-4108-9743-364bb931faf2&#xD;
		Name = Diagnostics Hub Standard Collector Service&#xD;
		Architectures = Arm|Arm64|X86|X64&#xD;
		VisualStudioPackage = True&#xD;
	ConfigurationParser/Constructor/EnumeratePackages/Package&#xD;
		Id = 98e13d7b-2ac3-4b11-bbeb-758ad8bd607a&#xD;
		Name = Diagnostics Hub Collector Bridge&#xD;
		Architectures = Arm|Arm64|X86|X64&#xD;
		VisualStudioPackage = True&#xD;
	ConfigurationParser/Constructor/EnumeratePackages/Package&#xD;
		Id = 96f1f3e8-f762-4cd2-8ed9-68ec25c2c722&#xD;
		Name = CPU Usage&#xD;
		Architectures = Arm|Arm64|X86|X64&#xD;
		VisualStudioPackage = True&#xD;
	ConfigurationParser/Constructor/EnumeratePackages/Package&#xD;
		Id = 87c20e3c-a84e-4f56-8bcb-a09a23bfe077&#xD;
		Name = DotNetAlloc&#xD;
		Architectures = Arm|Arm64|X86|X64&#xD;
		VisualStudioPackage = True&#xD;
	ConfigurationParser/Constructor/EnumeratePackages/Package&#xD;
		Id = 4ec3701d-0b28-4ae9-8bc4-20e88ce94c81&#xD;
		Name = EventsViewer&#xD;
		Architectures = Arm|Arm64|X86|X64&#xD;
		VisualStudioPackage = True&#xD;
	ConfigurationParser/Constructor/EnumeratePackages/Package&#xD;
		Id = f1498e2f-1808-4e2a-8c86-b888a59d8446&#xD;
		Name = Database&#xD;
		Architectures = Arm|Arm64|X86|X64&#xD;
		VisualStudioPackage = True&#xD;
	ConfigurationParser/Constructor/EnumeratePackages/Package&#xD;
		Id = db99fe6f-5272-4638-bf5c-c32fc1527b26&#xD;
		Name = DotNetAsync&#xD;
		Architectures = Arm|Arm64|X86|X64&#xD;
		VisualStudioPackage = True&#xD;
	ConfigurationParser/Constructor/EnumeratePackages/Package&#xD;
		Id = cc6587b3-a749-4158-989f-1c3bb2b234f5&#xD;
		Name = Windows10RemoteTools&#xD;
		Architectures = Arm|Arm64|X64|X86&#xD;
		VisualStudioPackage = True&#xD;
	ConfigurationParser/Constructor/EnumeratePackages/Package&#xD;
		Id = 9093ee4a-01e5-44ed-9214-0b4d15023fde&#xD;
		Name = XAML UI Debugger package&#xD;
		Architectures = Arm|Arm64|X86|X64&#xD;
		VisualStudioPackage = True&#xD;
	ConfigurationParser/Constructor/EnumeratePackages/Package&#xD;
		Id = b968cc6a-d2c8-4197-88e3-11662042c291&#xD;
		Name = XAML UI Debugger package&#xD;
		Architectures = Arm|Arm64|X86|X64&#xD;
		VisualStudioPackage = True&#xD;
	ConfigurationParser/Constructor/EnumeratePackages/Package&#xD;
		Id = 57e8cc1f-36e5-41b7-972f-80e4f1016bfc&#xD;
		Name = XAML UI Debugger dependency Package&#xD;
		Architectures = Arm|Arm64|X86|X64&#xD;
		VisualStudioPackage = False&#xD;
ConfigurationParser/Constructor/EnumeratePackages: END (Success, 0:00:00.494)&#xD;
ConfigurationParser/Constructor/EnumerateEmulators: START&#xD;
	NumberOfDevicesFound = 0&#xD;
ConfigurationParser/Constructor/EnumerateEmulators: END (Success, 0:00:00.148)&#xD;
ConfigurationParser/Constructor: END (Success, 0:00:00.652)&#xD;
		DeviceFound = False&#xD;
Attempting to deploy to target 'Local Machine'.&#xD;
Starting local deployment...&#xD;
Deploy: START&#xD;
DeployAsync: START&#xD;
Reading package recipe file "C:\Users\shasnayak\CsWinRT\src\Tests\ObjectLifetimeTests\ObjectLifetimeTests.Lifted\ObjectLifetimeTests.Lifted\bin\x86\Debug\net5.0-windows10.0.19041.0\win10-x86\ObjectLifetimeTests.Lifted.build.appxrecipe"...&#xD;
Deployment layout folder location: "C:\Users\shasnayak\CsWinRT\src\Tests\ObjectLifetimeTests\ObjectLifetimeTests.Lifted\ObjectLifetimeTests.Lifted\bin\x86\Debug\net5.0-windows10.0.19041.0\win10-x86\AppX"&#xD;
Comparing with new recipe: 'C:\Users\shasnayak\CsWinRT\src\Tests\ObjectLifetimeTests\ObjectLifetimeTests.Lifted\ObjectLifetimeTests.Lifted\bin\x86\Debug\net5.0-windows10.0.19041.0\win10-x86\ObjectLifetimeTests.Lifted.build.appxrecipe'&#xD;
File unchanged: 'C:\Users\shasnayak\CsWinRT\src\Tests\ObjectLifetimeTests\ObjectLifetimeTests.Lifted\ObjectLifetimeTests.Lifted\bin\x86\Debug\net5.0-windows10.0.19041.0\win10-x86\resources.pri', timestamp: '2021-05-06T17:57:16.622'&#xD;
File unchanged: 'C:\Users\shasnayak\CsWinRT\src\Tests\ObjectLifetimeTests\ObjectLifetimeTests.Lifted\ObjectLifetimeTests.Lifted\bin\x86\Debug\net5.0-windows10.0.19041.0\win10-x86\ObjectLifetimeTests.Lifted.runtimeconfig.json', timestamp: '2021-05-06T17:57:16.467'&#xD;
File unchanged: 'C:\Users\shasnayak\CsWinRT\src\Tests\ObjectLifetimeTests\ObjectLifetimeTests.Lifted\ObjectLifetimeTests.Lifted\bin\x86\Debug\net5.0-windows10.0.19041.0\win10-x86\ObjectLifetimeTests.Lifted.dll', timestamp: '2021-05-06T17:57:15.932'&#xD;
File unchanged: 'C:\Users\shasnayak\CsWinRT\src\Tests\ObjectLifetimeTests\ObjectLifetimeTests.Lifted\ObjectLifetimeTests.Lifted\obj\x86\Debug\net5.0-windows10.0.19041.0\win10-x86\apphost.exe', timestamp: '2021-05-06T17:57:15.952'&#xD;
File unchanged: 'C:\Users\shasnayak\.nuget\packages\mstest.testadapter\2.2.4-preview-20210412-01\build\_common\Microsoft.VisualStudio.TestPlatform.MSTest.TestAdapter.dll', timestamp: '2021-04-12T09:17:38.000'&#xD;
File unchanged: 'C:\Users\shasnayak\.nuget\packages\mstest.testadapter\2.2.4-preview-20210412-01\build\_common\Microsoft.VisualStudio.TestPlatform.MSTestAdapter.PlatformServices.Interface.dll', timestamp: '2021-04-12T09:09:18.000'&#xD;
File unchanged: 'C:\Users\shasnayak\.nuget\packages\mstest.testadapter\2.2.4-preview-20210412-01\build\net5.0-windows10.0.18362.0\Microsoft.VisualStudio.TestPlatform.MSTestAdapter.PlatformServices.dll', timestamp: '2021-04-12T09:10:32.000'&#xD;
File unchanged: 'C:\Users\shasnayak\.nuget\packages\mstest.testadapter\2.2.4-preview-20210412-01\build\net5.0-windows10.0.18362.0\Microsoft.TestPlatform.AdapterUtilities.dll', timestamp: '2021-02-23T11:57:36.000'&#xD;
File unchanged: 'C:\Users\shasnayak\CsWinRT\src\Tests\ObjectLifetimeTests\ObjectLifetimeTests.Lifted\ObjectLifetimeTests.Lifted\bin\x86\Debug\net5.0-windows10.0.19041.0\win10-x86\ObjectLifetimeTests.Lifted.deps.json', timestamp: '2021-05-06T17:57:16.437'&#xD;
File unchanged: 'C:\Users\shasnayak\.nuget\packages\microsoft.netcore.app.runtime.win-x86\5.0.4\runtimes\win-x86\lib\net5.0\Microsoft.CSharp.dll', timestamp: '2021-02-16T22:24:52.000'&#xD;
File unchanged: 'C:\Users\shasnayak\.nuget\packages\microsoft.netcore.app.runtime.win-x86\5.0.4\runtimes\win-x86\lib\net5.0\Microsoft.VisualBasic.Core.dll', timestamp: '2021-02-16T22:25:18.000'&#xD;
File unchanged: 'C:\Users\shasnayak\.nuget\packages\microsoft.netcore.app.runtime.win-x86\5.0.4\runtimes\win-x86\lib\net5.0\Microsoft.VisualBasic.dll', timestamp: '2021-02-16T22:27:06.000'&#xD;
File unchanged: 'C:\Users\shasnayak\.nuget\packages\microsoft.netcore.app.runtime.win-x86\5.0.4\runtimes\win-x86\lib\net5.0\Microsoft.Win32.Primitives.dll', timestamp: '2021-02-16T22:25:20.000'&#xD;
File unchanged: 'C:\Users\shasnayak\.nuget\packages\microsoft.netcore.app.runtime.win-x86\5.0.4\runtimes\win-x86\lib\net5.0\Microsoft.Win32.Registry.dll', timestamp: '2021-02-16T22:25:18.000'&#xD;
File unchanged: 'C:\Users\shasnayak\.nuget\packages\microsoft.netcore.app.runtime.win-x86\5.0.4\runtimes\win-x86\lib\net5.0\System.AppContext.dll', timestamp: '2021-02-16T22:24:50.000'&#xD;
File unchanged: 'C:\Users\shasnayak\.nuget\packages\microsoft.netcore.app.runtime.win-x86\5.0.4\runtimes\win-x86\lib\net5.0\System.Buffers.dll', timestamp: '2021-02-16T22:25:18.000'&#xD;
File unchanged: 'C:\Users\shasnayak\.nuget\packages\microsoft.netcore.app.runtime.win-x86\5.0.4\runtimes\win-x86\lib\net5.0\System.Collections.Concurrent.dll', timestamp: '2021-02-16T22:24:52.000'&#xD;
File unchanged: 'C:\Users\shasnayak\.nuget\packages\microsoft.netcore.app.runtime.win-x86\5.0.4\runtimes\win-x86\lib\net5.0\System.Collections.Immutable.dll', timestamp: '2021-02-16T22:24:52.000'&#xD;
File unchanged: 'C:\Users\shasnayak\.nuget\packages\microsoft.netcore.app.runtime.win-x86\5.0.4\runtimes\win-x86\lib\net5.0\System.Collections.NonGeneric.dll', timestamp: '2021-02-16T22:25:22.000'&#xD;
File unchanged: 'C:\Users\shasnayak\.nuget\packages\microsoft.netcore.app.runtime.win-x86\5.0.4\runtimes\win-x86\lib\net5.0\System.Collections.Specialized.dll', timestamp: '2021-02-16T22:24:52.000'&#xD;
File unchanged: 'C:\Users\shasnayak\.nuget\packages\microsoft.netcore.app.runtime.win-x86\5.0.4\runtimes\win-x86\lib\net5.0\System.Collections.dll', timestamp: '2021-02-16T22:24:52.000'&#xD;
File unchanged: 'C:\Users\shasnayak\.nuget\packages\microsoft.netcore.app.runtime.win-x86\5.0.4\runtimes\win-x86\lib\net5.0\System.ComponentModel.Annotations.dll', timestamp: '2021-02-16T22:24:52.000'&#xD;
File unchanged: 'C:\Users\shasnayak\.nuget\packages\microsoft.netcore.app.runtime.win-x86\5.0.4\runtimes\win-x86\lib\net5.0\System.ComponentModel.DataAnnotations.dll', timestamp: '2021-02-16T22:24:52.000'&#xD;
File unchanged: 'C:\Users\shasnayak\.nuget\packages\microsoft.netcore.app.runtime.win-x86\5.0.4\runtimes\win-x86\lib\net5.0\System.ComponentModel.EventBasedAsync.dll', timestamp: '2021-02-16T22:24:50.000'&#xD;
File unchanged: 'C:\Users\shasnayak\.nuget\packages\microsoft.netcore.app.runtime.win-x86\5.0.4\runtimes\win-x86\lib\net5.0\System.ComponentModel.Primitives.dll', timestamp: '2021-02-16T22:24:52.000'&#xD;
File unchanged: 'C:\Users\shasnayak\.nuget\packages\microsoft.netcore.app.runtime.win-x86\5.0.4\runtimes\win-x86\lib\net5.0\System.ComponentModel.TypeConverter.dll', timestamp: '2021-02-16T22:26:06.000'&#xD;
File unchanged: 'C:\Users\shasnayak\.nuget\packages\microsoft.netcore.app.runtime.win-x86\5.0.4\runtimes\win-x86\lib\net5.0\System.ComponentModel.dll', timestamp: '2021-02-16T22:25:18.000'&#xD;
File unchanged: 'C:\Users\shasnayak\.nuget\packages\microsoft.netcore.app.runtime.win-x86\5.0.4\runtimes\win-x86\lib\net5.0\System.Configuration.dll', timestamp: '2021-02-16T22:28:56.000'&#xD;
File unchanged: 'C:\Users\shasnayak\.nuget\packages\microsoft.netcore.app.runtime.win-x86\5.0.4\runtimes\win-x86\lib\net5.0\System.Console.dll', timestamp: '2021-02-16T22:25:20.000'&#xD;
File unchanged: 'C:\Users\shasnayak\.nuget\packages\microsoft.netcore.app.runtime.win-x86\5.0.4\runtimes\win-x86\lib\net5.0\System.Core.dll', timestamp: '2021-02-16T22:26:06.000'&#xD;
File unchanged: 'C:\Users\shasnayak\.nuget\packages\microsoft.netcore.app.runtime.win-x86\5.0.4\runtimes\win-x86\lib\net5.0\System.Data.Common.dll', timestamp: '2021-02-16T22:25:46.000'&#xD;
File unchanged: 'C:\Users\shasnayak\.nuget\packages\microsoft.netcore.app.runtime.win-x86\5.0.4\runtimes\win-x86\lib\net5.0\System.Data.DataSetExtensions.dll', timestamp: '2021-02-16T22:24:56.000'&#xD;
File unchanged: 'C:\Users\shasnayak\.nuget\packages\microsoft.netcore.app.runtime.win-x86\5.0.4\runtimes\win-x86\lib\net5.0\System.Data.dll', timestamp: '2021-02-16T22:24:54.000'&#xD;
File unchanged: 'C:\Users\shasnayak\.nuget\packages\microsoft.netcore.app.runtime.win-x86\5.0.4\runtimes\win-x86\lib\net5.0\System.Diagnostics.Contracts.dll', timestamp: '2021-02-16T22:24:54.000'&#xD;
File unchanged: 'C:\Users\shasnayak\.nuget\packages\microsoft.netcore.app.runtime.win-x86\5.0.4\runtimes\win-x86\lib\net5.0\System.Diagnostics.Debug.dll', timestamp: '2021-02-16T22:24:54.000'&#xD;
File unchanged: 'C:\Users\shasnayak\.nuget\packages\microsoft.netcore.app.runtime.win-x86\5.0.4\runtimes\win-x86\lib\net5.0\System.Diagnostics.DiagnosticSource.dll', timestamp: '2021-02-16T22:24:54.000'&#xD;
File unchanged: 'C:\Users\shasnayak\.nuget\packages\microsoft.netcore.app.runtime.win-x86\5.0.4\runtimes\win-x86\lib\net5.0\System.Diagnostics.FileVersionInfo.dll', timestamp: '2021-02-16T22:24:54.000'&#xD;
File unchanged: 'C:\Users\shasnayak\.nuget\packages\microsoft.netcore.app.runtime.win-x86\5.0.4\runtimes\win-x86\lib\net5.0\System.Diagnostics.Process.dll', timestamp: '2021-02-16T22:24:56.000'&#xD;
File unchanged: 'C:\Users\shasnayak\.nuget\packages\microsoft.netcore.app.runtime.win-x86\5.0.4\runtimes\win-x86\lib\net5.0\System.Diagnostics.StackTrace.dll', timestamp: '2021-02-16T22:25:20.000'&#xD;
File unchanged: 'C:\Users\shasnayak\.nuget\packages\microsoft.netcore.app.runtime.win-x86\5.0.4\runtimes\win-x86\lib\net5.0\System.Diagnostics.TextWriterTraceListener.dll', timestamp: '2021-02-16T22:24:56.000'&#xD;
File unchanged: 'C:\Users\shasnayak\.nuget\packages\microsoft.netcore.app.runtime.win-x86\5.0.4\runtimes\win-x86\lib\net5.0\System.Diagnostics.Tools.dll', timestamp: '2021-02-16T22:25:18.000'&#xD;
File unchanged: 'C:\Users\shasnayak\.nuget\packages\microsoft.netcore.app.runtime.win-x86\5.0.4\runtimes\win-x86\lib\net5.0\System.Diagnostics.TraceSource.dll', timestamp: '2021-02-16T22:26:46.000'&#xD;
File unchanged: 'C:\Users\shasnayak\.nuget\packages\microsoft.netcore.app.runtime.win-x86\5.0.4\runtimes\win-x86\lib\net5.0\System.Diagnostics.Tracing.dll', timestamp: '2021-02-16T22:24:56.000'&#xD;
File unchanged: 'C:\Users\shasnayak\.nuget\packages\microsoft.netcore.app.runtime.win-x86\5.0.4\runtimes\win-x86\lib\net5.0\System.Drawing.Primitives.dll', timestamp: '2021-02-16T22:25:22.000'&#xD;
File unchanged: 'C:\Users\shasnayak\.nuget\packages\microsoft.netcore.app.runtime.win-x86\5.0.4\runtimes\win-x86\lib\net5.0\System.Drawing.dll', timestamp: '2021-02-16T22:24:56.000'&#xD;
File unchanged: 'C:\Users\shasnayak\.nuget\packages\microsoft.netcore.app.runtime.win-x86\5.0.4\runtimes\win-x86\lib\net5.0\System.Dynamic.Runtime.dll', timestamp: '2021-02-16T22:24:56.000'&#xD;
File unchanged: 'C:\Users\shasnayak\.nuget\packages\microsoft.netcore.app.runtime.win-x86\5.0.4\runtimes\win-x86\lib\net5.0\System.Formats.Asn1.dll', timestamp: '2021-02-16T22:26:46.000'&#xD;
File unchanged: 'C:\Users\shasnayak\.nuget\packages\microsoft.netcore.app.runtime.win-x86\5.0.4\runtimes\win-x86\lib\net5.0\System.Globalization.Calendars.dll', timestamp: '2021-02-16T22:24:56.000'&#xD;
File unchanged: 'C:\Users\shasnayak\.nuget\packages\microsoft.netcore.app.runtime.win-x86\5.0.4\runtimes\win-x86\lib\net5.0\System.Globalization.Extensions.dll', timestamp: '2021-02-16T22:25:20.000'&#xD;
File unchanged: 'C:\Users\shasnayak\.nuget\packages\microsoft.netcore.app.runtime.win-x86\5.0.4\runtimes\win-x86\lib\net5.0\System.Globalization.dll', timestamp: '2021-02-16T22:25:46.000'&#xD;
File unchanged: 'C:\Users\shasnayak\.nuget\packages\microsoft.netcore.app.runtime.win-x86\5.0.4\runtimes\win-x86\lib\net5.0\System.IO.Compression.Brotli.dll', timestamp: '2021-02-16T22:24:56.000'&#xD;
File unchanged: 'C:\Users\shasnayak\.nuget\packages\microsoft.netcore.app.runtime.win-x86\5.0.4\runtimes\win-x86\lib\net5.0\System.IO.Compression.FileSystem.dll', timestamp: '2021-02-16T22:26:26.000'&#xD;
File unchanged: 'C:\Users\shasnayak\.nuget\packages\microsoft.netcore.app.runtime.win-x86\5.0.4\runtimes\win-x86\lib\net5.0\System.IO.Compression.ZipFile.dll', timestamp: '2021-02-16T22:25:24.000'&#xD;
File unchanged: 'C:\Users\shasnayak\.nuget\packages\microsoft.netcore.app.runtime.win-x86\5.0.4\runtimes\win-x86\lib\net5.0\System.IO.Compression.dll', timestamp: '2021-02-16T22:24:56.000'&#xD;
File unchanged: 'C:\Users\shasnayak\.nuget\packages\microsoft.netcore.app.runtime.win-x86\5.0.4\runtimes\win-x86\lib\net5.0\System.IO.FileSystem.AccessControl.dll', timestamp: '2021-02-16T22:24:30.000'&#xD;
File unchanged: 'C:\Users\shasnayak\.nuget\packages\microsoft.netcore.app.runtime.win-x86\5.0.4\runtimes\win-x86\lib\net5.0\System.IO.FileSystem.DriveInfo.dll', timestamp: '2021-02-16T22:25:46.000'&#xD;
File unchanged: 'C:\Users\shasnayak\.nuget\packages\microsoft.netcore.app.runtime.win-x86\5.0.4\runtimes\win-x86\lib\net5.0\System.IO.FileSystem.Primitives.dll', timestamp: '2021-02-16T22:25:22.000'&#xD;
File unchanged: 'C:\Users\shasnayak\.nuget\packages\microsoft.netcore.app.runtime.win-x86\5.0.4\runtimes\win-x86\lib\net5.0\System.IO.FileSystem.Watcher.dll', timestamp: '2021-02-16T22:24:30.000'&#xD;
File unchanged: 'C:\Users\shasnayak\.nuget\packages\microsoft.netcore.app.runtime.win-x86\5.0.4\runtimes\win-x86\lib\net5.0\System.IO.FileSystem.dll', timestamp: '2021-02-16T22:25:46.000'&#xD;
File unchanged: 'C:\Users\shasnayak\.nuget\packages\microsoft.netcore.app.runtime.win-x86\5.0.4\runtimes\win-x86\lib\net5.0\System.IO.IsolatedStorage.dll', timestamp: '2021-02-16T22:24:56.000'&#xD;
File unchanged: 'C:\Users\shasnayak\.nuget\packages\microsoft.netcore.app.runtime.win-x86\5.0.4\runtimes\win-x86\lib\net5.0\System.IO.MemoryMappedFiles.dll', timestamp: '2021-02-16T22:25:22.000'&#xD;
File unchanged: 'C:\Users\shasnayak\.nuget\packages\microsoft.netcore.app.runtime.win-x86\5.0.4\runtimes\win-x86\lib\net5.0\System.IO.Pipes.AccessControl.dll', timestamp: '2021-02-16T22:24:56.000'&#xD;
File unchanged: 'C:\Users\shasnayak\.nuget\packages\microsoft.netcore.app.runtime.win-x86\5.0.4\runtimes\win-x86\lib\net5.0\System.IO.Pipes.dll', timestamp: '2021-02-16T22:26:46.000'&#xD;
File unchanged: 'C:\Users\shasnayak\.nuget\packages\microsoft.netcore.app.runtime.win-x86\5.0.4\runtimes\win-x86\lib\net5.0\System.IO.UnmanagedMemoryStream.dll', timestamp: '2021-02-16T22:24:56.000'&#xD;
File unchanged: 'C:\Users\shasnayak\.nuget\packages\microsoft.netcore.app.runtime.win-x86\5.0.4\runtimes\win-x86\lib\net5.0\System.IO.dll', timestamp: '2021-02-16T22:24:30.000'&#xD;
File unchanged: 'C:\Users\shasnayak\.nuget\packages\microsoft.netcore.app.runtime.win-x86\5.0.4\runtimes\win-x86\lib\net5.0\System.Linq.Expressions.dll', timestamp: '2021-02-16T22:25:24.000'&#xD;
File unchanged: 'C:\Users\shasnayak\.nuget\packages\microsoft.netcore.app.runtime.win-x86\5.0.4\runtimes\win-x86\lib\net5.0\System.Linq.Parallel.dll', timestamp: '2021-02-16T22:24:58.000'&#xD;
File unchanged: 'C:\Users\shasnayak\.nuget\packages\microsoft.netcore.app.runtime.win-x86\5.0.4\runtimes\win-x86\lib\net5.0\System.Linq.Queryable.dll', timestamp: '2021-02-16T22:24:58.000'&#xD;
File unchanged: 'C:\Users\shasnayak\.nuget\packages\microsoft.netcore.app.runtime.win-x86\5.0.4\runtimes\win-x86\lib\net5.0\System.Linq.dll', timestamp: '2021-02-16T22:24:58.000'&#xD;
File unchanged: 'C:\Users\shasnayak\.nuget\packages\microsoft.netcore.app.runtime.win-x86\5.0.4\runtimes\win-x86\lib\net5.0\System.Memory.dll', timestamp: '2021-02-16T22:24:58.000'&#xD;
File unchanged: 'C:\Users\shasnayak\.nuget\packages\microsoft.netcore.app.runtime.win-x86\5.0.4\runtimes\win-x86\lib\net5.0\System.Net.Http.Json.dll', timestamp: '2021-02-16T22:24:58.000'&#xD;
File unchanged: 'C:\Users\shasnayak\.nuget\packages\microsoft.netcore.app.runtime.win-x86\5.0.4\runtimes\win-x86\lib\net5.0\System.Net.Http.dll', timestamp: '2021-02-16T22:25:26.000'&#xD;
File unchanged: 'C:\Users\shasnayak\.nuget\packages\microsoft.netcore.app.runtime.win-x86\5.0.4\runtimes\win-x86\lib\net5.0\System.Net.HttpListener.dll', timestamp: '2021-02-16T22:25:24.000'&#xD;
File unchanged: 'C:\Users\shasnayak\.nuget\packages\microsoft.netcore.app.runtime.win-x86\5.0.4\runtimes\win-x86\lib\net5.0\System.Net.Mail.dll', timestamp: '2021-02-16T22:25:26.000'&#xD;
File unchanged: 'C:\Users\shasnayak\.nuget\packages\microsoft.netcore.app.runtime.win-x86\5.0.4\runtimes\win-x86\lib\net5.0\System.Net.NameResolution.dll', timestamp: '2021-02-16T22:26:26.000'&#xD;
File unchanged: 'C:\Users\shasnayak\.nuget\packages\microsoft.netcore.app.runtime.win-x86\5.0.4\runtimes\win-x86\lib\net5.0\System.Net.NetworkInformation.dll', timestamp: '2021-02-16T22:25:24.000'&#xD;
File unchanged: 'C:\Users\shasnayak\.nuget\packages\microsoft.netcore.app.runtime.win-x86\5.0.4\runtimes\win-x86\lib\net5.0\System.Net.Ping.dll', timestamp: '2021-02-16T22:24:58.000'&#xD;
File unchanged: 'C:\Users\shasnayak\.nuget\packages\microsoft.netcore.app.runtime.win-x86\5.0.4\runtimes\win-x86\lib\net5.0\System.Net.Primitives.dll', timestamp: '2021-02-16T22:25:00.000'&#xD;
File unchanged: 'C:\Users\shasnayak\.nuget\packages\microsoft.netcore.app.runtime.win-x86\5.0.4\runtimes\win-x86\lib\net5.0\System.Net.Requests.dll', timestamp: '2021-02-16T22:24:58.000'&#xD;
File unchanged: 'C:\Users\shasnayak\.nuget\packages\microsoft.netcore.app.runtime.win-x86\5.0.4\runtimes\win-x86\lib\net5.0\System.Net.Security.dll', timestamp: '2021-02-16T22:25:00.000'&#xD;
File unchanged: 'C:\Users\shasnayak\.nuget\packages\microsoft.netcore.app.runtime.win-x86\5.0.4\runtimes\win-x86\lib\net5.0\System.Net.ServicePoint.dll', timestamp: '2021-02-16T22:24:58.000'&#xD;
File unchanged: 'C:\Users\shasnayak\.nuget\packages\microsoft.netcore.app.runtime.win-x86\5.0.4\runtimes\win-x86\lib\net5.0\System.Net.Sockets.dll', timestamp: '2021-02-16T22:25:42.000'&#xD;
File unchanged: 'C:\Users\shasnayak\.nuget\packages\microsoft.netcore.app.runtime.win-x86\5.0.4\runtimes\win-x86\lib\net5.0\System.Net.WebClient.dll', timestamp: '2021-02-16T22:25:42.000'&#xD;
File unchanged: 'C:\Users\shasnayak\.nuget\packages\microsoft.netcore.app.runtime.win-x86\5.0.4\runtimes\win-x86\lib\net5.0\System.Net.WebHeaderCollection.dll', timestamp: '2021-02-16T22:24:52.000'&#xD;
File unchanged: 'C:\Users\shasnayak\.nuget\packages\microsoft.netcore.app.runtime.win-x86\5.0.4\runtimes\win-x86\lib\net5.0\System.Net.WebProxy.dll', timestamp: '2021-02-16T22:25:18.000'&#xD;
File unchanged: 'C:\Users\shasnayak\.nuget\packages\microsoft.netcore.app.runtime.win-x86\5.0.4\runtimes\win-x86\lib\net5.0\System.Net.WebSockets.Client.dll', timestamp: '2021-02-16T22:24:52.000'&#xD;
File unchanged: 'C:\Users\shasnayak\.nuget\packages\microsoft.netcore.app.runtime.win-x86\5.0.4\runtimes\win-x86\lib\net5.0\System.Net.WebSockets.dll', timestamp: '2021-02-16T22:25:42.000'&#xD;
File unchanged: 'C:\Users\shasnayak\.nuget\packages\microsoft.netcore.app.runtime.win-x86\5.0.4\runtimes\win-x86\lib\net5.0\System.Net.dll', timestamp: '2021-02-16T22:25:46.000'&#xD;
File unchanged: 'C:\Users\shasnayak\.nuget\packages\microsoft.netcore.app.runtime.win-x86\5.0.4\runtimes\win-x86\lib\net5.0\System.Numerics.Vectors.dll', timestamp: '2021-02-16T22:24:50.000'&#xD;
File unchanged: 'C:\Users\shasnayak\.nuget\packages\microsoft.netcore.app.runtime.win-x86\5.0.4\runtimes\win-x86\lib\net5.0\System.Numerics.dll', timestamp: '2021-02-16T22:25:18.000'&#xD;
File unchanged: 'C:\Users\shasnayak\.nuget\packages\microsoft.netcore.app.runtime.win-x86\5.0.4\runtimes\win-x86\lib\net5.0\System.ObjectModel.dll', timestamp: '2021-02-16T22:24:52.000'&#xD;
File unchanged: 'C:\Users\shasnayak\.nuget\packages\microsoft.netcore.app.runtime.win-x86\5.0.4\runtimes\win-x86\lib\net5.0\System.Private.DataContractSerialization.dll', timestamp: '2021-02-16T22:24:52.000'&#xD;
File unchanged: 'C:\Users\shasnayak\.nuget\packages\microsoft.netcore.app.runtime.win-x86\5.0.4\runtimes\win-x86\lib\net5.0\System.Private.Uri.dll', timestamp: '2021-02-16T22:24:50.000'&#xD;
File unchanged: 'C:\Users\shasnayak\.nuget\packages\microsoft.netcore.app.runtime.win-x86\5.0.4\runtimes\win-x86\lib\net5.0\System.Private.Xml.Linq.dll', timestamp: '2021-02-16T22:25:20.000'&#xD;
File unchanged: 'C:\Users\shasnayak\.nuget\packages\microsoft.netcore.app.runtime.win-x86\5.0.4\runtimes\win-x86\lib\net5.0\System.Private.Xml.dll', timestamp: '2021-02-16T22:25:18.000'&#xD;
File unchanged: 'C:\Users\shasnayak\.nuget\packages\microsoft.netcore.app.runtime.win-x86\5.0.4\runtimes\win-x86\lib\net5.0\System.Reflection.DispatchProxy.dll', timestamp: '2021-02-16T22:24:50.000'&#xD;
File unchanged: 'C:\Users\shasnayak\.nuget\packages\microsoft.netcore.app.runtime.win-x86\5.0.4\runtimes\win-x86\lib\net5.0\System.Reflection.Emit.ILGeneration.dll', timestamp: '2021-02-16T22:24:50.000'&#xD;
File unchanged: 'C:\Users\shasnayak\.nuget\packages\microsoft.netcore.app.runtime.win-x86\5.0.4\runtimes\win-x86\lib\net5.0\System.Reflection.Emit.Lightweight.dll', timestamp: '2021-02-16T22:25:20.000'&#xD;
File unchanged: 'C:\Users\shasnayak\.nuget\packages\microsoft.netcore.app.runtime.win-x86\5.0.4\runtimes\win-x86\lib\net5.0\System.Reflection.Emit.dll', timestamp: '2021-02-16T22:24:50.000'&#xD;
File unchanged: 'C:\Users\shasnayak\.nuget\packages\microsoft.netcore.app.runtime.win-x86\5.0.4\runtimes\win-x86\lib\net5.0\System.Reflection.Extensions.dll', timestamp: '2021-02-16T22:24:52.000'&#xD;
File unchanged: 'C:\Users\shasnayak\.nuget\packages\microsoft.netcore.app.runtime.win-x86\5.0.4\runtimes\win-x86\lib\net5.0\System.Reflection.Metadata.dll', timestamp: '2021-02-16T22:25:42.000'&#xD;
File unchanged: 'C:\Users\shasnayak\.nuget\packages\microsoft.netcore.app.runtime.win-x86\5.0.4\runtimes\win-x86\lib\net5.0\System.Reflection.Primitives.dll', timestamp: '2021-02-16T22:25:16.000'&#xD;
File unchanged: 'C:\Users\shasnayak\.nuget\packages\microsoft.netcore.app.runtime.win-x86\5.0.4\runtimes\win-x86\lib\net5.0\System.Reflection.TypeExtensions.dll', timestamp: '2021-02-16T22:24:52.000'&#xD;
File unchanged: 'C:\Users\shasnayak\.nuget\packages\microsoft.netcore.app.runtime.win-x86\5.0.4\runtimes\win-x86\lib\net5.0\System.Reflection.dll', timestamp: '2021-02-16T22:24:52.000'&#xD;
File unchanged: 'C:\Users\shasnayak\.nuget\packages\microsoft.netcore.app.runtime.win-x86\5.0.4\runtimes\win-x86\lib\net5.0\System.Resources.Reader.dll', timestamp: '2021-02-16T22:24:52.000'&#xD;
File unchanged: 'C:\Users\shasnayak\.nuget\packages\microsoft.netcore.app.runtime.win-x86\5.0.4\runtimes\win-x86\lib\net5.0\System.Resources.ResourceManager.dll', timestamp: '2021-02-16T22:24:52.000'&#xD;
File unchanged: 'C:\Users\shasnayak\.nuget\packages\microsoft.netcore.app.runtime.win-x86\5.0.4\runtimes\win-x86\lib\net5.0\System.Resources.Writer.dll', timestamp: '2021-02-16T22:24:52.000'&#xD;
File unchanged: 'C:\Users\shasnayak\.nuget\packages\microsoft.netcore.app.runtime.win-x86\5.0.4\runtimes\win-x86\lib\net5.0\System.Runtime.CompilerServices.Unsafe.dll', timestamp: '2021-02-16T22:24:54.000'&#xD;
File unchanged: 'C:\Users\shasnayak\.nuget\packages\microsoft.netcore.app.runtime.win-x86\5.0.4\runtimes\win-x86\lib\net5.0\System.Runtime.CompilerServices.VisualC.dll', timestamp: '2021-02-16T22:24:54.000'&#xD;
File unchanged: 'C:\Users\shasnayak\.nuget\packages\microsoft.netcore.app.runtime.win-x86\5.0.4\runtimes\win-x86\lib\net5.0\System.Runtime.Extensions.dll', timestamp: '2021-02-16T22:24:54.000'&#xD;
File unchanged: 'C:\Users\shasnayak\.nuget\packages\microsoft.netcore.app.runtime.win-x86\5.0.4\runtimes\win-x86\lib\net5.0\System.Runtime.Handles.dll', timestamp: '2021-02-16T22:25:20.000'&#xD;
File unchanged: 'C:\Users\shasnayak\.nuget\packages\microsoft.netcore.app.runtime.win-x86\5.0.4\runtimes\win-x86\lib\net5.0\System.Runtime.InteropServices.RuntimeInformation.dll', timestamp: '2021-02-16T22:25:42.000'&#xD;
File unchanged: 'C:\Users\shasnayak\.nuget\packages\microsoft.netcore.app.runtime.win-x86\5.0.4\runtimes\win-x86\lib\net5.0\System.Runtime.InteropServices.dll', timestamp: '2021-02-16T22:25:16.000'&#xD;
File unchanged: 'C:\Users\shasnayak\.nuget\packages\microsoft.netcore.app.runtime.win-x86\5.0.4\runtimes\win-x86\lib\net5.0\System.Runtime.Intrinsics.dll', timestamp: '2021-02-16T22:24:54.000'&#xD;
File unchanged: 'C:\Users\shasnayak\.nuget\packages\microsoft.netcore.app.runtime.win-x86\5.0.4\runtimes\win-x86\lib\net5.0\System.Runtime.Loader.dll', timestamp: '2021-02-16T22:24:54.000'&#xD;
File unchanged: 'C:\Users\shasnayak\.nuget\packages\microsoft.netcore.app.runtime.win-x86\5.0.4\runtimes\win-x86\lib\net5.0\System.Runtime.Numerics.dll', timestamp: '2021-02-16T22:28:56.000'&#xD;
File unchanged: 'C:\Users\shasnayak\.nuget\packages\microsoft.netcore.app.runtime.win-x86\5.0.4\runtimes\win-x86\lib\net5.0\System.Runtime.Serialization.Formatters.dll', timestamp: '2021-02-16T22:26:22.000'&#xD;
File unchanged: 'C:\Users\shasnayak\.nuget\packages\microsoft.netcore.app.runtime.win-x86\5.0.4\runtimes\win-x86\lib\net5.0\System.Runtime.Serialization.Json.dll', timestamp: '2021-02-16T22:26:22.000'&#xD;
File unchanged: 'C:\Users\shasnayak\.nuget\packages\microsoft.netcore.app.runtime.win-x86\5.0.4\runtimes\win-x86\lib\net5.0\System.Runtime.Serialization.Primitives.dll', timestamp: '2021-02-16T22:24:30.000'&#xD;
File unchanged: 'C:\Users\shasnayak\.nuget\packages\microsoft.netcore.app.runtime.win-x86\5.0.4\runtimes\win-x86\lib\net5.0\System.Runtime.Serialization.Xml.dll', timestamp: '2021-02-16T22:24:54.000'&#xD;
File unchanged: 'C:\Users\shasnayak\.nuget\packages\microsoft.netcore.app.runtime.win-x86\5.0.4\runtimes\win-x86\lib\net5.0\System.Runtime.Serialization.dll', timestamp: '2021-02-16T22:27:24.000'&#xD;
File unchanged: 'C:\Users\shasnayak\.nuget\packages\microsoft.netcore.app.runtime.win-x86\5.0.4\runtimes\win-x86\lib\net5.0\System.Runtime.dll', timestamp: '2021-02-16T22:24:54.000'&#xD;
File unchanged: 'C:\Users\shasnayak\.nuget\packages\microsoft.netcore.app.runtime.win-x86\5.0.4\runtimes\win-x86\lib\net5.0\System.Security.AccessControl.dll', timestamp: '2021-02-16T22:25:20.000'&#xD;
File unchanged: 'C:\Users\shasnayak\.nuget\packages\microsoft.netcore.app.runtime.win-x86\5.0.4\runtimes\win-x86\lib\net5.0\System.Security.Claims.dll', timestamp: '2021-02-16T22:25:18.000'&#xD;
File unchanged: 'C:\Users\shasnayak\.nuget\packages\microsoft.netcore.app.runtime.win-x86\5.0.4\runtimes\win-x86\lib\net5.0\System.Security.Cryptography.Algorithms.dll', timestamp: '2021-02-16T22:24:54.000'&#xD;
File unchanged: 'C:\Users\shasnayak\.nuget\packages\microsoft.netcore.app.runtime.win-x86\5.0.4\runtimes\win-x86\lib\net5.0\System.Security.Cryptography.Cng.dll', timestamp: '2021-02-16T22:25:20.000'&#xD;
File unchanged: 'C:\Users\shasnayak\.nuget\packages\microsoft.netcore.app.runtime.win-x86\5.0.4\runtimes\win-x86\lib\net5.0\System.Security.Cryptography.Csp.dll', timestamp: '2021-02-16T22:24:54.000'&#xD;
File unchanged: 'C:\Users\shasnayak\.nuget\packages\microsoft.netcore.app.runtime.win-x86\5.0.4\runtimes\win-x86\lib\net5.0\System.Security.Cryptography.Encoding.dll', timestamp: '2021-02-16T22:24:56.000'&#xD;
File unchanged: 'C:\Users\shasnayak\.nuget\packages\microsoft.netcore.app.runtime.win-x86\5.0.4\runtimes\win-x86\lib\net5.0\System.Security.Cryptography.OpenSsl.dll', timestamp: '2021-02-16T22:25:20.000'&#xD;
File unchanged: 'C:\Users\shasnayak\.nuget\packages\microsoft.netcore.app.runtime.win-x86\5.0.4\runtimes\win-x86\lib\net5.0\System.Security.Cryptography.Primitives.dll', timestamp: '2021-02-16T22:24:54.000'&#xD;
File unchanged: 'C:\Users\shasnayak\.nuget\packages\microsoft.netcore.app.runtime.win-x86\5.0.4\runtimes\win-x86\lib\net5.0\System.Security.Cryptography.X509Certificates.dll', timestamp: '2021-02-16T22:24:56.000'&#xD;
File unchanged: 'C:\Users\shasnayak\.nuget\packages\microsoft.netcore.app.runtime.win-x86\5.0.4\runtimes\win-x86\lib\net5.0\System.Security.Principal.Windows.dll', timestamp: '2021-02-16T22:24:56.000'&#xD;
File unchanged: 'C:\Users\shasnayak\.nuget\packages\microsoft.netcore.app.runtime.win-x86\5.0.4\runtimes\win-x86\lib\net5.0\System.Security.Principal.dll', timestamp: '2021-02-16T22:25:20.000'&#xD;
File unchanged: 'C:\Users\shasnayak\.nuget\packages\microsoft.netcore.app.runtime.win-x86\5.0.4\runtimes\win-x86\lib\net5.0\System.Security.SecureString.dll', timestamp: '2021-02-16T22:25:20.000'&#xD;
File unchanged: 'C:\Users\shasnayak\.nuget\packages\microsoft.netcore.app.runtime.win-x86\5.0.4\runtimes\win-x86\lib\net5.0\System.Security.dll', timestamp: '2021-02-16T22:24:56.000'&#xD;
File unchanged: 'C:\Users\shasnayak\.nuget\packages\microsoft.netcore.app.runtime.win-x86\5.0.4\runtimes\win-x86\lib\net5.0\System.ServiceModel.Web.dll', timestamp: '2021-02-16T22:25:20.000'&#xD;
File unchanged: 'C:\Users\shasnayak\.nuget\packages\microsoft.netcore.app.runtime.win-x86\5.0.4\runtimes\win-x86\lib\net5.0\System.ServiceProcess.dll', timestamp: '2021-02-16T22:24:56.000'&#xD;
File unchanged: 'C:\Users\shasnayak\.nuget\packages\microsoft.netcore.app.runtime.win-x86\5.0.4\runtimes\win-x86\lib\net5.0\System.Text.Encoding.CodePages.dll', timestamp: '2021-02-16T22:25:20.000'&#xD;
File unchanged: 'C:\Users\shasnayak\.nuget\packages\microsoft.netcore.app.runtime.win-x86\5.0.4\runtimes\win-x86\lib\net5.0\System.Text.Encoding.Extensions.dll', timestamp: '2021-02-16T22:25:20.000'&#xD;
File unchanged: 'C:\Users\shasnayak\.nuget\packages\microsoft.netcore.app.runtime.win-x86\5.0.4\runtimes\win-x86\lib\net5.0\System.Text.Encoding.dll', timestamp: '2021-02-16T22:26:44.000'&#xD;
File unchanged: 'C:\Users\shasnayak\.nuget\packages\microsoft.netcore.app.runtime.win-x86\5.0.4\runtimes\win-x86\lib\net5.0\System.Text.Encodings.Web.dll', timestamp: '2021-02-16T22:24:56.000'&#xD;
File unchanged: 'C:\Users\shasnayak\.nuget\packages\microsoft.netcore.app.runtime.win-x86\5.0.4\runtimes\win-x86\lib\net5.0\System.Text.Json.dll', timestamp: '2021-02-16T22:24:56.000'&#xD;
File unchanged: 'C:\Users\shasnayak\.nuget\packages\microsoft.netcore.app.runtime.win-x86\5.0.4\runtimes\win-x86\lib\net5.0\System.Text.RegularExpressions.dll', timestamp: '2021-02-16T22:26:02.000'&#xD;
File unchanged: 'C:\Users\shasnayak\.nuget\packages\microsoft.netcore.app.runtime.win-x86\5.0.4\runtimes\win-x86\lib\net5.0\System.Threading.Channels.dll', timestamp: '2021-02-16T22:25:20.000'&#xD;
File unchanged: 'C:\Users\shasnayak\.nuget\packages\microsoft.netcore.app.runtime.win-x86\5.0.4\runtimes\win-x86\lib\net5.0\System.Threading.Overlapped.dll', timestamp: '2021-02-16T22:24:56.000'&#xD;
File unchanged: 'C:\Users\shasnayak\.nuget\packages\microsoft.netcore.app.runtime.win-x86\5.0.4\runtimes\win-x86\lib\net5.0\System.Threading.Tasks.Dataflow.dll', timestamp: '2021-02-16T22:25:22.000'&#xD;
File unchanged: 'C:\Users\shasnayak\.nuget\packages\microsoft.netcore.app.runtime.win-x86\5.0.4\runtimes\win-x86\lib\net5.0\System.Threading.Tasks.Extensions.dll', timestamp: '2021-02-16T22:24:58.000'&#xD;
File unchanged: 'C:\Users\shasnayak\.nuget\packages\microsoft.netcore.app.runtime.win-x86\5.0.4\runtimes\win-x86\lib\net5.0\System.Threading.Tasks.Parallel.dll', timestamp: '2021-02-16T22:24:56.000'&#xD;
File unchanged: 'C:\Users\shasnayak\.nuget\packages\microsoft.netcore.app.runtime.win-x86\5.0.4\runtimes\win-x86\lib\net5.0\System.Threading.Tasks.dll', timestamp: '2021-02-16T22:25:22.000'&#xD;
File unchanged: 'C:\Users\shasnayak\.nuget\packages\microsoft.netcore.app.runtime.win-x86\5.0.4\runtimes\win-x86\lib\net5.0\System.Threading.Thread.dll', timestamp: '2021-02-16T22:25:22.000'&#xD;
File unchanged: 'C:\Users\shasnayak\.nuget\packages\microsoft.netcore.app.runtime.win-x86\5.0.4\runtimes\win-x86\lib\net5.0\System.Threading.ThreadPool.dll', timestamp: '2021-02-16T22:24:56.000'&#xD;
File unchanged: 'C:\Users\shasnayak\.nuget\packages\microsoft.netcore.app.runtime.win-x86\5.0.4\runtimes\win-x86\lib\net5.0\System.Threading.Timer.dll', timestamp: '2021-02-16T22:24:58.000'&#xD;
File unchanged: 'C:\Users\shasnayak\.nuget\packages\microsoft.netcore.app.runtime.win-x86\5.0.4\runtimes\win-x86\lib\net5.0\System.Threading.dll', timestamp: '2021-02-16T22:28:56.000'&#xD;
File unchanged: 'C:\Users\shasnayak\.nuget\packages\microsoft.netcore.app.runtime.win-x86\5.0.4\runtimes\win-x86\lib\net5.0\System.Transactions.Local.dll', timestamp: '2021-02-16T22:24:58.000'&#xD;
File unchanged: 'C:\Users\shasnayak\.nuget\packages\microsoft.netcore.app.runtime.win-x86\5.0.4\runtimes\win-x86\lib\net5.0\System.Transactions.dll', timestamp: '2021-02-16T22:25:22.000'&#xD;
File unchanged: 'C:\Users\shasnayak\.nuget\packages\microsoft.netcore.app.runtime.win-x86\5.0.4\runtimes\win-x86\lib\net5.0\System.ValueTuple.dll', timestamp: '2021-02-16T22:25:22.000'&#xD;
File unchanged: 'C:\Users\shasnayak\.nuget\packages\microsoft.netcore.app.runtime.win-x86\5.0.4\runtimes\win-x86\lib\net5.0\System.Web.HttpUtility.dll', timestamp: '2021-02-16T22:25:44.000'&#xD;
File unchanged: 'C:\Users\shasnayak\.nuget\packages\microsoft.netcore.app.runtime.win-x86\5.0.4\runtimes\win-x86\lib\net5.0\System.Web.dll', timestamp: '2021-02-16T22:24:58.000'&#xD;
File unchanged: 'C:\Users\shasnayak\.nuget\packages\microsoft.netcore.app.runtime.win-x86\5.0.4\runtimes\win-x86\lib\net5.0\System.Windows.dll', timestamp: '2021-02-16T22:25:02.000'&#xD;
File unchanged: 'C:\Users\shasnayak\.nuget\packages\microsoft.netcore.app.runtime.win-x86\5.0.4\runtimes\win-x86\lib\net5.0\System.Xml.Linq.dll', timestamp: '2021-02-16T22:25:02.000'&#xD;
File unchanged: 'C:\Users\shasnayak\.nuget\packages\microsoft.netcore.app.runtime.win-x86\5.0.4\runtimes\win-x86\lib\net5.0\System.Xml.ReaderWriter.dll', timestamp: '2021-02-16T22:25:02.000'&#xD;
File unchanged: 'C:\Users\shasnayak\.nuget\packages\microsoft.netcore.app.runtime.win-x86\5.0.4\runtimes\win-x86\lib\net5.0\System.Xml.Serialization.dll', timestamp: '2021-02-16T22:25:02.000'&#xD;
File unchanged: 'C:\Users\shasnayak\.nuget\packages\microsoft.netcore.app.runtime.win-x86\5.0.4\runtimes\win-x86\lib\net5.0\System.Xml.XDocument.dll', timestamp: '2021-02-16T22:25:02.000'&#xD;
File unchanged: 'C:\Users\shasnayak\.nuget\packages\microsoft.netcore.app.runtime.win-x86\5.0.4\runtimes\win-x86\lib\net5.0\System.Xml.XPath.XDocument.dll', timestamp: '2021-02-16T22:25:24.000'&#xD;
File unchanged: 'C:\Users\shasnayak\.nuget\packages\microsoft.netcore.app.runtime.win-x86\5.0.4\runtimes\win-x86\lib\net5.0\System.Xml.XPath.dll', timestamp: '2021-02-16T22:24:42.000'&#xD;
File unchanged: 'C:\Users\shasnayak\.nuget\packages\microsoft.netcore.app.runtime.win-x86\5.0.4\runtimes\win-x86\lib\net5.0\System.Xml.XmlDocument.dll', timestamp: '2021-02-16T22:26:22.000'&#xD;
File unchanged: 'C:\Users\shasnayak\.nuget\packages\microsoft.netcore.app.runtime.win-x86\5.0.4\runtimes\win-x86\lib\net5.0\System.Xml.XmlSerializer.dll', timestamp: '2021-02-16T22:25:04.000'&#xD;
File unchanged: 'C:\Users\shasnayak\.nuget\packages\microsoft.netcore.app.runtime.win-x86\5.0.4\runtimes\win-x86\lib\net5.0\System.Xml.dll', timestamp: '2021-02-16T22:24:42.000'&#xD;
File unchanged: 'C:\Users\shasnayak\.nuget\packages\microsoft.netcore.app.runtime.win-x86\5.0.4\runtimes\win-x86\lib\net5.0\System.dll', timestamp: '2021-02-16T22:25:22.000'&#xD;
File unchanged: 'C:\Users\shasnayak\.nuget\packages\microsoft.netcore.app.runtime.win-x86\5.0.4\runtimes\win-x86\lib\net5.0\WindowsBase.dll', timestamp: '2021-02-16T22:24:42.000'&#xD;
File unchanged: 'C:\Users\shasnayak\.nuget\packages\microsoft.netcore.app.runtime.win-x86\5.0.4\runtimes\win-x86\lib\net5.0\mscorlib.dll', timestamp: '2021-02-16T22:20:14.000'&#xD;
File unchanged: 'C:\Users\shasnayak\.nuget\packages\microsoft.netcore.app.runtime.win-x86\5.0.4\runtimes\win-x86\lib\net5.0\netstandard.dll', timestamp: '2021-02-16T22:26:46.000'&#xD;
File unchanged: 'C:\Users\shasnayak\.nuget\packages\microsoft.netcore.app.runtime.win-x86\5.0.4\runtimes\win-x86\native\API-MS-Win-core-xstate-l2-1-0.dll', timestamp: '2019-12-06T20:29:28.000'&#xD;
File unchanged: 'C:\Users\shasnayak\.nuget\packages\microsoft.netcore.app.runtime.win-x86\5.0.4\runtimes\win-x86\native\Microsoft.DiaSymReader.Native.x86.dll', timestamp: '2017-12-04T17:36:44.000'&#xD;
[...]
File unchanged: 'C:\Users\shasnayak\.nuget\packages\microsoft.testplatform.testhost\16.10.0-release-20210422-02\lib\netcoreapp2.1\testhost.dll', timestamp: '2021-04-22T16:55:00.000'&#xD;
File unchanged: 'C:\Users\shasnayak\.nuget\packages\mstest.testframework\2.2.4-preview-20210412-01\lib\net5.0-windows10.0.18362.0\Microsoft.VisualStudio.TestPlatform.TestFramework.Extensions.dll', timestamp: '2021-04-12T09:10:20.000'&#xD;
File unchanged: 'C:\Users\shasnayak\.nuget\packages\mstest.testframework\2.2.4-preview-20210412-01\lib\net5.0-windows10.0.18362.0\Microsoft.VisualStudio.TestPlatform.TestFramework.dll', timestamp: '2021-04-12T09:17:32.000'&#xD;
File unchanged: 'C:\Users\shasnayak\.nuget\packages\newtonsoft.json\10.0.3\lib\netstandard1.3\Newtonsoft.Json.dll', timestamp: '2017-06-18T13:57:10.000'&#xD;
File unchanged: 'C:\Users\shasnayak\.nuget\packages\nuget.frameworks\5.0.0\lib\netstandard2.0\NuGet.Frameworks.dll', timestamp: '2019-04-01T22:23:50.000'&#xD;
File unchanged: 'C:\Users\shasnayak\.nuget\packages\microsoft.testplatform.objectmodel\16.10.0-release-20210422-02\lib\netcoreapp2.1\cs\Microsoft.TestPlatform.CoreUtilities.resources.dll', timestamp: '2021-04-22T20:38:54.000'&#xD;
File unchanged: 'C:\Users\shasnayak\.nuget\packages\microsoft.testplatform.objectmodel\16.10.0-release-20210422-02\lib\netcoreapp2.1\cs\Microsoft.VisualStudio.TestPlatform.ObjectModel.resources.dll', timestamp: '2021-04-22T20:39:42.000'&#xD;
File unchanged: 'C:\Users\shasnayak\.nuget\packages\microsoft.testplatform.objectmodel\16.10.0-release-20210422-02\lib\netcoreapp2.1\de\Microsoft.TestPlatform.CoreUtilities.resources.dll', timestamp: '2021-04-22T20:38:54.000'&#xD;
File unchanged: 'C:\Users\shasnayak\.nuget\packages\microsoft.testplatform.objectmodel\16.10.0-release-20210422-02\lib\netcoreapp2.1\de\Microsoft.VisualStudio.TestPlatform.ObjectModel.resources.dll', timestamp: '2021-04-22T20:39:20.000'&#xD;
File unchanged: 'C:\Users\shasnayak\.nuget\packages\microsoft.testplatform.objectmodel\16.10.0-release-20210422-02\lib\netcoreapp2.1\es\Microsoft.TestPlatform.CoreUtilities.resources.dll', timestamp: '2021-04-22T20:38:54.000'&#xD;
File unchanged: 'C:\Users\shasnayak\.nuget\packages\microsoft.testplatform.objectmodel\16.10.0-release-20210422-02\lib\netcoreapp2.1\es\Microsoft.VisualStudio.TestPlatform.ObjectModel.resources.dll', timestamp: '2021-04-22T20:39:20.000'&#xD;
File unchanged: 'C:\Users\shasnayak\.nuget\packages\microsoft.testplatform.objectmodel\16.10.0-release-20210422-02\lib\netcoreapp2.1\fr\Microsoft.TestPlatform.CoreUtilities.resources.dll', timestamp: '2021-04-22T20:38:56.000'&#xD;
File unchanged: 'C:\Users\shasnayak\.nuget\packages\microsoft.testplatform.objectmodel\16.10.0-release-20210422-02\lib\netcoreapp2.1\fr\Microsoft.VisualStudio.TestPlatform.ObjectModel.resources.dll', timestamp: '2021-04-22T20:38:48.000'&#xD;
File unchanged: 'C:\Users\shasnayak\.nuget\packages\microsoft.testplatform.objectmodel\16.10.0-release-20210422-02\lib\netcoreapp2.1\it\Microsoft.TestPlatform.CoreUtilities.resources.dll', timestamp: '2021-04-22T20:38:48.000'&#xD;
File unchanged: 'C:\Users\shasnayak\.nuget\packages\microsoft.testplatform.objectmodel\16.10.0-release-20210422-02\lib\netcoreapp2.1\it\Microsoft.VisualStudio.TestPlatform.ObjectModel.resources.dll', timestamp: '2021-04-22T20:38:50.000'&#xD;
File unchanged: 'C:\Users\shasnayak\.nuget\packages\microsoft.testplatform.objectmodel\16.10.0-release-20210422-02\lib\netcoreapp2.1\ja\Microsoft.TestPlatform.CoreUtilities.resources.dll', timestamp: '2021-04-22T20:38:48.000'&#xD;
File unchanged: 'C:\Users\shasnayak\.nuget\packages\microsoft.testplatform.objectmodel\16.10.0-release-20210422-02\lib\netcoreapp2.1\ja\Microsoft.VisualStudio.TestPlatform.ObjectModel.resources.dll', timestamp: '2021-04-22T20:38:50.000'&#xD;
File unchanged: 'C:\Users\shasnayak\.nuget\packages\microsoft.testplatform.objectmodel\16.10.0-release-20210422-02\lib\netcoreapp2.1\ko\Microsoft.TestPlatform.CoreUtilities.resources.dll', timestamp: '2021-04-22T20:39:16.000'&#xD;
File unchanged: 'C:\Users\shasnayak\.nuget\packages\microsoft.testplatform.objectmodel\16.10.0-release-20210422-02\lib\netcoreapp2.1\ko\Microsoft.VisualStudio.TestPlatform.ObjectModel.resources.dll', timestamp: '2021-04-22T20:38:52.000'&#xD;
File unchanged: 'C:\Users\shasnayak\.nuget\packages\microsoft.testplatform.objectmodel\16.10.0-release-20210422-02\lib\netcoreapp2.1\pl\Microsoft.TestPlatform.CoreUtilities.resources.dll', timestamp: '2021-04-22T20:38:52.000'&#xD;
File unchanged: 'C:\Users\shasnayak\.nuget\packages\microsoft.testplatform.objectmodel\16.10.0-release-20210422-02\lib\netcoreapp2.1\pl\Microsoft.VisualStudio.TestPlatform.ObjectModel.resources.dll', timestamp: '2021-04-22T20:40:02.000'&#xD;
File unchanged: 'C:\Users\shasnayak\.nuget\packages\microsoft.testplatform.objectmodel\16.10.0-release-20210422-02\lib\netcoreapp2.1\pt-BR\Microsoft.TestPlatform.CoreUtilities.resources.dll', timestamp: '2021-04-22T20:38:52.000'&#xD;
File unchanged: 'C:\Users\shasnayak\.nuget\packages\microsoft.testplatform.objectmodel\16.10.0-release-20210422-02\lib\netcoreapp2.1\pt-BR\Microsoft.VisualStudio.TestPlatform.ObjectModel.resources.dll', timestamp: '2021-04-22T20:39:42.000'&#xD;
File unchanged: 'C:\Users\shasnayak\.nuget\packages\microsoft.testplatform.objectmodel\16.10.0-release-20210422-02\lib\netcoreapp2.1\ru\Microsoft.TestPlatform.CoreUtilities.resources.dll', timestamp: '2021-04-22T20:38:54.000'&#xD;
File unchanged: 'C:\Users\shasnayak\.nuget\packages\microsoft.testplatform.objectmodel\16.10.0-release-20210422-02\lib\netcoreapp2.1\ru\Microsoft.VisualStudio.TestPlatform.ObjectModel.resources.dll', timestamp: '2021-04-22T20:39:18.000'&#xD;
File unchanged: 'C:\Users\shasnayak\.nuget\packages\microsoft.testplatform.objectmodel\16.10.0-release-20210422-02\lib\netcoreapp2.1\tr\Microsoft.TestPlatform.CoreUtilities.resources.dll', timestamp: '2021-04-22T20:38:54.000'&#xD;
File unchanged: 'C:\Users\shasnayak\.nuget\packages\microsoft.testplatform.objectmodel\16.10.0-release-20210422-02\lib\netcoreapp2.1\tr\Microsoft.VisualStudio.TestPlatform.ObjectModel.resources.dll', timestamp: '2021-04-22T20:38:48.000'&#xD;
File unchanged: 'C:\Users\shasnayak\.nuget\packages\microsoft.testplatform.objectmodel\16.10.0-release-20210422-02\lib\netcoreapp2.1\zh-Hans\Microsoft.TestPlatform.CoreUtilities.resources.dll', timestamp: '2021-04-22T20:38:48.000'&#xD;
File unchanged: 'C:\Users\shasnayak\.nuget\packages\microsoft.testplatform.objectmodel\16.10.0-release-20210422-02\lib\netcoreapp2.1\zh-Hans\Microsoft.VisualStudio.TestPlatform.ObjectModel.resources.dll', timestamp: '2021-04-22T20:39:14.000'&#xD;
File unchanged: 'C:\Users\shasnayak\.nuget\packages\microsoft.testplatform.objectmodel\16.10.0-release-20210422-02\lib\netcoreapp2.1\zh-Hant\Microsoft.TestPlatform.CoreUtilities.resources.dll', timestamp: '2021-04-22T20:38:50.000'&#xD;
File unchanged: 'C:\Users\shasnayak\.nuget\packages\microsoft.testplatform.objectmodel\16.10.0-release-20210422-02\lib\netcoreapp2.1\zh-Hant\Microsoft.VisualStudio.TestPlatform.ObjectModel.resources.dll', timestamp: '2021-04-22T20:38:50.000'&#xD;
File unchanged: 'C:\Users\shasnayak\.nuget\packages\microsoft.testplatform.testhost\16.10.0-release-20210422-02\lib\netcoreapp2.1\cs\Microsoft.TestPlatform.CommunicationUtilities.resources.dll', timestamp: '2021-04-22T16:54:36.000'&#xD;
File unchanged: 'C:\Users\shasnayak\.nuget\packages\microsoft.testplatform.testhost\16.10.0-release-20210422-02\lib\netcoreapp2.1\cs\Microsoft.TestPlatform.CrossPlatEngine.resources.dll', timestamp: '2021-04-22T16:54:34.000'&#xD;
File unchanged: 'C:\Users\shasnayak\.nuget\packages\microsoft.testplatform.testhost\16.10.0-release-20210422-02\lib\netcoreapp2.1\cs\Microsoft.VisualStudio.TestPlatform.Common.resources.dll', timestamp: '2021-04-22T16:54:14.000'&#xD;
File unchanged: 'C:\Users\shasnayak\.nuget\packages\microsoft.testplatform.testhost\16.10.0-release-20210422-02\lib\netcoreapp2.1\de\Microsoft.TestPlatform.CommunicationUtilities.resources.dll', timestamp: '2021-04-22T16:54:36.000'&#xD;
File unchanged: 'C:\Users\shasnayak\.nuget\packages\microsoft.testplatform.testhost\16.10.0-release-20210422-02\lib\netcoreapp2.1\de\Microsoft.TestPlatform.CrossPlatEngine.resources.dll', timestamp: '2021-04-22T16:54:36.000'&#xD;
File unchanged: 'C:\Users\shasnayak\.nuget\packages\microsoft.testplatform.testhost\16.10.0-release-20210422-02\lib\netcoreapp2.1\de\Microsoft.VisualStudio.TestPlatform.Common.resources.dll', timestamp: '2021-04-22T16:54:36.000'&#xD;
File unchanged: 'C:\Users\shasnayak\.nuget\packages\microsoft.testplatform.testhost\16.10.0-release-20210422-02\lib\netcoreapp2.1\es\Microsoft.TestPlatform.CommunicationUtilities.resources.dll', timestamp: '2021-04-22T16:54:36.000'&#xD;
File unchanged: 'C:\Users\shasnayak\.nuget\packages\microsoft.testplatform.testhost\16.10.0-release-20210422-02\lib\netcoreapp2.1\es\Microsoft.TestPlatform.CrossPlatEngine.resources.dll', timestamp: '2021-04-22T16:54:38.000'&#xD;
File unchanged: 'C:\Users\shasnayak\.nuget\packages\microsoft.testplatform.testhost\16.10.0-release-20210422-02\lib\netcoreapp2.1\es\Microsoft.VisualStudio.TestPlatform.Common.resources.dll', timestamp: '2021-04-22T16:54:10.000'&#xD;
File unchanged: 'C:\Users\shasnayak\.nuget\packages\microsoft.testplatform.testhost\16.10.0-release-20210422-02\lib\netcoreapp2.1\fr\Microsoft.TestPlatform.CommunicationUtilities.resources.dll', timestamp: '2021-04-22T16:54:10.000'&#xD;
File unchanged: 'C:\Users\shasnayak\.nuget\packages\microsoft.testplatform.testhost\16.10.0-release-20210422-02\lib\netcoreapp2.1\fr\Microsoft.TestPlatform.CrossPlatEngine.resources.dll', timestamp: '2021-04-22T16:54:08.000'&#xD;
File unchanged: 'C:\Users\shasnayak\.nuget\packages\microsoft.testplatform.testhost\16.10.0-release-20210422-02\lib\netcoreapp2.1\fr\Microsoft.VisualStudio.TestPlatform.Common.resources.dll', timestamp: '2021-04-22T16:54:10.000'&#xD;
File unchanged: 'C:\Users\shasnayak\.nuget\packages\microsoft.testplatform.testhost\16.10.0-release-20210422-02\lib\netcoreapp2.1\it\Microsoft.TestPlatform.CommunicationUtilities.resources.dll', timestamp: '2021-04-22T16:54:08.000'&#xD;
File unchanged: 'C:\Users\shasnayak\.nuget\packages\microsoft.testplatform.testhost\16.10.0-release-20210422-02\lib\netcoreapp2.1\it\Microsoft.TestPlatform.CrossPlatEngine.resources.dll', timestamp: '2021-04-22T16:54:10.000'&#xD;
File unchanged: 'C:\Users\shasnayak\.nuget\packages\microsoft.testplatform.testhost\16.10.0-release-20210422-02\lib\netcoreapp2.1\it\Microsoft.VisualStudio.TestPlatform.Common.resources.dll', timestamp: '2021-04-22T16:54:12.000'&#xD;
File unchanged: 'C:\Users\shasnayak\.nuget\packages\microsoft.testplatform.testhost\16.10.0-release-20210422-02\lib\netcoreapp2.1\ja\Microsoft.TestPlatform.CommunicationUtilities.resources.dll', timestamp: '2021-04-22T16:54:10.000'&#xD;
File unchanged: 'C:\Users\shasnayak\.nuget\packages\microsoft.testplatform.testhost\16.10.0-release-20210422-02\lib\netcoreapp2.1\ja\Microsoft.TestPlatform.CrossPlatEngine.resources.dll', timestamp: '2021-04-22T16:54:12.000'&#xD;
File unchanged: 'C:\Users\shasnayak\.nuget\packages\microsoft.testplatform.testhost\16.10.0-release-20210422-02\lib\netcoreapp2.1\ja\Microsoft.VisualStudio.TestPlatform.Common.resources.dll', timestamp: '2021-04-22T16:54:12.000'&#xD;
File unchanged: 'C:\Users\shasnayak\.nuget\packages\microsoft.testplatform.testhost\16.10.0-release-20210422-02\lib\netcoreapp2.1\ko\Microsoft.TestPlatform.CommunicationUtilities.resources.dll', timestamp: '2021-04-22T16:54:12.000'&#xD;
File unchanged: 'C:\Users\shasnayak\.nuget\packages\microsoft.testplatform.testhost\16.10.0-release-20210422-02\lib\netcoreapp2.1\ko\Microsoft.TestPlatform.CrossPlatEngine.resources.dll', timestamp: '2021-04-22T16:54:12.000'&#xD;
File unchanged: 'C:\Users\shasnayak\.nuget\packages\microsoft.testplatform.testhost\16.10.0-release-20210422-02\lib\netcoreapp2.1\ko\Microsoft.VisualStudio.TestPlatform.Common.resources.dll', timestamp: '2021-04-22T16:54:14.000'&#xD;
File unchanged: 'C:\Users\shasnayak\.nuget\packages\microsoft.testplatform.testhost\16.10.0-release-20210422-02\lib\netcoreapp2.1\pl\Microsoft.TestPlatform.CommunicationUtilities.resources.dll', timestamp: '2021-04-22T16:54:12.000'&#xD;
File unchanged: 'C:\Users\shasnayak\.nuget\packages\microsoft.testplatform.testhost\16.10.0-release-20210422-02\lib\netcoreapp2.1\pl\Microsoft.TestPlatform.CrossPlatEngine.resources.dll', timestamp: '2021-04-22T16:54:14.000'&#xD;
File unchanged: 'C:\Users\shasnayak\.nuget\packages\microsoft.testplatform.testhost\16.10.0-release-20210422-02\lib\netcoreapp2.1\pl\Microsoft.VisualStudio.TestPlatform.Common.resources.dll', timestamp: '2021-04-22T16:54:14.000'&#xD;
File unchanged: 'C:\Users\shasnayak\.nuget\packages\microsoft.testplatform.testhost\16.10.0-release-20210422-02\lib\netcoreapp2.1\pt-BR\Microsoft.TestPlatform.CommunicationUtilities.resources.dll', timestamp: '2021-04-22T16:54:14.000'&#xD;
File unchanged: 'C:\Users\shasnayak\.nuget\packages\microsoft.testplatform.testhost\16.10.0-release-20210422-02\lib\netcoreapp2.1\pt-BR\Microsoft.TestPlatform.CrossPlatEngine.resources.dll', timestamp: '2021-04-22T16:54:14.000'&#xD;
File unchanged: 'C:\Users\shasnayak\.nuget\packages\microsoft.testplatform.testhost\16.10.0-release-20210422-02\lib\netcoreapp2.1\pt-BR\Microsoft.VisualStudio.TestPlatform.Common.resources.dll', timestamp: '2021-04-22T16:54:16.000'&#xD;
File unchanged: 'C:\Users\shasnayak\.nuget\packages\microsoft.testplatform.testhost\16.10.0-release-20210422-02\lib\netcoreapp2.1\ru\Microsoft.TestPlatform.CommunicationUtilities.resources.dll', timestamp: '2021-04-22T16:54:16.000'&#xD;
File unchanged: 'C:\Users\shasnayak\.nuget\packages\microsoft.testplatform.testhost\16.10.0-release-20210422-02\lib\netcoreapp2.1\ru\Microsoft.TestPlatform.CrossPlatEngine.resources.dll', timestamp: '2021-04-22T16:54:18.000'&#xD;
File unchanged: 'C:\Users\shasnayak\.nuget\packages\microsoft.testplatform.testhost\16.10.0-release-20210422-02\lib\netcoreapp2.1\ru\Microsoft.VisualStudio.TestPlatform.Common.resources.dll', timestamp: '2021-04-22T16:54:18.000'&#xD;
File unchanged: 'C:\Users\shasnayak\.nuget\packages\microsoft.testplatform.testhost\16.10.0-release-20210422-02\lib\netcoreapp2.1\tr\Microsoft.TestPlatform.CommunicationUtilities.resources.dll', timestamp: '2021-04-22T16:54:16.000'&#xD;
File unchanged: 'C:\Users\shasnayak\.nuget\packages\microsoft.testplatform.testhost\16.10.0-release-20210422-02\lib\netcoreapp2.1\tr\Microsoft.TestPlatform.CrossPlatEngine.resources.dll', timestamp: '2021-04-22T16:54:16.000'&#xD;
File unchanged: 'C:\Users\shasnayak\.nuget\packages\microsoft.testplatform.testhost\16.10.0-release-20210422-02\lib\netcoreapp2.1\tr\Microsoft.VisualStudio.TestPlatform.Common.resources.dll', timestamp: '2021-04-22T16:54:18.000'&#xD;
File unchanged: 'C:\Users\shasnayak\.nuget\packages\microsoft.testplatform.testhost\16.10.0-release-20210422-02\lib\netcoreapp2.1\zh-Hans\Microsoft.TestPlatform.CommunicationUtilities.resources.dll', timestamp: '2021-04-22T16:54:18.000'&#xD;
File unchanged: 'C:\Users\shasnayak\.nuget\packages\microsoft.testplatform.testhost\16.10.0-release-20210422-02\lib\netcoreapp2.1\zh-Hans\Microsoft.TestPlatform.CrossPlatEngine.resources.dll', timestamp: '2021-04-22T16:54:18.000'&#xD;
File unchanged: 'C:\Users\shasnayak\.nuget\packages\microsoft.testplatform.testhost\16.10.0-release-20210422-02\lib\netcoreapp2.1\zh-Hans\Microsoft.VisualStudio.TestPlatform.Common.resources.dll', timestamp: '2021-04-22T16:54:42.000'&#xD;
File unchanged: 'C:\Users\shasnayak\.nuget\packages\microsoft.testplatform.testhost\16.10.0-release-20210422-02\lib\netcoreapp2.1\zh-Hant\Microsoft.TestPlatform.CommunicationUtilities.resources.dll', timestamp: '2021-04-22T16:54:42.000'&#xD;
File unchanged: 'C:\Users\shasnayak\.nuget\packages\microsoft.testplatform.testhost\16.10.0-release-20210422-02\lib\netcoreapp2.1\zh-Hant\Microsoft.TestPlatform.CrossPlatEngine.resources.dll', timestamp: '2021-04-22T16:54:18.000'&#xD;
File unchanged: 'C:\Users\shasnayak\.nuget\packages\microsoft.testplatform.testhost\16.10.0-release-20210422-02\lib\netcoreapp2.1\zh-Hant\Microsoft.VisualStudio.TestPlatform.Common.resources.dll', timestamp: '2021-04-22T16:54:20.000'&#xD;
File unchanged: 'C:\Users\shasnayak\CsWinRT\src\Tests\ObjectLifetimeTests\ObjectLifetimeTests.Lifted\ObjectLifetimeTests.Lifted\bin\x86\Debug\net5.0-windows10.0.19041.0\win10-x86\AppxContent\Microsoft.Internal.FrameworkUdk.dll', timestamp: '2021-04-16T09:14:14.000'&#xD;
File unchanged: 'C:\Users\shasnayak\CsWinRT\src\Tests\ObjectLifetimeTests\ObjectLifetimeTests.Lifted\ObjectLifetimeTests.Lifted\bin\x86\Debug\net5.0-windows10.0.19041.0\win10-x86\AppxContent\Microsoft.ui.xaml.dll', timestamp: '2021-04-16T09:14:14.000'&#xD;
File unchanged: 'C:\Users\shasnayak\CsWinRT\src\Tests\ObjectLifetimeTests\ObjectLifetimeTests.Lifted\ObjectLifetimeTests.Lifted\Images\LockScreenLogo.scale-200.png', timestamp: '2021-03-31T19:30:11.117'&#xD;
File unchanged: 'C:\Users\shasnayak\CsWinRT\src\Tests\ObjectLifetimeTests\ObjectLifetimeTests.Lifted\ObjectLifetimeTests.Lifted\Images\SplashScreen.scale-200.png', timestamp: '2021-03-31T19:30:11.117'&#xD;
File unchanged: 'C:\Users\shasnayak\CsWinRT\src\Tests\ObjectLifetimeTests\ObjectLifetimeTests.Lifted\ObjectLifetimeTests.Lifted\Images\Square150x150Logo.scale-200.png', timestamp: '2021-03-31T19:30:11.118'&#xD;
File unchanged: 'C:\Users\shasnayak\CsWinRT\src\Tests\ObjectLifetimeTests\ObjectLifetimeTests.Lifted\ObjectLifetimeTests.Lifted\Images\Square44x44Logo.scale-200.png', timestamp: '2021-03-31T19:30:11.118'&#xD;
File unchanged: 'C:\Users\shasnayak\CsWinRT\src\Tests\ObjectLifetimeTests\ObjectLifetimeTests.Lifted\ObjectLifetimeTests.Lifted\Images\Square44x44Logo.targetsize-24_altform-unplated.png', timestamp: '2021-03-31T19:30:11.119'&#xD;
File unchanged: 'C:\Users\shasnayak\CsWinRT\src\Tests\ObjectLifetimeTests\ObjectLifetimeTests.Lifted\ObjectLifetimeTests.Lifted\Images\StoreLogo.png', timestamp: '2021-03-31T19:30:11.119'&#xD;
File unchanged: 'C:\Users\shasnayak\CsWinRT\src\Tests\ObjectLifetimeTests\ObjectLifetimeTests.Lifted\ObjectLifetimeTests.Lifted\Images\Wide310x150Logo.scale-200.png', timestamp: '2021-03-31T19:30:11.120'&#xD;
File unchanged: 'C:\Users\shasnayak\CsWinRT\src\Tests\ObjectLifetimeTests\ObjectLifetimeTests.Lifted\ObjectLifetimeTests.Lifted\bin\x86\Debug\net5.0-windows10.0.19041.0\win10-x86\AppxManifest.xml', timestamp: '2021-05-06T17:57:17.306'&#xD;
Updating the layout...&#xD;
	PackageArchitecture = X86&#xD;
	TargetOSArchitecture = X64&#xD;
	IsOptionalProject = False&#xD;
	SolutionConfiguration = Debug&#xD;
	SolutionPlatform = x86&#xD;
	Context.FileChanged = False&#xD;
	Context.InOtherLocation = False&#xD;
	Context.ManifestChanged = False&#xD;
	Context.Registered = True&#xD;
	Action.CleanReinstall = False&#xD;
	Action.Register = False&#xD;
	Action.UpdateLayout = False&#xD;
Deployment complete (0:00:00.111). Full package name: "3fb45547-1ef1-4576-a2b9-3be5d5659cca_1.0.0.0_x86__g9admtwqf3shw"&#xD;
	DeploymentSucceeded = True&#xD;
	TimeToDeploy = 111&#xD;
	HasSharedCode = False&#xD;
DeployAsync: END (Success, 0:00:00.114)&#xD;
Deployment operation succeeded, package moniker: '3fb45547-1ef1-4576-a2b9-3be5d5659cca_1.0.0.0_x86__g9admtwqf3shw'.&#xD;
Deploy: END (Success, 0:00:00.122)&#xD;
Attempting to launch app with app user model Id '3fb45547-1ef1-4576-a2b9-3be5d5659cca_g9admtwqf3shw!App' and arguments '--port 51355 --endpoint 127.0.0.1:051355 --role client --parentprocessid 32844 --telemetryoptedin false'.&#xD;
Successfully launched process Id '39372'.&#xD;
Closing app with package full name '3fb45547-1ef1-4576-a2b9-3be5d5659cca_1.0.0.0_x86__g9admtwqf3shw'.&#xD;
</StdOut>
    </Output>
  </ResultSummary>
</TestRun>