<?xml version="1.0" encoding="utf-8"?>
<TestRun id="9ae34920-def4-4a6f-a2ad-1a7c321a5db5" name="shasnayak@DESKTOP-V5VHPHF 2021-05-05 16:31:31" runUser="NORTHAMERICA\shasnayak" xmlns="http://microsoft.com/schemas/VisualStudio/TeamTest/2010">
  <Times creation="2021-05-05T16:31:31.1012923-04:00" queuing="2021-05-05T16:31:31.1012923-04:00" start="2021-05-05T16:31:25.7752914-04:00" finish="2021-05-05T16:31:33.2432913-04:00" />
  <TestSettings name="default" id="1b2e6584-1a80-4581-b117-e390e2350a3a">
    <Deployment runDeploymentRoot="shasnayak_DESKTOP-V5VHPHF_2021-05-05_16_31_31" />
  </TestSettings>
  <Results>
    <UnitTestResult executionId="81cfe346-e6c1-46ed-97f4-67d8222b63cc" testId="79e969b0-618e-787e-1894-3e329a7ba677" testName="CycleTest10" computerName="DESKTOP-V5VHPHF" duration="00:00:00.0030209" startTime="2021-05-05T16:31:33.0440954-04:00" endTime="2021-05-05T16:31:33.0472125-04:00" testType="13cdc9d9-ddb5-4fa4-a97d-d965ccfc6d4b" outcome="Passed" testListId="8c84fa94-04c1-424b-9868-57a2d4851a1d" relativeResultsDirectory="81cfe346-e6c1-46ed-97f4-67d8222b63cc" />
    <UnitTestResult executionId="ac15a279-33c6-4f55-be23-841b1baade8c" testId="c9e0bc76-662e-e2fb-fd82-cb81d0e933a2" testName="BasicTest1" computerName="DESKTOP-V5VHPHF" duration="00:00:00.0215195" startTime="2021-05-05T16:31:27.8165464-04:00" endTime="2021-05-05T16:31:27.8560014-04:00" testType="13cdc9d9-ddb5-4fa4-a97d-d965ccfc6d4b" outcome="Passed" testListId="8c84fa94-04c1-424b-9868-57a2d4851a1d" relativeResultsDirectory="ac15a279-33c6-4f55-be23-841b1baade8c" />
    <UnitTestResult executionId="3eac2950-3890-4fd8-a4b4-8ebfd700fe72" testId="cb135378-477d-17b4-3f2c-0d1d1f7f0020" testName="BasicTest2" computerName="DESKTOP-V5VHPHF" duration="00:00:00.0026726" startTime="2021-05-05T16:31:27.8602884-04:00" endTime="2021-05-05T16:31:27.8631018-04:00" testType="13cdc9d9-ddb5-4fa4-a97d-d965ccfc6d4b" outcome="Passed" testListId="8c84fa94-04c1-424b-9868-57a2d4851a1d" relativeResultsDirectory="3eac2950-3890-4fd8-a4b4-8ebfd700fe72" />
    <UnitTestResult executionId="3a5d2bf0-00c5-418d-ab02-34e4ecce53db" testId="e7829c8a-96a7-e12b-733a-5d08b8433c65" testName="CycleTest1b" computerName="DESKTOP-V5VHPHF" duration="00:00:00.0223165" startTime="2021-05-05T16:31:32.9393722-04:00" endTime="2021-05-05T16:31:32.9617923-04:00" testType="13cdc9d9-ddb5-4fa4-a97d-d965ccfc6d4b" outcome="Failed" testListId="8c84fa94-04c1-424b-9868-57a2d4851a1d" relativeResultsDirectory="3a5d2bf0-00c5-418d-ab02-34e4ecce53db">
      <Output>
        <ErrorInfo>
          <Message>Test method ObjectLifetimeTests.ObjectLifetimeTestsRunner.CycleTest1b threw exception: &#xD;
ObjectLifetimeTests.TestException: Parent is alive</Message>
          <StackTrace>    at ObjectLifetimeTests.AsyncQueue.Run()&#xD;
   at ObjectLifetimeTests.ObjectLifetimeTestsRunner.CycleTest1b()&#xD;
</StackTrace>
        </ErrorInfo>
      </Output>
    </UnitTestResult>
    <UnitTestResult executionId="08a6c891-0d4a-4317-a636-02e9e10b2625" testId="e2bbd5a0-6cef-3e95-382d-c77ef14a4d76" testName="CycleTest1c" computerName="DESKTOP-V5VHPHF" duration="00:00:00.0086060" startTime="2021-05-05T16:31:32.9618362-04:00" endTime="2021-05-05T16:31:32.9705395-04:00" testType="13cdc9d9-ddb5-4fa4-a97d-d965ccfc6d4b" outcome="Failed" testListId="8c84fa94-04c1-424b-9868-57a2d4851a1d" relativeResultsDirectory="08a6c891-0d4a-4317-a636-02e9e10b2625">
      <Output>
        <ErrorInfo>
          <Message>Test method ObjectLifetimeTests.ObjectLifetimeTestsRunner.CycleTest1c threw exception: &#xD;
ObjectLifetimeTests.TestException: Child is alive</Message>
          <StackTrace>    at ObjectLifetimeTests.AsyncQueue.Run()&#xD;
   at ObjectLifetimeTests.ObjectLifetimeTestsRunner.CycleTest1c()&#xD;
</StackTrace>
        </ErrorInfo>
      </Output>
    </UnitTestResult>
    <UnitTestResult executionId="43c182a3-7ad4-42c9-82f2-07be45090f0d" testId="280b85a9-43dd-29fc-cb5b-689ce33d5624" testName="CycleTest2c" computerName="DESKTOP-V5VHPHF" duration="00:00:00.0079011" startTime="2021-05-05T16:31:32.9799728-04:00" endTime="2021-05-05T16:31:32.9879783-04:00" testType="13cdc9d9-ddb5-4fa4-a97d-d965ccfc6d4b" outcome="Passed" testListId="8c84fa94-04c1-424b-9868-57a2d4851a1d" relativeResultsDirectory="43c182a3-7ad4-42c9-82f2-07be45090f0d" />
    <UnitTestResult executionId="7ba93f6e-d2e9-4eab-aed0-cd0fb3ac530b" testId="e5b139bb-8009-dab1-b719-0dd1d754f3a6" testName="CycleTest6b" computerName="DESKTOP-V5VHPHF" duration="00:00:00.0035609" startTime="2021-05-05T16:31:33.0180543-04:00" endTime="2021-05-05T16:31:33.0218050-04:00" testType="13cdc9d9-ddb5-4fa4-a97d-d965ccfc6d4b" outcome="Passed" testListId="8c84fa94-04c1-424b-9868-57a2d4851a1d" relativeResultsDirectory="7ba93f6e-d2e9-4eab-aed0-cd0fb3ac530b" />
    <UnitTestResult executionId="a19fbde3-f73e-4da9-b57f-4a168d43fe14" testId="6481eed6-f411-648a-8a3e-535b7b9dc59c" testName="CycleTest5" computerName="DESKTOP-V5VHPHF" duration="00:00:00.0055620" startTime="2021-05-05T16:31:33.0078571-04:00" endTime="2021-05-05T16:31:33.0135343-04:00" testType="13cdc9d9-ddb5-4fa4-a97d-d965ccfc6d4b" outcome="Failed" testListId="8c84fa94-04c1-424b-9868-57a2d4851a1d" relativeResultsDirectory="a19fbde3-f73e-4da9-b57f-4a168d43fe14">
      <Output>
        <ErrorInfo>
          <Message>Test method ObjectLifetimeTests.ObjectLifetimeTestsRunner.CycleTest5 threw exception: &#xD;
ObjectLifetimeTests.TestException: Child is alive</Message>
          <StackTrace>    at ObjectLifetimeTests.AsyncQueue.Run()&#xD;
   at ObjectLifetimeTests.ObjectLifetimeTestsRunner.CycleTest5()&#xD;
</StackTrace>
        </ErrorInfo>
      </Output>
    </UnitTestResult>
    <UnitTestResult executionId="3c0b94dc-b523-4fa4-a6d3-ccb9127b73ac" testId="844560d8-5bef-208c-7357-1dabef262007" testName="BasicTest6b" computerName="DESKTOP-V5VHPHF" duration="00:00:05.0194949" startTime="2021-05-05T16:31:27.9047911-04:00" endTime="2021-05-05T16:31:32.9243731-04:00" testType="13cdc9d9-ddb5-4fa4-a97d-d965ccfc6d4b" outcome="Failed" testListId="8c84fa94-04c1-424b-9868-57a2d4851a1d" relativeResultsDirectory="3c0b94dc-b523-4fa4-a6d3-ccb9127b73ac">
      <Output>
        <ErrorInfo>
          <Message>Test method ObjectLifetimeTests.ObjectLifetimeTestsRunner.BasicTest6b threw exception: &#xD;
ObjectLifetimeTests.TestException: Timed out waiting for CLR object to die</Message>
          <StackTrace>    at ObjectLifetimeTests.AsyncQueue.Run()&#xD;
   at ObjectLifetimeTests.ObjectLifetimeTestsRunner.BasicTest6b()&#xD;
</StackTrace>
        </ErrorInfo>
      </Output>
    </UnitTestResult>
    <UnitTestResult executionId="560befc6-020d-4914-b702-82fc35ac830a" testId="63828883-6f0f-e7bd-8e69-8c1fbccbf9da" testName="CycleTest1" computerName="DESKTOP-V5VHPHF" duration="00:00:00.0139248" startTime="2021-05-05T16:31:32.9252495-04:00" endTime="2021-05-05T16:31:32.9393311-04:00" testType="13cdc9d9-ddb5-4fa4-a97d-d965ccfc6d4b" outcome="Failed" testListId="8c84fa94-04c1-424b-9868-57a2d4851a1d" relativeResultsDirectory="560befc6-020d-4914-b702-82fc35ac830a">
      <Output>
        <ErrorInfo>
          <Message>Test method ObjectLifetimeTests.ObjectLifetimeTestsRunner.CycleTest1 threw exception: &#xD;
ObjectLifetimeTests.TestException: Parent is alive</Message>
          <StackTrace>    at ObjectLifetimeTests.AsyncQueue.Run()&#xD;
   at ObjectLifetimeTests.ObjectLifetimeTestsRunner.CycleTest1()&#xD;
</StackTrace>
        </ErrorInfo>
      </Output>
    </UnitTestResult>
    <UnitTestResult executionId="3341a5fd-96bf-4b69-b427-b189bcc5d115" testId="0c459719-3116-f70f-a29e-c199a8cb984a" testName="TestMethod1" computerName="DESKTOP-V5VHPHF" duration="00:00:00.0003986" startTime="2021-05-05T16:31:33.0869255-04:00" endTime="2021-05-05T16:31:33.0875138-04:00" testType="13cdc9d9-ddb5-4fa4-a97d-d965ccfc6d4b" outcome="Passed" testListId="8c84fa94-04c1-424b-9868-57a2d4851a1d" relativeResultsDirectory="3341a5fd-96bf-4b69-b427-b189bcc5d115" />
    <UnitTestResult executionId="de260f46-93a6-42eb-a953-e6c8a17744e4" testId="82c19561-9f7e-cd7d-bb1a-49a8c0cf7a9c" testName="CycleTest3b" computerName="DESKTOP-V5VHPHF" duration="00:00:00.0041072" startTime="2021-05-05T16:31:32.9938008-04:00" endTime="2021-05-05T16:31:32.9980198-04:00" testType="13cdc9d9-ddb5-4fa4-a97d-d965ccfc6d4b" outcome="Failed" testListId="8c84fa94-04c1-424b-9868-57a2d4851a1d" relativeResultsDirectory="de260f46-93a6-42eb-a953-e6c8a17744e4">
      <Output>
        <ErrorInfo>
          <Message>Test method ObjectLifetimeTests.ObjectLifetimeTestsRunner.CycleTest3b threw exception: &#xD;
ObjectLifetimeTests.TestException: Parent is alive</Message>
          <StackTrace>    at ObjectLifetimeTests.AsyncQueue.Run()&#xD;
   at ObjectLifetimeTests.ObjectLifetimeTestsRunner.CycleTest3b()&#xD;
</StackTrace>
        </ErrorInfo>
      </Output>
    </UnitTestResult>
    <UnitTestResult executionId="ff6353f2-e526-49c1-a290-42cf26a1a768" testId="b7be17e1-c288-1bca-a2dc-16c77b7516cd" testName="CycleTest3" computerName="DESKTOP-V5VHPHF" duration="00:00:00.0056068" startTime="2021-05-05T16:31:32.9880262-04:00" endTime="2021-05-05T16:31:32.9937567-04:00" testType="13cdc9d9-ddb5-4fa4-a97d-d965ccfc6d4b" outcome="Passed" testListId="8c84fa94-04c1-424b-9868-57a2d4851a1d" relativeResultsDirectory="ff6353f2-e526-49c1-a290-42cf26a1a768" />
    <UnitTestResult executionId="420e6574-6e6c-437d-b759-114b3df40f3e" testId="4810d3e4-1bb8-e24e-f2b4-581d3e96a918" testName="BasicTest5" computerName="DESKTOP-V5VHPHF" duration="00:00:00.0070610" startTime="2021-05-05T16:31:27.8908290-04:00" endTime="2021-05-05T16:31:27.8979917-04:00" testType="13cdc9d9-ddb5-4fa4-a97d-d965ccfc6d4b" outcome="Failed" testListId="8c84fa94-04c1-424b-9868-57a2d4851a1d" relativeResultsDirectory="420e6574-6e6c-437d-b759-114b3df40f3e">
      <Output>
        <ErrorInfo>
          <Message>Test method ObjectLifetimeTests.ObjectLifetimeTestsRunner.BasicTest5 threw exception: &#xD;
ObjectLifetimeTests.TestException: Custom control on attached DP is alive</Message>
          <StackTrace>    at ObjectLifetimeTests.AsyncQueue.Run()&#xD;
   at ObjectLifetimeTests.ObjectLifetimeTestsRunner.BasicTest5()&#xD;
</StackTrace>
        </ErrorInfo>
      </Output>
    </UnitTestResult>
    <UnitTestResult executionId="c7d0c057-c9e8-4b08-88bc-2e7a04c0ac4e" testId="c15043ba-994e-159d-7671-1b7b92f08fe1" testName="CycleTest6c" computerName="DESKTOP-V5VHPHF" duration="00:00:00.0040030" startTime="2021-05-05T16:31:33.0218503-04:00" endTime="2021-05-05T16:31:33.0259653-04:00" testType="13cdc9d9-ddb5-4fa4-a97d-d965ccfc6d4b" outcome="Failed" testListId="8c84fa94-04c1-424b-9868-57a2d4851a1d" relativeResultsDirectory="c7d0c057-c9e8-4b08-88bc-2e7a04c0ac4e">
      <Output>
        <ErrorInfo>
          <Message>Test method ObjectLifetimeTests.ObjectLifetimeTestsRunner.CycleTest6c threw exception: &#xD;
ObjectLifetimeTests.TestException: Element 2 is alive</Message>
          <StackTrace>    at ObjectLifetimeTests.AsyncQueue.Run()&#xD;
   at ObjectLifetimeTests.ObjectLifetimeTestsRunner.CycleTest6c()&#xD;
</StackTrace>
        </ErrorInfo>
      </Output>
    </UnitTestResult>
    <UnitTestResult executionId="6f5b27a3-0ed3-4ea5-94b8-be135e1668d3" testId="293e0511-720c-a40a-a3cd-6dd0e79b0196" testName="LeakTest1" computerName="DESKTOP-V5VHPHF" duration="00:00:00.0089000" startTime="2021-05-05T16:31:33.0472593-04:00" endTime="2021-05-05T16:31:33.0562717-04:00" testType="13cdc9d9-ddb5-4fa4-a97d-d965ccfc6d4b" outcome="Passed" testListId="8c84fa94-04c1-424b-9868-57a2d4851a1d" relativeResultsDirectory="6f5b27a3-0ed3-4ea5-94b8-be135e1668d3" />
    <UnitTestResult executionId="2812af3d-5e6c-4b26-9043-fbc0ce2a7ea5" testId="70002cf1-a892-48b6-48d2-599a1180c0c2" testName="BasicTest6" computerName="DESKTOP-V5VHPHF" duration="00:00:00.0066357" startTime="2021-05-05T16:31:27.8980279-04:00" endTime="2021-05-05T16:31:27.9047537-04:00" testType="13cdc9d9-ddb5-4fa4-a97d-d965ccfc6d4b" outcome="Failed" testListId="8c84fa94-04c1-424b-9868-57a2d4851a1d" relativeResultsDirectory="2812af3d-5e6c-4b26-9043-fbc0ce2a7ea5">
      <Output>
        <ErrorInfo>
          <Message>Test method ObjectLifetimeTests.ObjectLifetimeTestsRunner.BasicTest6 threw exception: &#xD;
ObjectLifetimeTests.TestException: Child is alive</Message>
          <StackTrace>    at ObjectLifetimeTests.AsyncQueue.Run()&#xD;
   at ObjectLifetimeTests.ObjectLifetimeTestsRunner.BasicTest6()&#xD;
</StackTrace>
        </ErrorInfo>
      </Output>
    </UnitTestResult>
    <UnitTestResult executionId="40168ef6-4772-4e26-ac30-93d0f3616fe9" testId="b1c081c2-1128-677a-a63b-0478999ff7da" testName="LeakTest1b" computerName="DESKTOP-V5VHPHF" duration="00:00:00.0131643" startTime="2021-05-05T16:31:33.0563228-04:00" endTime="2021-05-05T16:31:33.0696464-04:00" testType="13cdc9d9-ddb5-4fa4-a97d-d965ccfc6d4b" outcome="Passed" testListId="8c84fa94-04c1-424b-9868-57a2d4851a1d" relativeResultsDirectory="40168ef6-4772-4e26-ac30-93d0f3616fe9" />
    <UnitTestResult executionId="60477fae-18ef-4a31-a10a-7ad5fa86532d" testId="d98a00ba-ffde-22a2-cdd2-3f1ef3a8357e" testName="BasicTest4" computerName="DESKTOP-V5VHPHF" duration="00:00:00.0222672" startTime="2021-05-05T16:31:27.8681211-04:00" endTime="2021-05-05T16:31:27.8907806-04:00" testType="13cdc9d9-ddb5-4fa4-a97d-d965ccfc6d4b" outcome="Failed" testListId="8c84fa94-04c1-424b-9868-57a2d4851a1d" relativeResultsDirectory="60477fae-18ef-4a31-a10a-7ad5fa86532d">
      <Output>
        <ErrorInfo>
          <Message>Test method ObjectLifetimeTests.ObjectLifetimeTestsRunner.BasicTest4 threw exception: &#xD;
ObjectLifetimeTests.TestException: MyControlToRemove is alive</Message>
          <StackTrace>    at ObjectLifetimeTests.AsyncQueue.Run()&#xD;
   at ObjectLifetimeTests.ObjectLifetimeTestsRunner.BasicTest4()&#xD;
</StackTrace>
        </ErrorInfo>
      </Output>
    </UnitTestResult>
    <UnitTestResult executionId="ce89bcb4-f3ba-4a54-af5b-a994d6830cdf" testId="beea72fa-8aa4-7f67-0a88-f428ce23b125" testName="BasicTest3" computerName="DESKTOP-V5VHPHF" duration="00:00:00.0048103" startTime="2021-05-05T16:31:27.8631802-04:00" endTime="2021-05-05T16:31:27.8680846-04:00" testType="13cdc9d9-ddb5-4fa4-a97d-d965ccfc6d4b" outcome="Passed" testListId="8c84fa94-04c1-424b-9868-57a2d4851a1d" relativeResultsDirectory="ce89bcb4-f3ba-4a54-af5b-a994d6830cdf" />
    <UnitTestResult executionId="cdfd6d49-01ab-4f2d-bb16-8f3b70acaee6" testId="e26ad0f7-a6f0-7b0c-7a97-d939b5eccef5" testName="CycleTest7" computerName="DESKTOP-V5VHPHF" duration="00:00:00.0047874" startTime="2021-05-05T16:31:33.0260034-04:00" endTime="2021-05-05T16:31:33.0308812-04:00" testType="13cdc9d9-ddb5-4fa4-a97d-d965ccfc6d4b" outcome="Failed" testListId="8c84fa94-04c1-424b-9868-57a2d4851a1d" relativeResultsDirectory="cdfd6d49-01ab-4f2d-bb16-8f3b70acaee6">
      <Output>
        <ErrorInfo>
          <Message>Test method ObjectLifetimeTests.ObjectLifetimeTestsRunner.CycleTest7 threw exception: &#xD;
ObjectLifetimeTests.TestException: Element is alive</Message>
          <StackTrace>    at ObjectLifetimeTests.AsyncQueue.Run()&#xD;
   at ObjectLifetimeTests.ObjectLifetimeTestsRunner.CycleTest7()&#xD;
</StackTrace>
        </ErrorInfo>
      </Output>
    </UnitTestResult>
    <UnitTestResult executionId="9efd7515-11d8-4807-829f-ff12cc861b68" testId="669518db-e1d4-7f69-ae1a-533fff12561e" testName="CycleTest8" computerName="DESKTOP-V5VHPHF" duration="00:00:00.0130388" startTime="2021-05-05T16:31:33.0309196-04:00" endTime="2021-05-05T16:31:33.0440585-04:00" testType="13cdc9d9-ddb5-4fa4-a97d-d965ccfc6d4b" outcome="Failed" testListId="8c84fa94-04c1-424b-9868-57a2d4851a1d" relativeResultsDirectory="9efd7515-11d8-4807-829f-ff12cc861b68">
      <Output>
        <ErrorInfo>
          <Message>Test method ObjectLifetimeTests.ObjectLifetimeTestsRunner.CycleTest8 threw exception: &#xD;
ObjectLifetimeTests.TestException: parent is alive</Message>
          <StackTrace>    at ObjectLifetimeTests.AsyncQueue.Run()&#xD;
   at ObjectLifetimeTests.ObjectLifetimeTestsRunner.CycleTest8()&#xD;
</StackTrace>
        </ErrorInfo>
      </Output>
    </UnitTestResult>
    <UnitTestResult executionId="86c9a559-5942-4bc5-8dea-106284241208" testId="b6df29a7-aa56-5492-ea6b-effbc0f5aba9" testName="CycleTest2b" computerName="DESKTOP-V5VHPHF" duration="00:00:00.0039604" startTime="2021-05-05T16:31:32.9758390-04:00" endTime="2021-05-05T16:31:32.9799325-04:00" testType="13cdc9d9-ddb5-4fa4-a97d-d965ccfc6d4b" outcome="Failed" testListId="8c84fa94-04c1-424b-9868-57a2d4851a1d" relativeResultsDirectory="86c9a559-5942-4bc5-8dea-106284241208">
      <Output>
        <ErrorInfo>
          <Message>Test method ObjectLifetimeTests.ObjectLifetimeTestsRunner.CycleTest2b threw exception: &#xD;
ObjectLifetimeTests.TestException: Parent is alive</Message>
          <StackTrace>    at ObjectLifetimeTests.AsyncQueue.Run()&#xD;
   at ObjectLifetimeTests.ObjectLifetimeTestsRunner.CycleTest2b()&#xD;
</StackTrace>
        </ErrorInfo>
      </Output>
    </UnitTestResult>
    <UnitTestResult executionId="22a2e081-be7c-4330-ba25-0be58473a763" testId="1b8f4d38-47a2-7e17-b223-507aaa9dfb49" testName="CycleTest6" computerName="DESKTOP-V5VHPHF" duration="00:00:00.0042275" startTime="2021-05-05T16:31:33.0135730-04:00" endTime="2021-05-05T16:31:33.0179273-04:00" testType="13cdc9d9-ddb5-4fa4-a97d-d965ccfc6d4b" outcome="Passed" testListId="8c84fa94-04c1-424b-9868-57a2d4851a1d" relativeResultsDirectory="22a2e081-be7c-4330-ba25-0be58473a763" />
    <UnitTestResult executionId="5b80db62-bae3-4448-a130-3aa020bde084" testId="3144b7c2-df4f-5e4c-123b-1280ac265a53" testName="CycleTest4" computerName="DESKTOP-V5VHPHF" duration="00:00:00.0065901" startTime="2021-05-05T16:31:32.9980584-04:00" endTime="2021-05-05T16:31:33.0047468-04:00" testType="13cdc9d9-ddb5-4fa4-a97d-d965ccfc6d4b" outcome="Failed" testListId="8c84fa94-04c1-424b-9868-57a2d4851a1d" relativeResultsDirectory="5b80db62-bae3-4448-a130-3aa020bde084">
      <Output>
        <ErrorInfo>
          <Message>Test method ObjectLifetimeTests.ObjectLifetimeTestsRunner.CycleTest4 threw exception: &#xD;
ObjectLifetimeTests.TestException: Parent is alive</Message>
          <StackTrace>    at ObjectLifetimeTests.AsyncQueue.Run()&#xD;
   at ObjectLifetimeTests.ObjectLifetimeTestsRunner.CycleTest4()&#xD;
</StackTrace>
        </ErrorInfo>
      </Output>
    </UnitTestResult>
    <UnitTestResult executionId="fd478887-8cde-4620-8955-83a1f8d7a7aa" testId="78762670-2c94-67a9-0c6e-4ed292b4fdb4" testName="RadioButtonGroupTest" computerName="DESKTOP-V5VHPHF" duration="00:00:00.0139373" startTime="2021-05-05T16:31:33.0728097-04:00" endTime="2021-05-05T16:31:33.0868761-04:00" testType="13cdc9d9-ddb5-4fa4-a97d-d965ccfc6d4b" outcome="Passed" testListId="8c84fa94-04c1-424b-9868-57a2d4851a1d" relativeResultsDirectory="fd478887-8cde-4620-8955-83a1f8d7a7aa" />
    <UnitTestResult executionId="e3f62392-7d6c-4ab4-81ac-56d9256f6a53" testId="01060f11-0640-099a-b784-4d324e2c79c1" testName="CycleTest2" computerName="DESKTOP-V5VHPHF" duration="00:00:00.0050580" startTime="2021-05-05T16:31:32.9705793-04:00" endTime="2021-05-05T16:31:32.9757405-04:00" testType="13cdc9d9-ddb5-4fa4-a97d-d965ccfc6d4b" outcome="Passed" testListId="8c84fa94-04c1-424b-9868-57a2d4851a1d" relativeResultsDirectory="e3f62392-7d6c-4ab4-81ac-56d9256f6a53" />
  </Results>
  <TestDefinitions>
    <UnitTest name="LeakTest1" storage="c:\users\shasnayak\cswinrt\src\tests\objectlifetimetests\objectlifetimetests.lifted\objectlifetimetests.lifted\bin\x86\debug\net5.0-windows10.0.19041.0\win10-x86\objectlifetimetests.lifted.build.appxrecipe" id="293e0511-720c-a40a-a3cd-6dd0e79b0196">
      <Execution id="6f5b27a3-0ed3-4ea5-94b8-be135e1668d3" />
      <TestMethod codeBase="C:\Users\shasnayak\CsWinRT\src\Tests\ObjectLifetimeTests\ObjectLifetimeTests.Lifted\ObjectLifetimeTests.Lifted\bin\x86\Debug\net5.0-windows10.0.19041.0\win10-x86\ObjectLifetimeTests.Lifted.build.appxrecipe" adapterTypeName="executor://mstestadapter/v2" className="ObjectLifetimeTests.ObjectLifetimeTestsRunner" name="LeakTest1" />
    </UnitTest>
    <UnitTest name="CycleTest10" storage="c:\users\shasnayak\cswinrt\src\tests\objectlifetimetests\objectlifetimetests.lifted\objectlifetimetests.lifted\bin\x86\debug\net5.0-windows10.0.19041.0\win10-x86\objectlifetimetests.lifted.build.appxrecipe" id="79e969b0-618e-787e-1894-3e329a7ba677">
      <Execution id="81cfe346-e6c1-46ed-97f4-67d8222b63cc" />
      <TestMethod codeBase="C:\Users\shasnayak\CsWinRT\src\Tests\ObjectLifetimeTests\ObjectLifetimeTests.Lifted\ObjectLifetimeTests.Lifted\bin\x86\Debug\net5.0-windows10.0.19041.0\win10-x86\ObjectLifetimeTests.Lifted.build.appxrecipe" adapterTypeName="executor://mstestadapter/v2" className="ObjectLifetimeTests.ObjectLifetimeTestsRunner" name="CycleTest10" />
    </UnitTest>
    <UnitTest name="CycleTest6c" storage="c:\users\shasnayak\cswinrt\src\tests\objectlifetimetests\objectlifetimetests.lifted\objectlifetimetests.lifted\bin\x86\debug\net5.0-windows10.0.19041.0\win10-x86\objectlifetimetests.lifted.build.appxrecipe" id="c15043ba-994e-159d-7671-1b7b92f08fe1">
      <Execution id="c7d0c057-c9e8-4b08-88bc-2e7a04c0ac4e" />
      <TestMethod codeBase="C:\Users\shasnayak\CsWinRT\src\Tests\ObjectLifetimeTests\ObjectLifetimeTests.Lifted\ObjectLifetimeTests.Lifted\bin\x86\Debug\net5.0-windows10.0.19041.0\win10-x86\ObjectLifetimeTests.Lifted.build.appxrecipe" adapterTypeName="executor://mstestadapter/v2" className="ObjectLifetimeTests.ObjectLifetimeTestsRunner" name="CycleTest6c" />
    </UnitTest>
    <UnitTest name="CycleTest3" storage="c:\users\shasnayak\cswinrt\src\tests\objectlifetimetests\objectlifetimetests.lifted\objectlifetimetests.lifted\bin\x86\debug\net5.0-windows10.0.19041.0\win10-x86\objectlifetimetests.lifted.build.appxrecipe" id="b7be17e1-c288-1bca-a2dc-16c77b7516cd">
      <Execution id="ff6353f2-e526-49c1-a290-42cf26a1a768" />
      <TestMethod codeBase="C:\Users\shasnayak\CsWinRT\src\Tests\ObjectLifetimeTests\ObjectLifetimeTests.Lifted\ObjectLifetimeTests.Lifted\bin\x86\Debug\net5.0-windows10.0.19041.0\win10-x86\ObjectLifetimeTests.Lifted.build.appxrecipe" adapterTypeName="executor://mstestadapter/v2" className="ObjectLifetimeTests.ObjectLifetimeTestsRunner" name="CycleTest3" />
    </UnitTest>
    <UnitTest name="BasicTest6" storage="c:\users\shasnayak\cswinrt\src\tests\objectlifetimetests\objectlifetimetests.lifted\objectlifetimetests.lifted\bin\x86\debug\net5.0-windows10.0.19041.0\win10-x86\objectlifetimetests.lifted.build.appxrecipe" id="70002cf1-a892-48b6-48d2-599a1180c0c2">
      <Execution id="2812af3d-5e6c-4b26-9043-fbc0ce2a7ea5" />
      <TestMethod codeBase="C:\Users\shasnayak\CsWinRT\src\Tests\ObjectLifetimeTests\ObjectLifetimeTests.Lifted\ObjectLifetimeTests.Lifted\bin\x86\Debug\net5.0-windows10.0.19041.0\win10-x86\ObjectLifetimeTests.Lifted.build.appxrecipe" adapterTypeName="executor://mstestadapter/v2" className="ObjectLifetimeTests.ObjectLifetimeTestsRunner" name="BasicTest6" />
    </UnitTest>
    <UnitTest name="CycleTest6b" storage="c:\users\shasnayak\cswinrt\src\tests\objectlifetimetests\objectlifetimetests.lifted\objectlifetimetests.lifted\bin\x86\debug\net5.0-windows10.0.19041.0\win10-x86\objectlifetimetests.lifted.build.appxrecipe" id="e5b139bb-8009-dab1-b719-0dd1d754f3a6">
      <Execution id="7ba93f6e-d2e9-4eab-aed0-cd0fb3ac530b" />
      <TestMethod codeBase="C:\Users\shasnayak\CsWinRT\src\Tests\ObjectLifetimeTests\ObjectLifetimeTests.Lifted\ObjectLifetimeTests.Lifted\bin\x86\Debug\net5.0-windows10.0.19041.0\win10-x86\ObjectLifetimeTests.Lifted.build.appxrecipe" adapterTypeName="executor://mstestadapter/v2" className="ObjectLifetimeTests.ObjectLifetimeTestsRunner" name="CycleTest6b" />
    </UnitTest>
    <UnitTest name="CycleTest4" storage="c:\users\shasnayak\cswinrt\src\tests\objectlifetimetests\objectlifetimetests.lifted\objectlifetimetests.lifted\bin\x86\debug\net5.0-windows10.0.19041.0\win10-x86\objectlifetimetests.lifted.build.appxrecipe" id="3144b7c2-df4f-5e4c-123b-1280ac265a53">
      <Execution id="5b80db62-bae3-4448-a130-3aa020bde084" />
      <TestMethod codeBase="C:\Users\shasnayak\CsWinRT\src\Tests\ObjectLifetimeTests\ObjectLifetimeTests.Lifted\ObjectLifetimeTests.Lifted\bin\x86\Debug\net5.0-windows10.0.19041.0\win10-x86\ObjectLifetimeTests.Lifted.build.appxrecipe" adapterTypeName="executor://mstestadapter/v2" className="ObjectLifetimeTests.ObjectLifetimeTestsRunner" name="CycleTest4" />
    </UnitTest>
    <UnitTest name="RadioButtonGroupTest" storage="c:\users\shasnayak\cswinrt\src\tests\objectlifetimetests\objectlifetimetests.lifted\objectlifetimetests.lifted\bin\x86\debug\net5.0-windows10.0.19041.0\win10-x86\objectlifetimetests.lifted.build.appxrecipe" id="78762670-2c94-67a9-0c6e-4ed292b4fdb4">
      <Execution id="fd478887-8cde-4620-8955-83a1f8d7a7aa" />
      <TestMethod codeBase="C:\Users\shasnayak\CsWinRT\src\Tests\ObjectLifetimeTests\ObjectLifetimeTests.Lifted\ObjectLifetimeTests.Lifted\bin\x86\Debug\net5.0-windows10.0.19041.0\win10-x86\ObjectLifetimeTests.Lifted.build.appxrecipe" adapterTypeName="executor://mstestadapter/v2" className="ObjectLifetimeTests.ObjectLifetimeTestsRunner" name="RadioButtonGroupTest" />
    </UnitTest>
    <UnitTest name="BasicTest4" storage="c:\users\shasnayak\cswinrt\src\tests\objectlifetimetests\objectlifetimetests.lifted\objectlifetimetests.lifted\bin\x86\debug\net5.0-windows10.0.19041.0\win10-x86\objectlifetimetests.lifted.build.appxrecipe" id="d98a00ba-ffde-22a2-cdd2-3f1ef3a8357e">
      <Execution id="60477fae-18ef-4a31-a10a-7ad5fa86532d" />
      <TestMethod codeBase="C:\Users\shasnayak\CsWinRT\src\Tests\ObjectLifetimeTests\ObjectLifetimeTests.Lifted\ObjectLifetimeTests.Lifted\bin\x86\Debug\net5.0-windows10.0.19041.0\win10-x86\ObjectLifetimeTests.Lifted.build.appxrecipe" adapterTypeName="executor://mstestadapter/v2" className="ObjectLifetimeTests.ObjectLifetimeTestsRunner" name="BasicTest4" />
    </UnitTest>
    <UnitTest name="CycleTest3b" storage="c:\users\shasnayak\cswinrt\src\tests\objectlifetimetests\objectlifetimetests.lifted\objectlifetimetests.lifted\bin\x86\debug\net5.0-windows10.0.19041.0\win10-x86\objectlifetimetests.lifted.build.appxrecipe" id="82c19561-9f7e-cd7d-bb1a-49a8c0cf7a9c">
      <Execution id="de260f46-93a6-42eb-a953-e6c8a17744e4" />
      <TestMethod codeBase="C:\Users\shasnayak\CsWinRT\src\Tests\ObjectLifetimeTests\ObjectLifetimeTests.Lifted\ObjectLifetimeTests.Lifted\bin\x86\Debug\net5.0-windows10.0.19041.0\win10-x86\ObjectLifetimeTests.Lifted.build.appxrecipe" adapterTypeName="executor://mstestadapter/v2" className="ObjectLifetimeTests.ObjectLifetimeTestsRunner" name="CycleTest3b" />
    </UnitTest>
    <UnitTest name="BasicTest5" storage="c:\users\shasnayak\cswinrt\src\tests\objectlifetimetests\objectlifetimetests.lifted\objectlifetimetests.lifted\bin\x86\debug\net5.0-windows10.0.19041.0\win10-x86\objectlifetimetests.lifted.build.appxrecipe" id="4810d3e4-1bb8-e24e-f2b4-581d3e96a918">
      <Execution id="420e6574-6e6c-437d-b759-114b3df40f3e" />
      <TestMethod codeBase="C:\Users\shasnayak\CsWinRT\src\Tests\ObjectLifetimeTests\ObjectLifetimeTests.Lifted\ObjectLifetimeTests.Lifted\bin\x86\Debug\net5.0-windows10.0.19041.0\win10-x86\ObjectLifetimeTests.Lifted.build.appxrecipe" adapterTypeName="executor://mstestadapter/v2" className="ObjectLifetimeTests.ObjectLifetimeTestsRunner" name="BasicTest5" />
    </UnitTest>
    <UnitTest name="CycleTest1b" storage="c:\users\shasnayak\cswinrt\src\tests\objectlifetimetests\objectlifetimetests.lifted\objectlifetimetests.lifted\bin\x86\debug\net5.0-windows10.0.19041.0\win10-x86\objectlifetimetests.lifted.build.appxrecipe" id="e7829c8a-96a7-e12b-733a-5d08b8433c65">
      <Execution id="3a5d2bf0-00c5-418d-ab02-34e4ecce53db" />
      <TestMethod codeBase="C:\Users\shasnayak\CsWinRT\src\Tests\ObjectLifetimeTests\ObjectLifetimeTests.Lifted\ObjectLifetimeTests.Lifted\bin\x86\Debug\net5.0-windows10.0.19041.0\win10-x86\ObjectLifetimeTests.Lifted.build.appxrecipe" adapterTypeName="executor://mstestadapter/v2" className="ObjectLifetimeTests.ObjectLifetimeTestsRunner" name="CycleTest1b" />
    </UnitTest>
    <UnitTest name="CycleTest8" storage="c:\users\shasnayak\cswinrt\src\tests\objectlifetimetests\objectlifetimetests.lifted\objectlifetimetests.lifted\bin\x86\debug\net5.0-windows10.0.19041.0\win10-x86\objectlifetimetests.lifted.build.appxrecipe" id="669518db-e1d4-7f69-ae1a-533fff12561e">
      <Execution id="9efd7515-11d8-4807-829f-ff12cc861b68" />
      <TestMethod codeBase="C:\Users\shasnayak\CsWinRT\src\Tests\ObjectLifetimeTests\ObjectLifetimeTests.Lifted\ObjectLifetimeTests.Lifted\bin\x86\Debug\net5.0-windows10.0.19041.0\win10-x86\ObjectLifetimeTests.Lifted.build.appxrecipe" adapterTypeName="executor://mstestadapter/v2" className="ObjectLifetimeTests.ObjectLifetimeTestsRunner" name="CycleTest8" />
    </UnitTest>
    <UnitTest name="LeakTest1b" storage="c:\users\shasnayak\cswinrt\src\tests\objectlifetimetests\objectlifetimetests.lifted\objectlifetimetests.lifted\bin\x86\debug\net5.0-windows10.0.19041.0\win10-x86\objectlifetimetests.lifted.build.appxrecipe" id="b1c081c2-1128-677a-a63b-0478999ff7da">
      <Execution id="40168ef6-4772-4e26-ac30-93d0f3616fe9" />
      <TestMethod codeBase="C:\Users\shasnayak\CsWinRT\src\Tests\ObjectLifetimeTests\ObjectLifetimeTests.Lifted\ObjectLifetimeTests.Lifted\bin\x86\Debug\net5.0-windows10.0.19041.0\win10-x86\ObjectLifetimeTests.Lifted.build.appxrecipe" adapterTypeName="executor://mstestadapter/v2" className="ObjectLifetimeTests.ObjectLifetimeTestsRunner" name="LeakTest1b" />
    </UnitTest>
    <UnitTest name="CycleTest2b" storage="c:\users\shasnayak\cswinrt\src\tests\objectlifetimetests\objectlifetimetests.lifted\objectlifetimetests.lifted\bin\x86\debug\net5.0-windows10.0.19041.0\win10-x86\objectlifetimetests.lifted.build.appxrecipe" id="b6df29a7-aa56-5492-ea6b-effbc0f5aba9">
      <Execution id="86c9a559-5942-4bc5-8dea-106284241208" />
      <TestMethod codeBase="C:\Users\shasnayak\CsWinRT\src\Tests\ObjectLifetimeTests\ObjectLifetimeTests.Lifted\ObjectLifetimeTests.Lifted\bin\x86\Debug\net5.0-windows10.0.19041.0\win10-x86\ObjectLifetimeTests.Lifted.build.appxrecipe" adapterTypeName="executor://mstestadapter/v2" className="ObjectLifetimeTests.ObjectLifetimeTestsRunner" name="CycleTest2b" />
    </UnitTest>
    <UnitTest name="BasicTest3" storage="c:\users\shasnayak\cswinrt\src\tests\objectlifetimetests\objectlifetimetests.lifted\objectlifetimetests.lifted\bin\x86\debug\net5.0-windows10.0.19041.0\win10-x86\objectlifetimetests.lifted.build.appxrecipe" id="beea72fa-8aa4-7f67-0a88-f428ce23b125">
      <Execution id="ce89bcb4-f3ba-4a54-af5b-a994d6830cdf" />
      <TestMethod codeBase="C:\Users\shasnayak\CsWinRT\src\Tests\ObjectLifetimeTests\ObjectLifetimeTests.Lifted\ObjectLifetimeTests.Lifted\bin\x86\Debug\net5.0-windows10.0.19041.0\win10-x86\ObjectLifetimeTests.Lifted.build.appxrecipe" adapterTypeName="executor://mstestadapter/v2" className="ObjectLifetimeTests.ObjectLifetimeTestsRunner" name="BasicTest3" />
    </UnitTest>
    <UnitTest name="CycleTest2c" storage="c:\users\shasnayak\cswinrt\src\tests\objectlifetimetests\objectlifetimetests.lifted\objectlifetimetests.lifted\bin\x86\debug\net5.0-windows10.0.19041.0\win10-x86\objectlifetimetests.lifted.build.appxrecipe" id="280b85a9-43dd-29fc-cb5b-689ce33d5624">
      <Execution id="43c182a3-7ad4-42c9-82f2-07be45090f0d" />
      <TestMethod codeBase="C:\Users\shasnayak\CsWinRT\src\Tests\ObjectLifetimeTests\ObjectLifetimeTests.Lifted\ObjectLifetimeTests.Lifted\bin\x86\Debug\net5.0-windows10.0.19041.0\win10-x86\ObjectLifetimeTests.Lifted.build.appxrecipe" adapterTypeName="executor://mstestadapter/v2" className="ObjectLifetimeTests.ObjectLifetimeTestsRunner" name="CycleTest2c" />
    </UnitTest>
    <UnitTest name="TestMethod1" storage="c:\users\shasnayak\cswinrt\src\tests\objectlifetimetests\objectlifetimetests.lifted\objectlifetimetests.lifted\bin\x86\debug\net5.0-windows10.0.19041.0\win10-x86\objectlifetimetests.lifted.build.appxrecipe" id="0c459719-3116-f70f-a29e-c199a8cb984a">
      <Execution id="3341a5fd-96bf-4b69-b427-b189bcc5d115" />
      <TestMethod codeBase="C:\Users\shasnayak\CsWinRT\src\Tests\ObjectLifetimeTests\ObjectLifetimeTests.Lifted\ObjectLifetimeTests.Lifted\bin\x86\Debug\net5.0-windows10.0.19041.0\win10-x86\ObjectLifetimeTests.Lifted.build.appxrecipe" adapterTypeName="executor://mstestadapter/v2" className="ObjectLifetimeTests.Lifted.UnitTest" name="TestMethod1" />
    </UnitTest>
    <UnitTest name="BasicTest1" storage="c:\users\shasnayak\cswinrt\src\tests\objectlifetimetests\objectlifetimetests.lifted\objectlifetimetests.lifted\bin\x86\debug\net5.0-windows10.0.19041.0\win10-x86\objectlifetimetests.lifted.build.appxrecipe" id="c9e0bc76-662e-e2fb-fd82-cb81d0e933a2">
      <Execution id="ac15a279-33c6-4f55-be23-841b1baade8c" />
      <TestMethod codeBase="C:\Users\shasnayak\CsWinRT\src\Tests\ObjectLifetimeTests\ObjectLifetimeTests.Lifted\ObjectLifetimeTests.Lifted\bin\x86\Debug\net5.0-windows10.0.19041.0\win10-x86\ObjectLifetimeTests.Lifted.build.appxrecipe" adapterTypeName="executor://mstestadapter/v2" className="ObjectLifetimeTests.ObjectLifetimeTestsRunner" name="BasicTest1" />
    </UnitTest>
    <UnitTest name="CycleTest1" storage="c:\users\shasnayak\cswinrt\src\tests\objectlifetimetests\objectlifetimetests.lifted\objectlifetimetests.lifted\bin\x86\debug\net5.0-windows10.0.19041.0\win10-x86\objectlifetimetests.lifted.build.appxrecipe" id="63828883-6f0f-e7bd-8e69-8c1fbccbf9da">
      <Execution id="560befc6-020d-4914-b702-82fc35ac830a" />
      <TestMethod codeBase="C:\Users\shasnayak\CsWinRT\src\Tests\ObjectLifetimeTests\ObjectLifetimeTests.Lifted\ObjectLifetimeTests.Lifted\bin\x86\Debug\net5.0-windows10.0.19041.0\win10-x86\ObjectLifetimeTests.Lifted.build.appxrecipe" adapterTypeName="executor://mstestadapter/v2" className="ObjectLifetimeTests.ObjectLifetimeTestsRunner" name="CycleTest1" />
    </UnitTest>
    <UnitTest name="CycleTest6" storage="c:\users\shasnayak\cswinrt\src\tests\objectlifetimetests\objectlifetimetests.lifted\objectlifetimetests.lifted\bin\x86\debug\net5.0-windows10.0.19041.0\win10-x86\objectlifetimetests.lifted.build.appxrecipe" id="1b8f4d38-47a2-7e17-b223-507aaa9dfb49">
      <Execution id="22a2e081-be7c-4330-ba25-0be58473a763" />
      <TestMethod codeBase="C:\Users\shasnayak\CsWinRT\src\Tests\ObjectLifetimeTests\ObjectLifetimeTests.Lifted\ObjectLifetimeTests.Lifted\bin\x86\Debug\net5.0-windows10.0.19041.0\win10-x86\ObjectLifetimeTests.Lifted.build.appxrecipe" adapterTypeName="executor://mstestadapter/v2" className="ObjectLifetimeTests.ObjectLifetimeTestsRunner" name="CycleTest6" />
    </UnitTest>
    <UnitTest name="CycleTest7" storage="c:\users\shasnayak\cswinrt\src\tests\objectlifetimetests\objectlifetimetests.lifted\objectlifetimetests.lifted\bin\x86\debug\net5.0-windows10.0.19041.0\win10-x86\objectlifetimetests.lifted.build.appxrecipe" id="e26ad0f7-a6f0-7b0c-7a97-d939b5eccef5">
      <Execution id="cdfd6d49-01ab-4f2d-bb16-8f3b70acaee6" />
      <TestMethod codeBase="C:\Users\shasnayak\CsWinRT\src\Tests\ObjectLifetimeTests\ObjectLifetimeTests.Lifted\ObjectLifetimeTests.Lifted\bin\x86\Debug\net5.0-windows10.0.19041.0\win10-x86\ObjectLifetimeTests.Lifted.build.appxrecipe" adapterTypeName="executor://mstestadapter/v2" className="ObjectLifetimeTests.ObjectLifetimeTestsRunner" name="CycleTest7" />
    </UnitTest>
    <UnitTest name="CycleTest5" storage="c:\users\shasnayak\cswinrt\src\tests\objectlifetimetests\objectlifetimetests.lifted\objectlifetimetests.lifted\bin\x86\debug\net5.0-windows10.0.19041.0\win10-x86\objectlifetimetests.lifted.build.appxrecipe" id="6481eed6-f411-648a-8a3e-535b7b9dc59c">
      <Execution id="a19fbde3-f73e-4da9-b57f-4a168d43fe14" />
      <TestMethod codeBase="C:\Users\shasnayak\CsWinRT\src\Tests\ObjectLifetimeTests\ObjectLifetimeTests.Lifted\ObjectLifetimeTests.Lifted\bin\x86\Debug\net5.0-windows10.0.19041.0\win10-x86\ObjectLifetimeTests.Lifted.build.appxrecipe" adapterTypeName="executor://mstestadapter/v2" className="ObjectLifetimeTests.ObjectLifetimeTestsRunner" name="CycleTest5" />
    </UnitTest>
    <UnitTest name="CycleTest1c" storage="c:\users\shasnayak\cswinrt\src\tests\objectlifetimetests\objectlifetimetests.lifted\objectlifetimetests.lifted\bin\x86\debug\net5.0-windows10.0.19041.0\win10-x86\objectlifetimetests.lifted.build.appxrecipe" id="e2bbd5a0-6cef-3e95-382d-c77ef14a4d76">
      <Execution id="08a6c891-0d4a-4317-a636-02e9e10b2625" />
      <TestMethod codeBase="C:\Users\shasnayak\CsWinRT\src\Tests\ObjectLifetimeTests\ObjectLifetimeTests.Lifted\ObjectLifetimeTests.Lifted\bin\x86\Debug\net5.0-windows10.0.19041.0\win10-x86\ObjectLifetimeTests.Lifted.build.appxrecipe" adapterTypeName="executor://mstestadapter/v2" className="ObjectLifetimeTests.ObjectLifetimeTestsRunner" name="CycleTest1c" />
    </UnitTest>
    <UnitTest name="CycleTest2" storage="c:\users\shasnayak\cswinrt\src\tests\objectlifetimetests\objectlifetimetests.lifted\objectlifetimetests.lifted\bin\x86\debug\net5.0-windows10.0.19041.0\win10-x86\objectlifetimetests.lifted.build.appxrecipe" id="01060f11-0640-099a-b784-4d324e2c79c1">
      <Execution id="e3f62392-7d6c-4ab4-81ac-56d9256f6a53" />
      <TestMethod codeBase="C:\Users\shasnayak\CsWinRT\src\Tests\ObjectLifetimeTests\ObjectLifetimeTests.Lifted\ObjectLifetimeTests.Lifted\bin\x86\Debug\net5.0-windows10.0.19041.0\win10-x86\ObjectLifetimeTests.Lifted.build.appxrecipe" adapterTypeName="executor://mstestadapter/v2" className="ObjectLifetimeTests.ObjectLifetimeTestsRunner" name="CycleTest2" />
    </UnitTest>
    <UnitTest name="BasicTest6b" storage="c:\users\shasnayak\cswinrt\src\tests\objectlifetimetests\objectlifetimetests.lifted\objectlifetimetests.lifted\bin\x86\debug\net5.0-windows10.0.19041.0\win10-x86\objectlifetimetests.lifted.build.appxrecipe" id="844560d8-5bef-208c-7357-1dabef262007">
      <Execution id="3c0b94dc-b523-4fa4-a6d3-ccb9127b73ac" />
      <TestMethod codeBase="C:\Users\shasnayak\CsWinRT\src\Tests\ObjectLifetimeTests\ObjectLifetimeTests.Lifted\ObjectLifetimeTests.Lifted\bin\x86\Debug\net5.0-windows10.0.19041.0\win10-x86\ObjectLifetimeTests.Lifted.build.appxrecipe" adapterTypeName="executor://mstestadapter/v2" className="ObjectLifetimeTests.ObjectLifetimeTestsRunner" name="BasicTest6b" />
    </UnitTest>
    <UnitTest name="BasicTest2" storage="c:\users\shasnayak\cswinrt\src\tests\objectlifetimetests\objectlifetimetests.lifted\objectlifetimetests.lifted\bin\x86\debug\net5.0-windows10.0.19041.0\win10-x86\objectlifetimetests.lifted.build.appxrecipe" id="cb135378-477d-17b4-3f2c-0d1d1f7f0020">
      <Execution id="3eac2950-3890-4fd8-a4b4-8ebfd700fe72" />
      <TestMethod codeBase="C:\Users\shasnayak\CsWinRT\src\Tests\ObjectLifetimeTests\ObjectLifetimeTests.Lifted\ObjectLifetimeTests.Lifted\bin\x86\Debug\net5.0-windows10.0.19041.0\win10-x86\ObjectLifetimeTests.Lifted.build.appxrecipe" adapterTypeName="executor://mstestadapter/v2" className="ObjectLifetimeTests.ObjectLifetimeTestsRunner" name="BasicTest2" />
    </UnitTest>
  </TestDefinitions>
  <TestEntries>
    <TestEntry testId="79e969b0-618e-787e-1894-3e329a7ba677" executionId="81cfe346-e6c1-46ed-97f4-67d8222b63cc" testListId="8c84fa94-04c1-424b-9868-57a2d4851a1d" />
    <TestEntry testId="c9e0bc76-662e-e2fb-fd82-cb81d0e933a2" executionId="ac15a279-33c6-4f55-be23-841b1baade8c" testListId="8c84fa94-04c1-424b-9868-57a2d4851a1d" />
    <TestEntry testId="cb135378-477d-17b4-3f2c-0d1d1f7f0020" executionId="3eac2950-3890-4fd8-a4b4-8ebfd700fe72" testListId="8c84fa94-04c1-424b-9868-57a2d4851a1d" />
    <TestEntry testId="e7829c8a-96a7-e12b-733a-5d08b8433c65" executionId="3a5d2bf0-00c5-418d-ab02-34e4ecce53db" testListId="8c84fa94-04c1-424b-9868-57a2d4851a1d" />
    <TestEntry testId="e2bbd5a0-6cef-3e95-382d-c77ef14a4d76" executionId="08a6c891-0d4a-4317-a636-02e9e10b2625" testListId="8c84fa94-04c1-424b-9868-57a2d4851a1d" />
    <TestEntry testId="280b85a9-43dd-29fc-cb5b-689ce33d5624" executionId="43c182a3-7ad4-42c9-82f2-07be45090f0d" testListId="8c84fa94-04c1-424b-9868-57a2d4851a1d" />
    <TestEntry testId="e5b139bb-8009-dab1-b719-0dd1d754f3a6" executionId="7ba93f6e-d2e9-4eab-aed0-cd0fb3ac530b" testListId="8c84fa94-04c1-424b-9868-57a2d4851a1d" />
    <TestEntry testId="6481eed6-f411-648a-8a3e-535b7b9dc59c" executionId="a19fbde3-f73e-4da9-b57f-4a168d43fe14" testListId="8c84fa94-04c1-424b-9868-57a2d4851a1d" />
    <TestEntry testId="844560d8-5bef-208c-7357-1dabef262007" executionId="3c0b94dc-b523-4fa4-a6d3-ccb9127b73ac" testListId="8c84fa94-04c1-424b-9868-57a2d4851a1d" />
    <TestEntry testId="63828883-6f0f-e7bd-8e69-8c1fbccbf9da" executionId="560befc6-020d-4914-b702-82fc35ac830a" testListId="8c84fa94-04c1-424b-9868-57a2d4851a1d" />
    <TestEntry testId="0c459719-3116-f70f-a29e-c199a8cb984a" executionId="3341a5fd-96bf-4b69-b427-b189bcc5d115" testListId="8c84fa94-04c1-424b-9868-57a2d4851a1d" />
    <TestEntry testId="82c19561-9f7e-cd7d-bb1a-49a8c0cf7a9c" executionId="de260f46-93a6-42eb-a953-e6c8a17744e4" testListId="8c84fa94-04c1-424b-9868-57a2d4851a1d" />
    <TestEntry testId="b7be17e1-c288-1bca-a2dc-16c77b7516cd" executionId="ff6353f2-e526-49c1-a290-42cf26a1a768" testListId="8c84fa94-04c1-424b-9868-57a2d4851a1d" />
    <TestEntry testId="4810d3e4-1bb8-e24e-f2b4-581d3e96a918" executionId="420e6574-6e6c-437d-b759-114b3df40f3e" testListId="8c84fa94-04c1-424b-9868-57a2d4851a1d" />
    <TestEntry testId="c15043ba-994e-159d-7671-1b7b92f08fe1" executionId="c7d0c057-c9e8-4b08-88bc-2e7a04c0ac4e" testListId="8c84fa94-04c1-424b-9868-57a2d4851a1d" />
    <TestEntry testId="293e0511-720c-a40a-a3cd-6dd0e79b0196" executionId="6f5b27a3-0ed3-4ea5-94b8-be135e1668d3" testListId="8c84fa94-04c1-424b-9868-57a2d4851a1d" />
    <TestEntry testId="70002cf1-a892-48b6-48d2-599a1180c0c2" executionId="2812af3d-5e6c-4b26-9043-fbc0ce2a7ea5" testListId="8c84fa94-04c1-424b-9868-57a2d4851a1d" />
    <TestEntry testId="b1c081c2-1128-677a-a63b-0478999ff7da" executionId="40168ef6-4772-4e26-ac30-93d0f3616fe9" testListId="8c84fa94-04c1-424b-9868-57a2d4851a1d" />
    <TestEntry testId="d98a00ba-ffde-22a2-cdd2-3f1ef3a8357e" executionId="60477fae-18ef-4a31-a10a-7ad5fa86532d" testListId="8c84fa94-04c1-424b-9868-57a2d4851a1d" />
    <TestEntry testId="beea72fa-8aa4-7f67-0a88-f428ce23b125" executionId="ce89bcb4-f3ba-4a54-af5b-a994d6830cdf" testListId="8c84fa94-04c1-424b-9868-57a2d4851a1d" />
    <TestEntry testId="e26ad0f7-a6f0-7b0c-7a97-d939b5eccef5" executionId="cdfd6d49-01ab-4f2d-bb16-8f3b70acaee6" testListId="8c84fa94-04c1-424b-9868-57a2d4851a1d" />
    <TestEntry testId="669518db-e1d4-7f69-ae1a-533fff12561e" executionId="9efd7515-11d8-4807-829f-ff12cc861b68" testListId="8c84fa94-04c1-424b-9868-57a2d4851a1d" />
    <TestEntry testId="b6df29a7-aa56-5492-ea6b-effbc0f5aba9" executionId="86c9a559-5942-4bc5-8dea-106284241208" testListId="8c84fa94-04c1-424b-9868-57a2d4851a1d" />
    <TestEntry testId="1b8f4d38-47a2-7e17-b223-507aaa9dfb49" executionId="22a2e081-be7c-4330-ba25-0be58473a763" testListId="8c84fa94-04c1-424b-9868-57a2d4851a1d" />
    <TestEntry testId="3144b7c2-df4f-5e4c-123b-1280ac265a53" executionId="5b80db62-bae3-4448-a130-3aa020bde084" testListId="8c84fa94-04c1-424b-9868-57a2d4851a1d" />
    <TestEntry testId="78762670-2c94-67a9-0c6e-4ed292b4fdb4" executionId="fd478887-8cde-4620-8955-83a1f8d7a7aa" testListId="8c84fa94-04c1-424b-9868-57a2d4851a1d" />
    <TestEntry testId="01060f11-0640-099a-b784-4d324e2c79c1" executionId="e3f62392-7d6c-4ab4-81ac-56d9256f6a53" testListId="8c84fa94-04c1-424b-9868-57a2d4851a1d" />
  </TestEntries>
  <TestLists>
    <TestList name="Results Not in a List" id="8c84fa94-04c1-424b-9868-57a2d4851a1d" />
    <TestList name="All Loaded Results" id="19431567-8539-422a-85d7-44ee4e166bda" />
  </TestLists>
  <ResultSummary outcome="Failed">
    <Counters total="27" executed="27" passed="13" failed="14" error="0" timeout="0" aborted="0" inconclusive="0" passedButRunAborted="0" notRunnable="0" notExecuted="0" disconnected="0" warning="0" completed="0" inProgress="0" pending="0" />
    <Output>
      <StdOut>	DeviceConfiguration/GetDevice/Name&#xD;
		Caller = Deployer&#xD;
		Name = &#xD;
ConfigurationParser/Constructor: START&#xD;
ConfigurationParser/Constructor/EnumeratePackages: START&#xD;
Reading tools configuration from Visual Studio installation at 'C:\Program Files (x86)\Microsoft Visual Studio\2019\Preview\Common7\IDE\CommonExtensions\Microsoft\TailoredProjectServices'.&#xD;
	GlobalConfigurationFolderPresent = True&#xD;
	NumberOfPackagesFound = 24&#xD;
	ConfigurationParser/Constructor/EnumeratePackages/Package&#xD;
		Id = e0999a8f-0200-4738-ae1e-b45742be6b6b&#xD;
		Name = CoreCLR&#xD;
		Architectures = Arm|Arm64|X86|X64&#xD;
		VisualStudioPackage = True&#xD;
	ConfigurationParser/Constructor/EnumeratePackages/Package&#xD;
		Id = 745b7b79-84d4-4033-8554-e1ed88d1321e&#xD;
		Name = JavaScriptCollectionAgent Package&#xD;
		Architectures = Arm|X86|X64&#xD;
		VisualStudioPackage = False&#xD;
	ConfigurationParser/Constructor/EnumeratePackages/Package&#xD;
		Id = cba47ef1-9f90-4af4-bf90-6c2c09e350b6&#xD;
		Name = NetworkCollectionAgent Package&#xD;
		Architectures = Arm|X86|X64&#xD;
		VisualStudioPackage = False&#xD;
	ConfigurationParser/Constructor/EnumeratePackages/Package&#xD;
		Id = f8ce90e1-19bc-472a-b625-9c081fac46df&#xD;
		Name = VSGraphics Debugging Package DUIC&#xD;
		Architectures = Arm|X86|X64&#xD;
		VisualStudioPackage = False&#xD;
	ConfigurationParser/Constructor/EnumeratePackages/Package&#xD;
		Id = 44eeed0d-971c-4546-bc24-b6a5cbfae959&#xD;
		Name = GPU Collector Agent&#xD;
		Architectures = Arm|X86|X64&#xD;
		VisualStudioPackage = False&#xD;
	ConfigurationParser/Constructor/EnumeratePackages/Package&#xD;
		Id = 8e61b271-9853-41c9-b845-4d32865c306f&#xD;
		Name = App Analysis Collection Agent&#xD;
		Architectures = Arm|Arm64|X86|X64&#xD;
		VisualStudioPackage = True&#xD;
	ConfigurationParser/Constructor/EnumeratePackages/Package&#xD;
		Id = efb65f05-52ca-49fe-9799-0d120b3e8c40&#xD;
		Name = Memory Profiler Collection Agent&#xD;
		Architectures = Arm|Arm64|X86|X64&#xD;
		VisualStudioPackage = True&#xD;
	ConfigurationParser/Constructor/EnumeratePackages/Package&#xD;
		Id = c99f0de0-95fe-4c64-9d17-efa7574c358b&#xD;
		Name = Memory Profiler v2 Collection Agent&#xD;
		Architectures = Arm|Arm64|X86|X64&#xD;
		VisualStudioPackage = True&#xD;
	ConfigurationParser/Constructor/EnumeratePackages/Package&#xD;
		Id = bff8ef71-b423-4e11-8f4b-9ce1061615a2&#xD;
		Name = Native Memory Profiler Win10 Collection Agent&#xD;
		Architectures = Arm|Arm64|X86|X64&#xD;
		VisualStudioPackage = True&#xD;
	ConfigurationParser/Constructor/EnumeratePackages/Package&#xD;
		Id = eb22551a-7f66-465f-b53f-e5aba0c0574e&#xD;
		Name = msvsmon native Package&#xD;
		Architectures = Arm|X86|X64|Arm64&#xD;
		VisualStudioPackage = True&#xD;
	ConfigurationParser/Constructor/EnumeratePackages/Package&#xD;
		Id = 62b807e2-6539-46fb-8d67-a73dc9499940&#xD;
		Name = msvsmon managed Package&#xD;
		Architectures = Arm|X86|X64|Arm64&#xD;
		VisualStudioPackage = True&#xD;
	ConfigurationParser/Constructor/EnumeratePackages/Package&#xD;
		Id = d8b19935-bdbf-4d5b-9619-a6693afd4554&#xD;
		Name = msvsmon script Package&#xD;
		Architectures = Arm|Arm64|X86|X64&#xD;
		VisualStudioPackage = True&#xD;
	ConfigurationParser/Constructor/EnumeratePackages/Package&#xD;
		Id = 322e47a7-c871-4db0-b663-2b836b9a6427&#xD;
		Name = Diagnostics Hub Standard Collector (Post-mortem)&#xD;
		Architectures = Arm|X86|X64&#xD;
		VisualStudioPackage = True&#xD;
	ConfigurationParser/Constructor/EnumeratePackages/Package&#xD;
		Id = f4461251-3ffb-4108-9743-364bb931faf2&#xD;
		Name = Diagnostics Hub Standard Collector Service&#xD;
		Architectures = Arm|Arm64|X86|X64&#xD;
		VisualStudioPackage = True&#xD;
	ConfigurationParser/Constructor/EnumeratePackages/Package&#xD;
		Id = 98e13d7b-2ac3-4b11-bbeb-758ad8bd607a&#xD;
		Name = Diagnostics Hub Collector Bridge&#xD;
		Architectures = Arm|Arm64|X86|X64&#xD;
		VisualStudioPackage = True&#xD;
	ConfigurationParser/Constructor/EnumeratePackages/Package&#xD;
		Id = 96f1f3e8-f762-4cd2-8ed9-68ec25c2c722&#xD;
		Name = CPU Usage&#xD;
		Architectures = Arm|Arm64|X86|X64&#xD;
		VisualStudioPackage = True&#xD;
	ConfigurationParser/Constructor/EnumeratePackages/Package&#xD;
		Id = 87c20e3c-a84e-4f56-8bcb-a09a23bfe077&#xD;
		Name = DotNetAlloc&#xD;
		Architectures = Arm|Arm64|X86|X64&#xD;
		VisualStudioPackage = True&#xD;
	ConfigurationParser/Constructor/EnumeratePackages/Package&#xD;
		Id = 4ec3701d-0b28-4ae9-8bc4-20e88ce94c81&#xD;
		Name = EventsViewer&#xD;
		Architectures = Arm|Arm64|X86|X64&#xD;
		VisualStudioPackage = True&#xD;
	ConfigurationParser/Constructor/EnumeratePackages/Package&#xD;
		Id = f1498e2f-1808-4e2a-8c86-b888a59d8446&#xD;
		Name = Database&#xD;
		Architectures = Arm|Arm64|X86|X64&#xD;
		VisualStudioPackage = True&#xD;
	ConfigurationParser/Constructor/EnumeratePackages/Package&#xD;
		Id = db99fe6f-5272-4638-bf5c-c32fc1527b26&#xD;
		Name = DotNetAsync&#xD;
		Architectures = Arm|Arm64|X86|X64&#xD;
		VisualStudioPackage = True&#xD;
	ConfigurationParser/Constructor/EnumeratePackages/Package&#xD;
		Id = cc6587b3-a749-4158-989f-1c3bb2b234f5&#xD;
		Name = Windows10RemoteTools&#xD;
		Architectures = Arm|Arm64|X64|X86&#xD;
		VisualStudioPackage = True&#xD;
	ConfigurationParser/Constructor/EnumeratePackages/Package&#xD;
		Id = 9093ee4a-01e5-44ed-9214-0b4d15023fde&#xD;
		Name = XAML UI Debugger package&#xD;
		Architectures = Arm|Arm64|X86|X64&#xD;
		VisualStudioPackage = True&#xD;
	ConfigurationParser/Constructor/EnumeratePackages/Package&#xD;
		Id = b968cc6a-d2c8-4197-88e3-11662042c291&#xD;
		Name = XAML UI Debugger package&#xD;
		Architectures = Arm|Arm64|X86|X64&#xD;
		VisualStudioPackage = True&#xD;
	ConfigurationParser/Constructor/EnumeratePackages/Package&#xD;
		Id = 57e8cc1f-36e5-41b7-972f-80e4f1016bfc&#xD;
		Name = XAML UI Debugger dependency Package&#xD;
		Architectures = Arm|Arm64|X86|X64&#xD;
		VisualStudioPackage = False&#xD;
ConfigurationParser/Constructor/EnumeratePackages: END (Success, 0:00:00.373)&#xD;
ConfigurationParser/Constructor/EnumerateEmulators: START&#xD;
	NumberOfDevicesFound = 0&#xD;
ConfigurationParser/Constructor/EnumerateEmulators: END (Success, 0:00:00.062)&#xD;
ConfigurationParser/Constructor: END (Success, 0:00:00.447)&#xD;
		DeviceFound = False&#xD;
Attempting to deploy to target 'Local Machine'.&#xD;
Starting local deployment...&#xD;
Deploy: START&#xD;
DeployAsync: START&#xD;
Reading package recipe file "C:\Users\shasnayak\CsWinRT\src\Tests\ObjectLifetimeTests\ObjectLifetimeTests.Lifted\ObjectLifetimeTests.Lifted\bin\x86\Debug\net5.0-windows10.0.19041.0\win10-x86\ObjectLifetimeTests.Lifted.build.appxrecipe"...&#xD;
Deployment layout folder location: "C:\Users\shasnayak\CsWinRT\src\Tests\ObjectLifetimeTests\ObjectLifetimeTests.Lifted\ObjectLifetimeTests.Lifted\bin\x86\Debug\net5.0-windows10.0.19041.0\win10-x86\AppX"&#xD;
Comparing with new recipe: 'C:\Users\shasnayak\CsWinRT\src\Tests\ObjectLifetimeTests\ObjectLifetimeTests.Lifted\ObjectLifetimeTests.Lifted\bin\x86\Debug\net5.0-windows10.0.19041.0\win10-x86\ObjectLifetimeTests.Lifted.build.appxrecipe'&#xD;
File unchanged: 'C:\Users\shasnayak\CsWinRT\src\Tests\ObjectLifetimeTests\ObjectLifetimeTests.Lifted\ObjectLifetimeTests.Lifted\bin\x86\Debug\net5.0-windows10.0.19041.0\win10-x86\resources.pri', timestamp: '2021-05-05T17:39:53.082'&#xD;
File unchanged: 'C:\Users\shasnayak\CsWinRT\src\Tests\ObjectLifetimeTests\ObjectLifetimeTests.Lifted\ObjectLifetimeTests.Lifted\bin\x86\Debug\net5.0-windows10.0.19041.0\win10-x86\ObjectLifetimeTests.Lifted.runtimeconfig.json', timestamp: '2021-05-05T17:39:53.025'&#xD;
File unchanged: 'C:\Users\shasnayak\CsWinRT\src\Tests\ObjectLifetimeTests\ObjectLifetimeTests.Lifted\ObjectLifetimeTests.Lifted\obj\x86\Debug\net5.0-windows10.0.19041.0\win10-x86\apphost.exe', timestamp: '2021-05-05T17:39:52.845'&#xD;
File unchanged: 'C:\Users\shasnayak\.nuget\packages\mstest.testadapter\2.2.4-preview-20210412-01\build\_common\Microsoft.VisualStudio.TestPlatform.MSTest.TestAdapter.dll', timestamp: '2021-04-12T09:17:38.000'&#xD;
File unchanged: 'C:\Users\shasnayak\.nuget\packages\mstest.testadapter\2.2.4-preview-20210412-01\build\_common\Microsoft.VisualStudio.TestPlatform.MSTestAdapter.PlatformServices.Interface.dll', timestamp: '2021-04-12T09:09:18.000'&#xD;
File unchanged: 'C:\Users\shasnayak\.nuget\packages\mstest.testadapter\2.2.4-preview-20210412-01\build\net5.0-windows10.0.18362.0\Microsoft.VisualStudio.TestPlatform.MSTestAdapter.PlatformServices.dll', timestamp: '2021-04-12T09:10:32.000'&#xD;
File unchanged: 'C:\Users\shasnayak\.nuget\packages\mstest.testadapter\2.2.4-preview-20210412-01\build\net5.0-windows10.0.18362.0\Microsoft.TestPlatform.AdapterUtilities.dll', timestamp: '2021-02-23T11:57:36.000'&#xD;
File unchanged: 'C:\Users\shasnayak\CsWinRT\src\Tests\ObjectLifetimeTests\ObjectLifetimeTests.Lifted\ObjectLifetimeTests.Lifted\bin\x86\Debug\net5.0-windows10.0.19041.0\win10-x86\ObjectLifetimeTests.Lifted.deps.json', timestamp: '2021-05-05T17:39:53.023'&#xD;
File unchanged: 'C:\Users\shasnayak\.nuget\packages\microsoft.netcore.app.runtime.win-x86\5.0.1\runtimes\win-x86\native\API-MS-Win-core-xstate-l2-1-0.dll', timestamp: '2019-12-07T01:29:28.000'&#xD;
File unchanged: 'C:\Users\shasnayak\.nuget\packages\microsoft.netcore.app.runtime.win-x86\5.0.1\runtimes\win-x86\native\Microsoft.DiaSymReader.Native.x86.dll', timestamp: '2017-12-04T22:36:44.000'&#xD;
File unchanged: 'C:\Users\shasnayak\.nuget\packages\microsoft.netcore.app.runtime.win-x86\5.0.1\runtimes\win-x86\native\api-ms-win-core-console-l1-1-0.dll', timestamp: '2019-12-07T01:29:28.000'&#xD;
File unchanged: 'C:\Users\shasnayak\.nuget\packages\microsoft.netcore.app.runtime.win-x86\5.0.1\runtimes\win-x86\native\api-ms-win-core-console-l1-2-0.dll', timestamp: '2019-12-07T01:29:28.000'&#xD;
File unchanged: 'C:\Users\shasnayak\.nuget\packages\microsoft.netcore.app.runtime.win-x86\5.0.1\runtimes\win-x86\native\api-ms-win-core-datetime-l1-1-0.dll', timestamp: '2019-12-07T01:29:28.000'&#xD;
File unchanged: 'C:\Users\shasnayak\.nuget\packages\microsoft.netcore.app.runtime.win-x86\5.0.1\runtimes\win-x86\native\api-ms-win-core-debug-l1-1-0.dll', timestamp: '2019-12-07T01:29:28.000'&#xD;
File unchanged: 'C:\Users\shasnayak\.nuget\packages\microsoft.netcore.app.runtime.win-x86\5.0.1\runtimes\win-x86\native\api-ms-win-core-errorhandling-l1-1-0.dll', timestamp: '2019-12-07T01:29:28.000'&#xD;
File unchanged: 'C:\Users\shasnayak\.nuget\packages\microsoft.netcore.app.runtime.win-x86\5.0.1\runtimes\win-x86\native\api-ms-win-core-file-l1-1-0.dll', timestamp: '2019-12-07T01:29:28.000'&#xD;
File unchanged: 'C:\Users\shasnayak\.nuget\packages\microsoft.netcore.app.runtime.win-x86\5.0.1\runtimes\win-x86\native\api-ms-win-core-file-l1-2-0.dll', timestamp: '2019-12-07T01:29:28.000'&#xD;
File unchanged: 'C:\Users\shasnayak\.nuget\packages\microsoft.netcore.app.runtime.win-x86\5.0.1\runtimes\win-x86\native\api-ms-win-core-file-l2-1-0.dll', timestamp: '2019-12-07T01:29:28.000'&#xD;
File unchanged: 'C:\Users\shasnayak\.nuget\packages\microsoft.netcore.app.runtime.win-x86\5.0.1\runtimes\win-x86\native\api-ms-win-core-handle-l1-1-0.dll', timestamp: '2019-12-07T01:29:28.000'&#xD;
File unchanged: 'C:\Users\shasnayak\.nuget\packages\microsoft.netcore.app.runtime.win-x86\5.0.1\runtimes\win-x86\native\api-ms-win-core-heap-l1-1-0.dll', timestamp: '2019-12-07T01:29:28.000'&#xD;
File unchanged: 'C:\Users\shasnayak\.nuget\packages\microsoft.netcore.app.runtime.win-x86\5.0.1\runtimes\win-x86\native\api-ms-win-core-interlocked-l1-1-0.dll', timestamp: '2019-12-07T01:29:38.000'&#xD;
File unchanged: 'C:\Users\shasnayak\.nuget\packages\microsoft.netcore.app.runtime.win-x86\5.0.1\runtimes\win-x86\native\api-ms-win-core-libraryloader-l1-1-0.dll', timestamp: '2019-12-07T01:29:28.000'&#xD;
File unchanged: 'C:\Users\shasnayak\.nuget\packages\microsoft.netcore.app.runtime.win-x86\5.0.1\runtimes\win-x86\native\api-ms-win-core-localization-l1-2-0.dll', timestamp: '2019-12-07T01:29:28.000'&#xD;
File unchanged: 'C:\Users\shasnayak\.nuget\packages\microsoft.netcore.app.runtime.win-x86\5.0.1\runtimes\win-x86\native\api-ms-win-core-memory-l1-1-0.dll', timestamp: '2019-12-07T01:29:40.000'&#xD;
File unchanged: 'C:\Users\shasnayak\.nuget\packages\microsoft.netcore.app.runtime.win-x86\5.0.1\runtimes\win-x86\native\api-ms-win-core-namedpipe-l1-1-0.dll', timestamp: '2019-12-07T01:29:28.000'&#xD;
File unchanged: 'C:\Users\shasnayak\.nuget\packages\microsoft.netcore.app.runtime.win-x86\5.0.1\runtimes\win-x86\native\api-ms-win-core-processenvironment-l1-1-0.dll', timestamp: '2019-12-07T01:29:38.000'&#xD;
File unchanged: 'C:\Users\shasnayak\.nuget\packages\microsoft.netcore.app.runtime.win-x86\5.0.1\runtimes\win-x86\native\api-ms-win-core-processthreads-l1-1-0.dll', timestamp: '2019-12-07T01:29:28.000'&#xD;
File unchanged: 'C:\Users\shasnayak\.nuget\packages\microsoft.netcore.app.runtime.win-x86\5.0.1\runtimes\win-x86\native\api-ms-win-core-processthreads-l1-1-1.dll', timestamp: '2019-12-07T01:29:38.000'&#xD;
File unchanged: 'C:\Users\shasnayak\.nuget\packages\microsoft.netcore.app.runtime.win-x86\5.0.1\runtimes\win-x86\native\api-ms-win-core-profile-l1-1-0.dll', timestamp: '2019-12-07T01:29:28.000'&#xD;
File unchanged: 'C:\Users\shasnayak\.nuget\packages\microsoft.netcore.app.runtime.win-x86\5.0.1\runtimes\win-x86\native\api-ms-win-core-rtlsupport-l1-1-0.dll', timestamp: '2019-12-07T01:29:38.000'&#xD;
File unchanged: 'C:\Users\shasnayak\.nuget\packages\microsoft.netcore.app.runtime.win-x86\5.0.1\runtimes\win-x86\native\api-ms-win-core-string-l1-1-0.dll', timestamp: '2019-12-07T01:29:28.000'&#xD;
File unchanged: 'C:\Users\shasnayak\.nuget\packages\microsoft.netcore.app.runtime.win-x86\5.0.1\runtimes\win-x86\native\api-ms-win-core-synch-l1-1-0.dll', timestamp: '2019-12-07T01:29:38.000'&#xD;
File unchanged: 'C:\Users\shasnayak\.nuget\packages\microsoft.netcore.app.runtime.win-x86\5.0.1\runtimes\win-x86\native\api-ms-win-core-synch-l1-2-0.dll', timestamp: '2019-12-07T01:29:28.000'&#xD;
File unchanged: 'C:\Users\shasnayak\.nuget\packages\microsoft.netcore.app.runtime.win-x86\5.0.1\runtimes\win-x86\native\api-ms-win-core-sysinfo-l1-1-0.dll', timestamp: '2019-12-07T01:29:28.000'&#xD;
File unchanged: 'C:\Users\shasnayak\.nuget\packages\microsoft.netcore.app.runtime.win-x86\5.0.1\runtimes\win-x86\native\api-ms-win-core-timezone-l1-1-0.dll', timestamp: '2019-12-07T01:29:28.000'&#xD;
File unchanged: 'C:\Users\shasnayak\.nuget\packages\microsoft.netcore.app.runtime.win-x86\5.0.1\runtimes\win-x86\native\api-ms-win-core-util-l1-1-0.dll', timestamp: '2019-12-07T01:29:38.000'&#xD;
File unchanged: 'C:\Users\shasnayak\.nuget\packages\microsoft.netcore.app.runtime.win-x86\5.0.1\runtimes\win-x86\native\api-ms-win-crt-conio-l1-1-0.dll', timestamp: '2019-12-07T01:29:28.000'&#xD;
File unchanged: 'C:\Users\shasnayak\.nuget\packages\microsoft.netcore.app.runtime.win-x86\5.0.1\runtimes\win-x86\native\api-ms-win-crt-convert-l1-1-0.dll', timestamp: '2019-12-07T01:29:28.000'&#xD;
File unchanged: 'C:\Users\shasnayak\.nuget\packages\microsoft.netcore.app.runtime.win-x86\5.0.1\runtimes\win-x86\native\api-ms-win-crt-environment-l1-1-0.dll', timestamp: '2019-12-07T01:29:28.000'&#xD;
File unchanged: 'C:\Users\shasnayak\.nuget\packages\microsoft.netcore.app.runtime.win-x86\5.0.1\runtimes\win-x86\native\api-ms-win-crt-filesystem-l1-1-0.dll', timestamp: '2019-12-07T01:29:28.000'&#xD;
File unchanged: 'C:\Users\shasnayak\.nuget\packages\microsoft.netcore.app.runtime.win-x86\5.0.1\runtimes\win-x86\native\api-ms-win-crt-heap-l1-1-0.dll', timestamp: '2019-12-07T01:29:38.000'&#xD;
File unchanged: 'C:\Users\shasnayak\.nuget\packages\microsoft.netcore.app.runtime.win-x86\5.0.1\runtimes\win-x86\native\api-ms-win-crt-locale-l1-1-0.dll', timestamp: '2019-12-07T01:29:28.000'&#xD;
File unchanged: 'C:\Users\shasnayak\.nuget\packages\microsoft.netcore.app.runtime.win-x86\5.0.1\runtimes\win-x86\native\api-ms-win-crt-math-l1-1-0.dll', timestamp: '2019-12-07T01:29:28.000'&#xD;
File unchanged: 'C:\Users\shasnayak\.nuget\packages\microsoft.netcore.app.runtime.win-x86\5.0.1\runtimes\win-x86\native\api-ms-win-crt-multibyte-l1-1-0.dll', timestamp: '2019-12-07T01:29:28.000'&#xD;
File unchanged: 'C:\Users\shasnayak\.nuget\packages\microsoft.netcore.app.runtime.win-x86\5.0.1\runtimes\win-x86\native\api-ms-win-crt-private-l1-1-0.dll', timestamp: '2019-12-07T01:29:28.000'&#xD;
File unchanged: 'C:\Users\shasnayak\.nuget\packages\microsoft.netcore.app.runtime.win-x86\5.0.1\runtimes\win-x86\native\api-ms-win-crt-process-l1-1-0.dll', timestamp: '2019-12-07T01:29:28.000'&#xD;
File unchanged: 'C:\Users\shasnayak\.nuget\packages\microsoft.netcore.app.runtime.win-x86\5.0.1\runtimes\win-x86\native\api-ms-win-crt-runtime-l1-1-0.dll', timestamp: '2019-12-07T01:29:28.000'&#xD;
File unchanged: 'C:\Users\shasnayak\.nuget\packages\microsoft.netcore.app.runtime.win-x86\5.0.1\runtimes\win-x86\native\api-ms-win-crt-stdio-l1-1-0.dll', timestamp: '2019-12-07T01:29:28.000'&#xD;
File unchanged: 'C:\Users\shasnayak\.nuget\packages\microsoft.netcore.app.runtime.win-x86\5.0.1\runtimes\win-x86\native\api-ms-win-crt-string-l1-1-0.dll', timestamp: '2019-12-07T01:29:28.000'&#xD;
File unchanged: 'C:\Users\shasnayak\.nuget\packages\microsoft.netcore.app.runtime.win-x86\5.0.1\runtimes\win-x86\native\api-ms-win-crt-time-l1-1-0.dll', timestamp: '2019-12-07T01:29:28.000'&#xD;
File unchanged: 'C:\Users\shasnayak\.nuget\packages\microsoft.netcore.app.runtime.win-x86\5.0.1\runtimes\win-x86\native\api-ms-win-crt-utility-l1-1-0.dll', timestamp: '2019-12-07T01:29:28.000'&#xD;
File unchanged: 'C:\Users\shasnayak\.nuget\packages\microsoft.netcore.app.runtime.win-x86\5.0.1\runtimes\win-x86\native\clrcompression.dll', timestamp: '2020-11-26T07:23:54.000'&#xD;
File unchanged: 'C:\Users\shasnayak\.nuget\packages\microsoft.netcore.app.runtime.win-x86\5.0.1\runtimes\win-x86\native\clretwrc.dll', timestamp: '2020-11-26T07:23:54.000'&#xD;
File unchanged: 'C:\Users\shasnayak\.nuget\packages\microsoft.netcore.app.runtime.win-x86\5.0.1\runtimes\win-x86\native\clrjit.dll', timestamp: '2020-11-26T07:22:50.000'&#xD;
File unchanged: 'C:\Users\shasnayak\.nuget\packages\microsoft.netcore.app.runtime.win-x86\5.0.1\runtimes\win-x86\native\coreclr.dll', timestamp: '2020-11-26T07:23:36.000'&#xD;
File unchanged: 'C:\Users\shasnayak\.nuget\packages\microsoft.netcore.app.runtime.win-x86\5.0.1\runtimes\win-x86\native\createdump.exe', timestamp: '2020-11-26T07:22:50.000'&#xD;
File unchanged: 'C:\Users\shasnayak\.nuget\packages\microsoft.netcore.app.runtime.win-x86\5.0.1\runtimes\win-x86\native\dbgshim.dll', timestamp: '2020-11-26T07:24:14.000'&#xD;
File unchanged: 'C:\Users\shasnayak\.nuget\packages\microsoft.netcore.app.runtime.win-x86\5.0.1\runtimes\win-x86\native\hostfxr.dll', timestamp: '2020-11-26T07:23:34.000'&#xD;
File unchanged: 'C:\Users\shasnayak\.nuget\packages\microsoft.netcore.app.runtime.win-x86\5.0.1\runtimes\win-x86\native\hostpolicy.dll', timestamp: '2020-11-26T07:22:56.000'&#xD;
File unchanged: 'C:\Users\shasnayak\.nuget\packages\microsoft.netcore.app.runtime.win-x86\5.0.1\runtimes\win-x86\native\mscordaccore.dll', timestamp: '2020-11-26T07:22:44.000'&#xD;
File unchanged: 'C:\Users\shasnayak\.nuget\packages\microsoft.netcore.app.runtime.win-x86\5.0.1\runtimes\win-x86\native\mscordaccore_x86_x86_5.0.120.57516.dll', timestamp: '2020-11-26T07:22:52.000'&#xD;
File unchanged: 'C:\Users\shasnayak\.nuget\packages\microsoft.netcore.app.runtime.win-x86\5.0.1\runtimes\win-x86\native\mscordbi.dll', timestamp: '2020-11-26T07:24:34.000'&#xD;
File unchanged: 'C:\Users\shasnayak\.nuget\packages\microsoft.netcore.app.runtime.win-x86\5.0.1\runtimes\win-x86\native\mscorrc.dll', timestamp: '2020-11-26T07:22:50.000'&#xD;
File unchanged: 'C:\Users\shasnayak\.nuget\packages\microsoft.netcore.app.runtime.win-x86\5.0.1\runtimes\win-x86\native\ucrtbase.dll', timestamp: '2019-12-07T01:29:38.000'&#xD;
File unchanged: 'C:\Users\shasnayak\.nuget\packages\microsoft.testplatform.objectmodel\16.10.0-release-20210422-02\lib\netcoreapp2.1\cs\Microsoft.TestPlatform.CoreUtilities.resources.dll', timestamp: '2021-04-22T20:38:54.000'&#xD;
File unchanged: 'C:\Users\shasnayak\.nuget\packages\microsoft.testplatform.objectmodel\16.10.0-release-20210422-02\lib\netcoreapp2.1\cs\Microsoft.VisualStudio.TestPlatform.ObjectModel.resources.dll', timestamp: '2021-04-22T20:39:42.000'&#xD;
File unchanged: 'C:\Users\shasnayak\.nuget\packages\microsoft.testplatform.objectmodel\16.10.0-release-20210422-02\lib\netcoreapp2.1\de\Microsoft.TestPlatform.CoreUtilities.resources.dll', timestamp: '2021-04-22T20:38:54.000'&#xD;
File unchanged: 'C:\Users\shasnayak\.nuget\packages\microsoft.testplatform.objectmodel\16.10.0-release-20210422-02\lib\netcoreapp2.1\de\Microsoft.VisualStudio.TestPlatform.ObjectModel.resources.dll', timestamp: '2021-04-22T20:39:20.000'&#xD;
File unchanged: 'C:\Users\shasnayak\.nuget\packages\microsoft.testplatform.objectmodel\16.10.0-release-20210422-02\lib\netcoreapp2.1\es\Microsoft.TestPlatform.CoreUtilities.resources.dll', timestamp: '2021-04-22T20:38:54.000'&#xD;
File unchanged: 'C:\Users\shasnayak\.nuget\packages\microsoft.testplatform.objectmodel\16.10.0-release-20210422-02\lib\netcoreapp2.1\es\Microsoft.VisualStudio.TestPlatform.ObjectModel.resources.dll', timestamp: '2021-04-22T20:39:20.000'&#xD;
File unchanged: 'C:\Users\shasnayak\.nuget\packages\microsoft.testplatform.objectmodel\16.10.0-release-20210422-02\lib\netcoreapp2.1\fr\Microsoft.TestPlatform.CoreUtilities.resources.dll', timestamp: '2021-04-22T20:38:56.000'&#xD;
File unchanged: 'C:\Users\shasnayak\.nuget\packages\microsoft.testplatform.objectmodel\16.10.0-release-20210422-02\lib\netcoreapp2.1\fr\Microsoft.VisualStudio.TestPlatform.ObjectModel.resources.dll', timestamp: '2021-04-22T20:38:48.000'&#xD;
File unchanged: 'C:\Users\shasnayak\.nuget\packages\microsoft.testplatform.objectmodel\16.10.0-release-20210422-02\lib\netcoreapp2.1\it\Microsoft.TestPlatform.CoreUtilities.resources.dll', timestamp: '2021-04-22T20:38:48.000'&#xD;
File unchanged: 'C:\Users\shasnayak\.nuget\packages\microsoft.testplatform.objectmodel\16.10.0-release-20210422-02\lib\netcoreapp2.1\it\Microsoft.VisualStudio.TestPlatform.ObjectModel.resources.dll', timestamp: '2021-04-22T20:38:50.000'&#xD;
File unchanged: 'C:\Users\shasnayak\.nuget\packages\microsoft.testplatform.objectmodel\16.10.0-release-20210422-02\lib\netcoreapp2.1\ja\Microsoft.TestPlatform.CoreUtilities.resources.dll', timestamp: '2021-04-22T20:38:48.000'&#xD;
File unchanged: 'C:\Users\shasnayak\.nuget\packages\microsoft.testplatform.objectmodel\16.10.0-release-20210422-02\lib\netcoreapp2.1\ja\Microsoft.VisualStudio.TestPlatform.ObjectModel.resources.dll', timestamp: '2021-04-22T20:38:50.000'&#xD;
File unchanged: 'C:\Users\shasnayak\.nuget\packages\microsoft.testplatform.objectmodel\16.10.0-release-20210422-02\lib\netcoreapp2.1\ko\Microsoft.TestPlatform.CoreUtilities.resources.dll', timestamp: '2021-04-22T20:39:16.000'&#xD;
File unchanged: 'C:\Users\shasnayak\.nuget\packages\microsoft.testplatform.objectmodel\16.10.0-release-20210422-02\lib\netcoreapp2.1\ko\Microsoft.VisualStudio.TestPlatform.ObjectModel.resources.dll', timestamp: '2021-04-22T20:38:52.000'&#xD;
File unchanged: 'C:\Users\shasnayak\.nuget\packages\microsoft.testplatform.objectmodel\16.10.0-release-20210422-02\lib\netcoreapp2.1\pl\Microsoft.TestPlatform.CoreUtilities.resources.dll', timestamp: '2021-04-22T20:38:52.000'&#xD;
File unchanged: 'C:\Users\shasnayak\.nuget\packages\microsoft.testplatform.objectmodel\16.10.0-release-20210422-02\lib\netcoreapp2.1\pl\Microsoft.VisualStudio.TestPlatform.ObjectModel.resources.dll', timestamp: '2021-04-22T20:40:02.000'&#xD;
File unchanged: 'C:\Users\shasnayak\.nuget\packages\microsoft.testplatform.objectmodel\16.10.0-release-20210422-02\lib\netcoreapp2.1\pt-BR\Microsoft.TestPlatform.CoreUtilities.resources.dll', timestamp: '2021-04-22T20:38:52.000'&#xD;
File unchanged: 'C:\Users\shasnayak\.nuget\packages\microsoft.testplatform.objectmodel\16.10.0-release-20210422-02\lib\netcoreapp2.1\pt-BR\Microsoft.VisualStudio.TestPlatform.ObjectModel.resources.dll', timestamp: '2021-04-22T20:39:42.000'&#xD;
File unchanged: 'C:\Users\shasnayak\.nuget\packages\microsoft.testplatform.objectmodel\16.10.0-release-20210422-02\lib\netcoreapp2.1\ru\Microsoft.TestPlatform.CoreUtilities.resources.dll', timestamp: '2021-04-22T20:38:54.000'&#xD;
File unchanged: 'C:\Users\shasnayak\.nuget\packages\microsoft.testplatform.objectmodel\16.10.0-release-20210422-02\lib\netcoreapp2.1\ru\Microsoft.VisualStudio.TestPlatform.ObjectModel.resources.dll', timestamp: '2021-04-22T20:39:18.000'&#xD;
File unchanged: 'C:\Users\shasnayak\.nuget\packages\microsoft.testplatform.objectmodel\16.10.0-release-20210422-02\lib\netcoreapp2.1\tr\Microsoft.TestPlatform.CoreUtilities.resources.dll', timestamp: '2021-04-22T20:38:54.000'&#xD;
File unchanged: 'C:\Users\shasnayak\.nuget\packages\microsoft.testplatform.objectmodel\16.10.0-release-20210422-02\lib\netcoreapp2.1\tr\Microsoft.VisualStudio.TestPlatform.ObjectModel.resources.dll', timestamp: '2021-04-22T20:38:48.000'&#xD;
File unchanged: 'C:\Users\shasnayak\.nuget\packages\microsoft.testplatform.objectmodel\16.10.0-release-20210422-02\lib\netcoreapp2.1\zh-Hans\Microsoft.TestPlatform.CoreUtilities.resources.dll', timestamp: '2021-04-22T20:38:48.000'&#xD;
File unchanged: 'C:\Users\shasnayak\.nuget\packages\microsoft.testplatform.objectmodel\16.10.0-release-20210422-02\lib\netcoreapp2.1\zh-Hans\Microsoft.VisualStudio.TestPlatform.ObjectModel.resources.dll', timestamp: '2021-04-22T20:39:14.000'&#xD;
File unchanged: 'C:\Users\shasnayak\.nuget\packages\microsoft.testplatform.objectmodel\16.10.0-release-20210422-02\lib\netcoreapp2.1\zh-Hant\Microsoft.TestPlatform.CoreUtilities.resources.dll', timestamp: '2021-04-22T20:38:50.000'&#xD;
File unchanged: 'C:\Users\shasnayak\.nuget\packages\microsoft.testplatform.objectmodel\16.10.0-release-20210422-02\lib\netcoreapp2.1\zh-Hant\Microsoft.VisualStudio.TestPlatform.ObjectModel.resources.dll', timestamp: '2021-04-22T20:38:50.000'&#xD;
File unchanged: 'C:\Users\shasnayak\.nuget\packages\microsoft.testplatform.testhost\16.10.0-release-20210422-02\lib\netcoreapp2.1\cs\Microsoft.TestPlatform.CommunicationUtilities.resources.dll', timestamp: '2021-04-22T16:54:36.000'&#xD;
File unchanged: 'C:\Users\shasnayak\.nuget\packages\microsoft.testplatform.testhost\16.10.0-release-20210422-02\lib\netcoreapp2.1\cs\Microsoft.TestPlatform.CrossPlatEngine.resources.dll', timestamp: '2021-04-22T16:54:34.000'&#xD;
File unchanged: 'C:\Users\shasnayak\.nuget\packages\microsoft.testplatform.testhost\16.10.0-release-20210422-02\lib\netcoreapp2.1\cs\Microsoft.VisualStudio.TestPlatform.Common.resources.dll', timestamp: '2021-04-22T16:54:14.000'&#xD;
File unchanged: 'C:\Users\shasnayak\.nuget\packages\microsoft.testplatform.testhost\16.10.0-release-20210422-02\lib\netcoreapp2.1\de\Microsoft.TestPlatform.CommunicationUtilities.resources.dll', timestamp: '2021-04-22T16:54:36.000'&#xD;
File unchanged: 'C:\Users\shasnayak\.nuget\packages\microsoft.testplatform.testhost\16.10.0-release-20210422-02\lib\netcoreapp2.1\de\Microsoft.TestPlatform.CrossPlatEngine.resources.dll', timestamp: '2021-04-22T16:54:36.000'&#xD;
File unchanged: 'C:\Users\shasnayak\.nuget\packages\microsoft.testplatform.testhost\16.10.0-release-20210422-02\lib\netcoreapp2.1\de\Microsoft.VisualStudio.TestPlatform.Common.resources.dll', timestamp: '2021-04-22T16:54:36.000'&#xD;
File unchanged: 'C:\Users\shasnayak\.nuget\packages\microsoft.testplatform.testhost\16.10.0-release-20210422-02\lib\netcoreapp2.1\es\Microsoft.TestPlatform.CommunicationUtilities.resources.dll', timestamp: '2021-04-22T16:54:36.000'&#xD;
File unchanged: 'C:\Users\shasnayak\.nuget\packages\microsoft.testplatform.testhost\16.10.0-release-20210422-02\lib\netcoreapp2.1\es\Microsoft.TestPlatform.CrossPlatEngine.resources.dll', timestamp: '2021-04-22T16:54:38.000'&#xD;
File unchanged: 'C:\Users\shasnayak\.nuget\packages\microsoft.testplatform.testhost\16.10.0-release-20210422-02\lib\netcoreapp2.1\es\Microsoft.VisualStudio.TestPlatform.Common.resources.dll', timestamp: '2021-04-22T16:54:10.000'&#xD;
File unchanged: 'C:\Users\shasnayak\.nuget\packages\microsoft.testplatform.testhost\16.10.0-release-20210422-02\lib\netcoreapp2.1\fr\Microsoft.TestPlatform.CommunicationUtilities.resources.dll', timestamp: '2021-04-22T16:54:10.000'&#xD;
File unchanged: 'C:\Users\shasnayak\.nuget\packages\microsoft.testplatform.testhost\16.10.0-release-20210422-02\lib\netcoreapp2.1\fr\Microsoft.TestPlatform.CrossPlatEngine.resources.dll', timestamp: '2021-04-22T16:54:08.000'&#xD;
File unchanged: 'C:\Users\shasnayak\.nuget\packages\microsoft.testplatform.testhost\16.10.0-release-20210422-02\lib\netcoreapp2.1\fr\Microsoft.VisualStudio.TestPlatform.Common.resources.dll', timestamp: '2021-04-22T16:54:10.000'&#xD;
File unchanged: 'C:\Users\shasnayak\.nuget\packages\microsoft.testplatform.testhost\16.10.0-release-20210422-02\lib\netcoreapp2.1\it\Microsoft.TestPlatform.CommunicationUtilities.resources.dll', timestamp: '2021-04-22T16:54:08.000'&#xD;
File unchanged: 'C:\Users\shasnayak\.nuget\packages\microsoft.testplatform.testhost\16.10.0-release-20210422-02\lib\netcoreapp2.1\it\Microsoft.TestPlatform.CrossPlatEngine.resources.dll', timestamp: '2021-04-22T16:54:10.000'&#xD;
File unchanged: 'C:\Users\shasnayak\.nuget\packages\microsoft.testplatform.testhost\16.10.0-release-20210422-02\lib\netcoreapp2.1\it\Microsoft.VisualStudio.TestPlatform.Common.resources.dll', timestamp: '2021-04-22T16:54:12.000'&#xD;
File unchanged: 'C:\Users\shasnayak\.nuget\packages\microsoft.testplatform.testhost\16.10.0-release-20210422-02\lib\netcoreapp2.1\ja\Microsoft.TestPlatform.CommunicationUtilities.resources.dll', timestamp: '2021-04-22T16:54:10.000'&#xD;
File unchanged: 'C:\Users\shasnayak\.nuget\packages\microsoft.testplatform.testhost\16.10.0-release-20210422-02\lib\netcoreapp2.1\ja\Microsoft.TestPlatform.CrossPlatEngine.resources.dll', timestamp: '2021-04-22T16:54:12.000'&#xD;
File unchanged: 'C:\Users\shasnayak\.nuget\packages\microsoft.testplatform.testhost\16.10.0-release-20210422-02\lib\netcoreapp2.1\ja\Microsoft.VisualStudio.TestPlatform.Common.resources.dll', timestamp: '2021-04-22T16:54:12.000'&#xD;
File unchanged: 'C:\Users\shasnayak\.nuget\packages\microsoft.testplatform.testhost\16.10.0-release-20210422-02\lib\netcoreapp2.1\ko\Microsoft.TestPlatform.CommunicationUtilities.resources.dll', timestamp: '2021-04-22T16:54:12.000'&#xD;
File unchanged: 'C:\Users\shasnayak\.nuget\packages\microsoft.testplatform.testhost\16.10.0-release-20210422-02\lib\netcoreapp2.1\ko\Microsoft.TestPlatform.CrossPlatEngine.resources.dll', timestamp: '2021-04-22T16:54:12.000'&#xD;
File unchanged: 'C:\Users\shasnayak\.nuget\packages\microsoft.testplatform.testhost\16.10.0-release-20210422-02\lib\netcoreapp2.1\ko\Microsoft.VisualStudio.TestPlatform.Common.resources.dll', timestamp: '2021-04-22T16:54:14.000'&#xD;
File unchanged: 'C:\Users\shasnayak\.nuget\packages\microsoft.testplatform.testhost\16.10.0-release-20210422-02\lib\netcoreapp2.1\pl\Microsoft.TestPlatform.CommunicationUtilities.resources.dll', timestamp: '2021-04-22T16:54:12.000'&#xD;
File unchanged: 'C:\Users\shasnayak\.nuget\packages\microsoft.testplatform.testhost\16.10.0-release-20210422-02\lib\netcoreapp2.1\pl\Microsoft.TestPlatform.CrossPlatEngine.resources.dll', timestamp: '2021-04-22T16:54:14.000'&#xD;
File unchanged: 'C:\Users\shasnayak\.nuget\packages\microsoft.testplatform.testhost\16.10.0-release-20210422-02\lib\netcoreapp2.1\pl\Microsoft.VisualStudio.TestPlatform.Common.resources.dll', timestamp: '2021-04-22T16:54:14.000'&#xD;
File unchanged: 'C:\Users\shasnayak\.nuget\packages\microsoft.testplatform.testhost\16.10.0-release-20210422-02\lib\netcoreapp2.1\pt-BR\Microsoft.TestPlatform.CommunicationUtilities.resources.dll', timestamp: '2021-04-22T16:54:14.000'&#xD;
File unchanged: 'C:\Users\shasnayak\.nuget\packages\microsoft.testplatform.testhost\16.10.0-release-20210422-02\lib\netcoreapp2.1\pt-BR\Microsoft.TestPlatform.CrossPlatEngine.resources.dll', timestamp: '2021-04-22T16:54:14.000'&#xD;
File unchanged: 'C:\Users\shasnayak\.nuget\packages\microsoft.testplatform.testhost\16.10.0-release-20210422-02\lib\netcoreapp2.1\pt-BR\Microsoft.VisualStudio.TestPlatform.Common.resources.dll', timestamp: '2021-04-22T16:54:16.000'&#xD;
File unchanged: 'C:\Users\shasnayak\.nuget\packages\microsoft.testplatform.testhost\16.10.0-release-20210422-02\lib\netcoreapp2.1\ru\Microsoft.TestPlatform.CommunicationUtilities.resources.dll', timestamp: '2021-04-22T16:54:16.000'&#xD;
File unchanged: 'C:\Users\shasnayak\.nuget\packages\microsoft.testplatform.testhost\16.10.0-release-20210422-02\lib\netcoreapp2.1\ru\Microsoft.TestPlatform.CrossPlatEngine.resources.dll', timestamp: '2021-04-22T16:54:18.000'&#xD;
File unchanged: 'C:\Users\shasnayak\.nuget\packages\microsoft.testplatform.testhost\16.10.0-release-20210422-02\lib\netcoreapp2.1\ru\Microsoft.VisualStudio.TestPlatform.Common.resources.dll', timestamp: '2021-04-22T16:54:18.000'&#xD;
File unchanged: 'C:\Users\shasnayak\.nuget\packages\microsoft.testplatform.testhost\16.10.0-release-20210422-02\lib\netcoreapp2.1\tr\Microsoft.TestPlatform.CommunicationUtilities.resources.dll', timestamp: '2021-04-22T16:54:16.000'&#xD;
File unchanged: 'C:\Users\shasnayak\.nuget\packages\microsoft.testplatform.testhost\16.10.0-release-20210422-02\lib\netcoreapp2.1\tr\Microsoft.TestPlatform.CrossPlatEngine.resources.dll', timestamp: '2021-04-22T16:54:16.000'&#xD;
File unchanged: 'C:\Users\shasnayak\.nuget\packages\microsoft.testplatform.testhost\16.10.0-release-20210422-02\lib\netcoreapp2.1\tr\Microsoft.VisualStudio.TestPlatform.Common.resources.dll', timestamp: '2021-04-22T16:54:18.000'&#xD;
File unchanged: 'C:\Users\shasnayak\.nuget\packages\microsoft.testplatform.testhost\16.10.0-release-20210422-02\lib\netcoreapp2.1\zh-Hans\Microsoft.TestPlatform.CommunicationUtilities.resources.dll', timestamp: '2021-04-22T16:54:18.000'&#xD;
File unchanged: 'C:\Users\shasnayak\.nuget\packages\microsoft.testplatform.testhost\16.10.0-release-20210422-02\lib\netcoreapp2.1\zh-Hans\Microsoft.TestPlatform.CrossPlatEngine.resources.dll', timestamp: '2021-04-22T16:54:18.000'&#xD;
File unchanged: 'C:\Users\shasnayak\.nuget\packages\microsoft.testplatform.testhost\16.10.0-release-20210422-02\lib\netcoreapp2.1\zh-Hans\Microsoft.VisualStudio.TestPlatform.Common.resources.dll', timestamp: '2021-04-22T16:54:42.000'&#xD;
File unchanged: 'C:\Users\shasnayak\.nuget\packages\microsoft.testplatform.testhost\16.10.0-release-20210422-02\lib\netcoreapp2.1\zh-Hant\Microsoft.TestPlatform.CommunicationUtilities.resources.dll', timestamp: '2021-04-22T16:54:42.000'&#xD;
File unchanged: 'C:\Users\shasnayak\.nuget\packages\microsoft.testplatform.testhost\16.10.0-release-20210422-02\lib\netcoreapp2.1\zh-Hant\Microsoft.TestPlatform.CrossPlatEngine.resources.dll', timestamp: '2021-04-22T16:54:18.000'&#xD;
File unchanged: 'C:\Users\shasnayak\.nuget\packages\microsoft.testplatform.testhost\16.10.0-release-20210422-02\lib\netcoreapp2.1\zh-Hant\Microsoft.VisualStudio.TestPlatform.Common.resources.dll', timestamp: '2021-04-22T16:54:20.000'&#xD;
File unchanged: 'C:\Users\shasnayak\CsWinRT\src\Tests\ObjectLifetimeTests\ObjectLifetimeTests.Lifted\ObjectLifetimeTests.Lifted\bin\x86\Debug\net5.0-windows10.0.19041.0\win10-x86\AppxContent\Microsoft.Internal.FrameworkUdk.dll', timestamp: '2021-04-16T09:14:14.000'&#xD;
File unchanged: 'C:\Users\shasnayak\CsWinRT\src\Tests\ObjectLifetimeTests\ObjectLifetimeTests.Lifted\ObjectLifetimeTests.Lifted\bin\x86\Debug\net5.0-windows10.0.19041.0\win10-x86\AppxContent\Microsoft.ui.xaml.dll', timestamp: '2021-04-16T09:14:14.000'&#xD;
File unchanged: 'C:\Users\shasnayak\.nuget\packages\microsoft.netcore.app.runtime.win-x86\5.0.1\runtimes\win-x86\lib\net5.0\Microsoft.CSharp.dll', timestamp: '2020-11-26T07:26:38.000'&#xD;
[...]
File unchanged: 'C:\Users\shasnayak\.nuget\packages\microsoft.netcore.app.runtime.win-x86\5.0.1\runtimes\win-x86\lib\net5.0\System.Runtime.Handles.dll', timestamp: '2020-11-26T07:26:12.000'&#xD;
File unchanged: 'C:\Users\shasnayak\.nuget\packages\microsoft.netcore.app.runtime.win-x86\5.0.1\runtimes\win-x86\lib\net5.0\System.Runtime.InteropServices.RuntimeInformation.dll', timestamp: '2020-11-26T07:26:40.000'&#xD;
File unchanged: 'C:\Users\shasnayak\.nuget\packages\microsoft.netcore.app.runtime.win-x86\5.0.1\runtimes\win-x86\lib\net5.0\System.Runtime.InteropServices.dll', timestamp: '2020-11-26T07:26:14.000'&#xD;
File unchanged: 'C:\Users\shasnayak\.nuget\packages\microsoft.netcore.app.runtime.win-x86\5.0.1\runtimes\win-x86\lib\net5.0\System.Runtime.Intrinsics.dll', timestamp: '2020-11-26T07:26:14.000'&#xD;
File unchanged: 'C:\Users\shasnayak\.nuget\packages\microsoft.netcore.app.runtime.win-x86\5.0.1\runtimes\win-x86\lib\net5.0\System.Runtime.Loader.dll', timestamp: '2020-11-26T07:26:14.000'&#xD;
File unchanged: 'C:\Users\shasnayak\.nuget\packages\microsoft.netcore.app.runtime.win-x86\5.0.1\runtimes\win-x86\lib\net5.0\System.Runtime.Numerics.dll', timestamp: '2020-11-26T07:26:14.000'&#xD;
File unchanged: 'C:\Users\shasnayak\.nuget\packages\microsoft.netcore.app.runtime.win-x86\5.0.1\runtimes\win-x86\lib\net5.0\System.Runtime.Serialization.Formatters.dll', timestamp: '2020-11-26T07:26:44.000'&#xD;
File unchanged: 'C:\Users\shasnayak\.nuget\packages\microsoft.netcore.app.runtime.win-x86\5.0.1\runtimes\win-x86\lib\net5.0\System.Runtime.Serialization.Json.dll', timestamp: '2020-11-26T07:26:14.000'&#xD;
File unchanged: 'C:\Users\shasnayak\.nuget\packages\microsoft.netcore.app.runtime.win-x86\5.0.1\runtimes\win-x86\lib\net5.0\System.Runtime.Serialization.Primitives.dll', timestamp: '2020-11-26T07:26:42.000'&#xD;
File unchanged: 'C:\Users\shasnayak\.nuget\packages\microsoft.netcore.app.runtime.win-x86\5.0.1\runtimes\win-x86\lib\net5.0\System.Runtime.Serialization.Xml.dll', timestamp: '2020-11-26T07:26:14.000'&#xD;
File unchanged: 'C:\Users\shasnayak\.nuget\packages\microsoft.netcore.app.runtime.win-x86\5.0.1\runtimes\win-x86\lib\net5.0\System.Runtime.Serialization.dll', timestamp: '2020-11-26T07:26:14.000'&#xD;
File unchanged: 'C:\Users\shasnayak\.nuget\packages\microsoft.netcore.app.runtime.win-x86\5.0.1\runtimes\win-x86\lib\net5.0\System.Runtime.dll', timestamp: '2020-11-26T07:26:14.000'&#xD;
File unchanged: 'C:\Users\shasnayak\.nuget\packages\microsoft.netcore.app.runtime.win-x86\5.0.1\runtimes\win-x86\lib\net5.0\System.Security.AccessControl.dll', timestamp: '2020-11-26T07:26:16.000'&#xD;
File unchanged: 'C:\Users\shasnayak\.nuget\packages\microsoft.netcore.app.runtime.win-x86\5.0.1\runtimes\win-x86\lib\net5.0\System.Security.Claims.dll', timestamp: '2020-11-26T07:26:46.000'&#xD;
File unchanged: 'C:\Users\shasnayak\.nuget\packages\microsoft.netcore.app.runtime.win-x86\5.0.1\runtimes\win-x86\lib\net5.0\System.Security.Cryptography.Algorithms.dll', timestamp: '2020-11-26T07:26:16.000'&#xD;
File unchanged: 'C:\Users\shasnayak\.nuget\packages\microsoft.netcore.app.runtime.win-x86\5.0.1\runtimes\win-x86\lib\net5.0\System.Security.Cryptography.Cng.dll', timestamp: '2020-11-26T07:26:44.000'&#xD;
File unchanged: 'C:\Users\shasnayak\.nuget\packages\microsoft.netcore.app.runtime.win-x86\5.0.1\runtimes\win-x86\lib\net5.0\System.Security.Cryptography.Csp.dll', timestamp: '2020-11-26T07:26:16.000'&#xD;
File unchanged: 'C:\Users\shasnayak\.nuget\packages\microsoft.netcore.app.runtime.win-x86\5.0.1\runtimes\win-x86\lib\net5.0\System.Security.Cryptography.Encoding.dll', timestamp: '2020-11-26T07:26:16.000'&#xD;
File unchanged: 'C:\Users\shasnayak\.nuget\packages\microsoft.netcore.app.runtime.win-x86\5.0.1\runtimes\win-x86\lib\net5.0\System.Security.Cryptography.OpenSsl.dll', timestamp: '2020-11-26T07:26:16.000'&#xD;
File unchanged: 'C:\Users\shasnayak\.nuget\packages\microsoft.netcore.app.runtime.win-x86\5.0.1\runtimes\win-x86\lib\net5.0\System.Security.Cryptography.Primitives.dll', timestamp: '2020-11-26T07:26:16.000'&#xD;
File unchanged: 'C:\Users\shasnayak\.nuget\packages\microsoft.netcore.app.runtime.win-x86\5.0.1\runtimes\win-x86\lib\net5.0\System.Security.Cryptography.X509Certificates.dll', timestamp: '2020-11-26T07:26:44.000'&#xD;
File unchanged: 'C:\Users\shasnayak\.nuget\packages\microsoft.netcore.app.runtime.win-x86\5.0.1\runtimes\win-x86\lib\net5.0\System.Security.Principal.Windows.dll', timestamp: '2020-11-26T07:26:16.000'&#xD;
File unchanged: 'C:\Users\shasnayak\.nuget\packages\microsoft.netcore.app.runtime.win-x86\5.0.1\runtimes\win-x86\lib\net5.0\System.Security.Principal.dll', timestamp: '2020-11-26T07:26:46.000'&#xD;
File unchanged: 'C:\Users\shasnayak\.nuget\packages\microsoft.netcore.app.runtime.win-x86\5.0.1\runtimes\win-x86\lib\net5.0\System.Security.SecureString.dll', timestamp: '2020-11-26T07:26:46.000'&#xD;
File unchanged: 'C:\Users\shasnayak\.nuget\packages\microsoft.netcore.app.runtime.win-x86\5.0.1\runtimes\win-x86\lib\net5.0\System.Security.dll', timestamp: '2020-11-26T07:26:16.000'&#xD;
File unchanged: 'C:\Users\shasnayak\.nuget\packages\microsoft.netcore.app.runtime.win-x86\5.0.1\runtimes\win-x86\lib\net5.0\System.ServiceModel.Web.dll', timestamp: '2020-11-26T07:27:10.000'&#xD;
File unchanged: 'C:\Users\shasnayak\.nuget\packages\microsoft.netcore.app.runtime.win-x86\5.0.1\runtimes\win-x86\lib\net5.0\System.ServiceProcess.dll', timestamp: '2020-11-26T07:26:16.000'&#xD;
File unchanged: 'C:\Users\shasnayak\.nuget\packages\microsoft.netcore.app.runtime.win-x86\5.0.1\runtimes\win-x86\lib\net5.0\System.Text.Encoding.CodePages.dll', timestamp: '2020-11-26T07:26:46.000'&#xD;
File unchanged: 'C:\Users\shasnayak\.nuget\packages\microsoft.netcore.app.runtime.win-x86\5.0.1\runtimes\win-x86\lib\net5.0\System.Text.Encoding.Extensions.dll', timestamp: '2020-11-26T07:26:18.000'&#xD;
File unchanged: 'C:\Users\shasnayak\.nuget\packages\microsoft.netcore.app.runtime.win-x86\5.0.1\runtimes\win-x86\lib\net5.0\System.Text.Encoding.dll', timestamp: '2020-11-26T07:26:46.000'&#xD;
File unchanged: 'C:\Users\shasnayak\.nuget\packages\microsoft.netcore.app.runtime.win-x86\5.0.1\runtimes\win-x86\lib\net5.0\System.Text.Encodings.Web.dll', timestamp: '2020-11-26T07:26:18.000'&#xD;
File unchanged: 'C:\Users\shasnayak\.nuget\packages\microsoft.netcore.app.runtime.win-x86\5.0.1\runtimes\win-x86\lib\net5.0\System.Text.Json.dll', timestamp: '2020-11-26T07:26:18.000'&#xD;
File unchanged: 'C:\Users\shasnayak\.nuget\packages\microsoft.netcore.app.runtime.win-x86\5.0.1\runtimes\win-x86\lib\net5.0\System.Text.RegularExpressions.dll', timestamp: '2020-11-26T07:26:18.000'&#xD;
File unchanged: 'C:\Users\shasnayak\.nuget\packages\microsoft.netcore.app.runtime.win-x86\5.0.1\runtimes\win-x86\lib\net5.0\System.Threading.Channels.dll', timestamp: '2020-11-26T07:26:46.000'&#xD;
File unchanged: 'C:\Users\shasnayak\.nuget\packages\microsoft.netcore.app.runtime.win-x86\5.0.1\runtimes\win-x86\lib\net5.0\System.Threading.Overlapped.dll', timestamp: '2020-11-26T07:26:48.000'&#xD;
File unchanged: 'C:\Users\shasnayak\.nuget\packages\microsoft.netcore.app.runtime.win-x86\5.0.1\runtimes\win-x86\lib\net5.0\System.Threading.Tasks.Dataflow.dll', timestamp: '2020-11-26T07:26:48.000'&#xD;
File unchanged: 'C:\Users\shasnayak\.nuget\packages\microsoft.netcore.app.runtime.win-x86\5.0.1\runtimes\win-x86\lib\net5.0\System.Threading.Tasks.Extensions.dll', timestamp: '2020-11-26T07:26:18.000'&#xD;
File unchanged: 'C:\Users\shasnayak\.nuget\packages\microsoft.netcore.app.runtime.win-x86\5.0.1\runtimes\win-x86\lib\net5.0\System.Threading.Tasks.Parallel.dll', timestamp: '2020-11-26T07:26:46.000'&#xD;
File unchanged: 'C:\Users\shasnayak\.nuget\packages\microsoft.netcore.app.runtime.win-x86\5.0.1\runtimes\win-x86\lib\net5.0\System.Threading.Tasks.dll', timestamp: '2020-11-26T07:26:18.000'&#xD;
File unchanged: 'C:\Users\shasnayak\.nuget\packages\microsoft.netcore.app.runtime.win-x86\5.0.1\runtimes\win-x86\lib\net5.0\System.Threading.Thread.dll', timestamp: '2020-11-26T07:26:18.000'&#xD;
File unchanged: 'C:\Users\shasnayak\.nuget\packages\microsoft.netcore.app.runtime.win-x86\5.0.1\runtimes\win-x86\lib\net5.0\System.Threading.ThreadPool.dll', timestamp: '2020-11-26T07:26:18.000'&#xD;
File unchanged: 'C:\Users\shasnayak\.nuget\packages\microsoft.netcore.app.runtime.win-x86\5.0.1\runtimes\win-x86\lib\net5.0\System.Threading.Timer.dll', timestamp: '2020-11-26T07:26:46.000'&#xD;
File unchanged: 'C:\Users\shasnayak\.nuget\packages\microsoft.netcore.app.runtime.win-x86\5.0.1\runtimes\win-x86\lib\net5.0\System.Threading.dll', timestamp: '2020-11-26T07:26:18.000'&#xD;
File unchanged: 'C:\Users\shasnayak\.nuget\packages\microsoft.netcore.app.runtime.win-x86\5.0.1\runtimes\win-x86\lib\net5.0\System.Transactions.Local.dll', timestamp: '2020-11-26T07:26:20.000'&#xD;
File unchanged: 'C:\Users\shasnayak\.nuget\packages\microsoft.netcore.app.runtime.win-x86\5.0.1\runtimes\win-x86\lib\net5.0\System.Transactions.dll', timestamp: '2020-11-26T07:26:18.000'&#xD;
File unchanged: 'C:\Users\shasnayak\.nuget\packages\microsoft.netcore.app.runtime.win-x86\5.0.1\runtimes\win-x86\lib\net5.0\System.ValueTuple.dll', timestamp: '2020-11-26T07:26:20.000'&#xD;
File unchanged: 'C:\Users\shasnayak\.nuget\packages\microsoft.netcore.app.runtime.win-x86\5.0.1\runtimes\win-x86\lib\net5.0\System.Web.HttpUtility.dll', timestamp: '2020-11-26T07:26:26.000'&#xD;
File unchanged: 'C:\Users\shasnayak\.nuget\packages\microsoft.netcore.app.runtime.win-x86\5.0.1\runtimes\win-x86\lib\net5.0\System.Web.dll', timestamp: '2020-11-26T07:26:46.000'&#xD;
File unchanged: 'C:\Users\shasnayak\.nuget\packages\microsoft.netcore.app.runtime.win-x86\5.0.1\runtimes\win-x86\lib\net5.0\System.Windows.dll', timestamp: '2020-11-26T07:26:44.000'&#xD;
File unchanged: 'C:\Users\shasnayak\.nuget\packages\microsoft.netcore.app.runtime.win-x86\5.0.1\runtimes\win-x86\lib\net5.0\System.Xml.Linq.dll', timestamp: '2020-11-26T07:26:26.000'&#xD;
File unchanged: 'C:\Users\shasnayak\.nuget\packages\microsoft.netcore.app.runtime.win-x86\5.0.1\runtimes\win-x86\lib\net5.0\System.Xml.ReaderWriter.dll', timestamp: '2020-11-26T07:26:06.000'&#xD;
File unchanged: 'C:\Users\shasnayak\.nuget\packages\microsoft.netcore.app.runtime.win-x86\5.0.1\runtimes\win-x86\lib\net5.0\System.Xml.Serialization.dll', timestamp: '2020-11-26T07:26:06.000'&#xD;
File unchanged: 'C:\Users\shasnayak\.nuget\packages\microsoft.netcore.app.runtime.win-x86\5.0.1\runtimes\win-x86\lib\net5.0\System.Xml.XDocument.dll', timestamp: '2020-11-26T07:26:26.000'&#xD;
File unchanged: 'C:\Users\shasnayak\.nuget\packages\microsoft.netcore.app.runtime.win-x86\5.0.1\runtimes\win-x86\lib\net5.0\System.Xml.XPath.XDocument.dll', timestamp: '2020-11-26T07:26:06.000'&#xD;
File unchanged: 'C:\Users\shasnayak\.nuget\packages\microsoft.netcore.app.runtime.win-x86\5.0.1\runtimes\win-x86\lib\net5.0\System.Xml.XPath.dll', timestamp: '2020-11-26T07:26:26.000'&#xD;
File unchanged: 'C:\Users\shasnayak\.nuget\packages\microsoft.netcore.app.runtime.win-x86\5.0.1\runtimes\win-x86\lib\net5.0\System.Xml.XmlDocument.dll', timestamp: '2020-11-26T07:26:46.000'&#xD;
File unchanged: 'C:\Users\shasnayak\.nuget\packages\microsoft.netcore.app.runtime.win-x86\5.0.1\runtimes\win-x86\lib\net5.0\System.Xml.XmlSerializer.dll', timestamp: '2020-11-26T07:26:26.000'&#xD;
File unchanged: 'C:\Users\shasnayak\.nuget\packages\microsoft.netcore.app.runtime.win-x86\5.0.1\runtimes\win-x86\lib\net5.0\System.Xml.dll', timestamp: '2020-11-26T07:26:06.000'&#xD;
File unchanged: 'C:\Users\shasnayak\.nuget\packages\microsoft.netcore.app.runtime.win-x86\5.0.1\runtimes\win-x86\lib\net5.0\System.dll', timestamp: '2020-11-26T07:26:14.000'&#xD;
File unchanged: 'C:\Users\shasnayak\.nuget\packages\microsoft.netcore.app.runtime.win-x86\5.0.1\runtimes\win-x86\lib\net5.0\WindowsBase.dll', timestamp: '2020-11-26T07:26:06.000'&#xD;
File unchanged: 'C:\Users\shasnayak\.nuget\packages\microsoft.netcore.app.runtime.win-x86\5.0.1\runtimes\win-x86\lib\net5.0\mscorlib.dll', timestamp: '2020-11-26T07:23:08.000'&#xD;
File unchanged: 'C:\Users\shasnayak\.nuget\packages\microsoft.netcore.app.runtime.win-x86\5.0.1\runtimes\win-x86\lib\net5.0\netstandard.dll', timestamp: '2020-11-26T07:26:12.000'&#xD;
File unchanged: 'C:\Users\shasnayak\.nuget\packages\microsoft.netcore.app.runtime.win-x86\5.0.1\runtimes\win-x86\native\System.Private.CoreLib.dll', timestamp: '2020-11-26T07:22:52.000'&#xD;
File unchanged: 'C:\Users\shasnayak\CsWinRT\src\Tests\ObjectLifetimeTests\ObjectLifetimeTests.Lifted\ObjectLifetimeTests.Lifted\obj\x86\Debug\net5.0-windows10.0.19041.0\win10-x86\R2R\Microsoft.ApplicationModel.Resources.Projection.dll', timestamp: '2021-04-26T16:42:55.749'&#xD;
File unchanged: 'C:\Users\shasnayak\CsWinRT\src\Tests\ObjectLifetimeTests\ObjectLifetimeTests.Lifted\ObjectLifetimeTests.Lifted\obj\x86\Debug\net5.0-windows10.0.19041.0\win10-x86\R2R\Microsoft.WinUI.dll', timestamp: '2021-04-26T16:43:01.620'&#xD;
File unchanged: 'C:\Users\shasnayak\CsWinRT\src\Tests\ObjectLifetimeTests\ObjectLifetimeTests.Lifted\ObjectLifetimeTests.Lifted\obj\x86\Debug\net5.0-windows10.0.19041.0\win10-x86\R2R\Microsoft.TestPlatform.CoreUtilities.dll', timestamp: '2021-04-26T17:26:31.309'&#xD;
File unchanged: 'C:\Users\shasnayak\CsWinRT\src\Tests\ObjectLifetimeTests\ObjectLifetimeTests.Lifted\ObjectLifetimeTests.Lifted\obj\x86\Debug\net5.0-windows10.0.19041.0\win10-x86\R2R\Microsoft.TestPlatform.PlatformAbstractions.dll', timestamp: '2021-04-26T17:26:31.435'&#xD;
File unchanged: 'C:\Users\shasnayak\CsWinRT\src\Tests\ObjectLifetimeTests\ObjectLifetimeTests.Lifted\ObjectLifetimeTests.Lifted\obj\x86\Debug\net5.0-windows10.0.19041.0\win10-x86\R2R\Microsoft.VisualStudio.TestPlatform.ObjectModel.dll', timestamp: '2021-04-26T17:26:31.759'&#xD;
File unchanged: 'C:\Users\shasnayak\CsWinRT\src\Tests\ObjectLifetimeTests\ObjectLifetimeTests.Lifted\ObjectLifetimeTests.Lifted\obj\x86\Debug\net5.0-windows10.0.19041.0\win10-x86\R2R\Microsoft.TestPlatform.CommunicationUtilities.dll', timestamp: '2021-04-26T17:26:32.064'&#xD;
File unchanged: 'C:\Users\shasnayak\CsWinRT\src\Tests\ObjectLifetimeTests\ObjectLifetimeTests.Lifted\ObjectLifetimeTests.Lifted\obj\x86\Debug\net5.0-windows10.0.19041.0\win10-x86\R2R\Microsoft.TestPlatform.CrossPlatEngine.dll', timestamp: '2021-04-26T17:26:32.319'&#xD;
File unchanged: 'C:\Users\shasnayak\CsWinRT\src\Tests\ObjectLifetimeTests\ObjectLifetimeTests.Lifted\ObjectLifetimeTests.Lifted\obj\x86\Debug\net5.0-windows10.0.19041.0\win10-x86\R2R\Microsoft.TestPlatform.Utilities.dll', timestamp: '2021-04-26T17:26:32.411'&#xD;
File unchanged: 'C:\Users\shasnayak\CsWinRT\src\Tests\ObjectLifetimeTests\ObjectLifetimeTests.Lifted\ObjectLifetimeTests.Lifted\obj\x86\Debug\net5.0-windows10.0.19041.0\win10-x86\R2R\Microsoft.VisualStudio.TestPlatform.Common.dll', timestamp: '2021-04-26T17:26:32.548'&#xD;
File unchanged: 'C:\Users\shasnayak\CsWinRT\src\Tests\ObjectLifetimeTests\ObjectLifetimeTests.Lifted\ObjectLifetimeTests.Lifted\obj\x86\Debug\net5.0-windows10.0.19041.0\win10-x86\R2R\testhost.dll', timestamp: '2021-04-26T17:26:32.688'&#xD;
File unchanged: 'C:\Users\shasnayak\CsWinRT\src\Tests\ObjectLifetimeTests\ObjectLifetimeTests.Lifted\ObjectLifetimeTests.Lifted\obj\x86\Debug\net5.0-windows10.0.19041.0\win10-x86\R2R\Microsoft.VisualStudio.TestPlatform.TestFramework.Extensions.dll', timestamp: '2021-04-26T17:26:32.757'&#xD;
File unchanged: 'C:\Users\shasnayak\CsWinRT\src\Tests\ObjectLifetimeTests\ObjectLifetimeTests.Lifted\ObjectLifetimeTests.Lifted\obj\x86\Debug\net5.0-windows10.0.19041.0\win10-x86\R2R\Microsoft.VisualStudio.TestPlatform.TestFramework.dll', timestamp: '2021-04-26T17:26:32.877'&#xD;
File unchanged: 'C:\Users\shasnayak\CsWinRT\src\Tests\ObjectLifetimeTests\ObjectLifetimeTests.Lifted\ObjectLifetimeTests.Lifted\obj\x86\Debug\net5.0-windows10.0.19041.0\win10-x86\R2R\Newtonsoft.Json.dll', timestamp: '2021-04-26T17:26:33.594'&#xD;
File unchanged: 'C:\Users\shasnayak\CsWinRT\src\Tests\ObjectLifetimeTests\ObjectLifetimeTests.Lifted\ObjectLifetimeTests.Lifted\obj\x86\Debug\net5.0-windows10.0.19041.0\win10-x86\R2R\NuGet.Frameworks.dll', timestamp: '2021-04-26T17:26:33.745'&#xD;
File unchanged: 'C:\Users\shasnayak\CsWinRT\src\Tests\ObjectLifetimeTests\ObjectLifetimeTests.Lifted\ObjectLifetimeTests.Lifted\obj\x86\Debug\net5.0-windows10.0.19041.0\win10-x86\R2R\ObjectLifetimeTests.Lifted.dll', timestamp: '2021-05-05T17:39:53.642'&#xD;
File unchanged: 'C:\Users\shasnayak\CsWinRT\src\Tests\ObjectLifetimeTests\ObjectLifetimeTests.Lifted\ObjectLifetimeTests.Lifted\obj\x86\Debug\net5.0-windows10.0.19041.0\win10-x86\R2R\Microsoft.Windows.SDK.NET.dll', timestamp: '2021-04-26T16:43:17.313'&#xD;
File unchanged: 'C:\Users\shasnayak\CsWinRT\src\Tests\ObjectLifetimeTests\ObjectLifetimeTests.Lifted\ObjectLifetimeTests.Lifted\obj\x86\Debug\net5.0-windows10.0.19041.0\win10-x86\R2R\WinRT.Runtime.dll', timestamp: '2021-04-26T16:43:17.917'&#xD;
File unchanged: 'C:\Users\shasnayak\CsWinRT\src\Tests\ObjectLifetimeTests\ObjectLifetimeTests.Lifted\ObjectLifetimeTests.Lifted\Images\LockScreenLogo.scale-200.png', timestamp: '2021-03-31T19:30:11.117'&#xD;
File unchanged: 'C:\Users\shasnayak\CsWinRT\src\Tests\ObjectLifetimeTests\ObjectLifetimeTests.Lifted\ObjectLifetimeTests.Lifted\Images\SplashScreen.scale-200.png', timestamp: '2021-03-31T19:30:11.117'&#xD;
File unchanged: 'C:\Users\shasnayak\CsWinRT\src\Tests\ObjectLifetimeTests\ObjectLifetimeTests.Lifted\ObjectLifetimeTests.Lifted\Images\Square150x150Logo.scale-200.png', timestamp: '2021-03-31T19:30:11.118'&#xD;
File unchanged: 'C:\Users\shasnayak\CsWinRT\src\Tests\ObjectLifetimeTests\ObjectLifetimeTests.Lifted\ObjectLifetimeTests.Lifted\Images\Square44x44Logo.scale-200.png', timestamp: '2021-03-31T19:30:11.118'&#xD;
File unchanged: 'C:\Users\shasnayak\CsWinRT\src\Tests\ObjectLifetimeTests\ObjectLifetimeTests.Lifted\ObjectLifetimeTests.Lifted\Images\Square44x44Logo.targetsize-24_altform-unplated.png', timestamp: '2021-03-31T19:30:11.119'&#xD;
File unchanged: 'C:\Users\shasnayak\CsWinRT\src\Tests\ObjectLifetimeTests\ObjectLifetimeTests.Lifted\ObjectLifetimeTests.Lifted\Images\StoreLogo.png', timestamp: '2021-03-31T19:30:11.119'&#xD;
File unchanged: 'C:\Users\shasnayak\CsWinRT\src\Tests\ObjectLifetimeTests\ObjectLifetimeTests.Lifted\ObjectLifetimeTests.Lifted\Images\Wide310x150Logo.scale-200.png', timestamp: '2021-03-31T19:30:11.120'&#xD;
File unchanged: 'C:\Users\shasnayak\CsWinRT\src\Tests\ObjectLifetimeTests\ObjectLifetimeTests.Lifted\ObjectLifetimeTests.Lifted\bin\x86\Debug\net5.0-windows10.0.19041.0\win10-x86\AppxManifest.xml', timestamp: '2021-05-05T17:39:53.730'&#xD;
Updating the layout...&#xD;
	PackageArchitecture = X86&#xD;
	TargetOSArchitecture = X64&#xD;
	IsOptionalProject = False&#xD;
	SolutionConfiguration = Debug&#xD;
	SolutionPlatform = x86&#xD;
	Context.FileChanged = False&#xD;
	Context.InOtherLocation = False&#xD;
	Context.ManifestChanged = False&#xD;
	Context.Registered = True&#xD;
	Action.CleanReinstall = False&#xD;
	Action.Register = False&#xD;
	Action.UpdateLayout = False&#xD;
Deployment complete (0:00:00.114). Full package name: "3fb45547-1ef1-4576-a2b9-3be5d5659cca_1.0.0.0_x86__g9admtwqf3shw"&#xD;
	DeploymentSucceeded = True&#xD;
	TimeToDeploy = 114&#xD;
	HasSharedCode = False&#xD;
DeployAsync: END (Success, 0:00:00.117)&#xD;
Deployment operation succeeded, package moniker: '3fb45547-1ef1-4576-a2b9-3be5d5659cca_1.0.0.0_x86__g9admtwqf3shw'.&#xD;
Deploy: END (Success, 0:00:00.127)&#xD;
Attempting to launch app with app user model Id '3fb45547-1ef1-4576-a2b9-3be5d5659cca_g9admtwqf3shw!App' and arguments '--port 64562 --endpoint 127.0.0.1:064562 --role client --parentprocessid 19772 --telemetryoptedin false'.&#xD;
Successfully launched process Id '20144'.&#xD;
Closing app with package full name '3fb45547-1ef1-4576-a2b9-3be5d5659cca_1.0.0.0_x86__g9admtwqf3shw'.&#xD;
</StdOut>
    </Output>
  </ResultSummary>
</TestRun>